 -0.6028472E+01 
 -0.6026929E+01 
 -0.6016407E+01 
 -0.6006296E+01 
 -0.6005787E+01 
 -0.6013531E+01 
 -0.6020939E+01 
 -0.6021744E+01 
 -0.6017066E+01 
 -0.6012293E+01 
 -0.6010977E+01 
 -0.6012468E+01 
 -0.6014346E+01 
 -0.6015369E+01 
 -0.6015643E+01 
 -0.6015273E+01 
 -0.6014192E+01 
 -0.6012969E+01 
 -0.6012614E+01 
 -0.6013309E+01 
 -0.6013976E+01 
 -0.6013625E+01 
 -0.6012715E+01 
 -0.6012619E+01 
 -0.6013756E+01 
 -0.6014723E+01 
 -0.6013799E+01 
 -0.6011283E+01 
 -0.6009656E+01 
 -0.6010891E+01 
 -0.6013932E+01 
 -0.6015597E+01 
 -0.6014050E+01 
 -0.6010753E+01 
 -0.6008790E+01 
 -0.6009690E+01 
 -0.6012169E+01 
 -0.6013734E+01 
 -0.6013148E+01 
 -0.6011293E+01 
 -0.6009907E+01 
 -0.6009843E+01 
 -0.6010613E+01 
 -0.6011240E+01 
 -0.6011242E+01 
 -0.6010846E+01 
 -0.6010510E+01 
 -0.6010406E+01 
 -0.6010366E+01 
 -0.6010195E+01 
 -0.6009880E+01 
 -0.6009559E+01 
 -0.6009444E+01 
 -0.6009730E+01 
 -0.6010324E+01 
 -0.6010650E+01 
 -0.6010054E+01 
 -0.6008651E+01 
 -0.6007554E+01 
 -0.6007889E+01 
 -0.6009504E+01 
 -0.6010886E+01 
 -0.6010568E+01 
 -0.6008652E+01 
 -0.6006799E+01 
 -0.6006613E+01 
 -0.6008093E+01 
 -0.6009722E+01 
 -0.6010027E+01 
 -0.6008881E+01 
 -0.6007390E+01 
 -0.6006721E+01 
 -0.6007134E+01 
 -0.6007986E+01 
 -0.6008478E+01 
 -0.6008321E+01 
 -0.6007797E+01 
 -0.6007329E+01 
 -0.6007113E+01 
 -0.6007111E+01 
 -0.6007213E+01 
 -0.6007307E+01 
 -0.6007293E+01 
 -0.6007153E+01 
 -0.6007010E+01 
 -0.6006991E+01 
 -0.6007003E+01 
 -0.6006812E+01 
 -0.6006406E+01 
 -0.6006153E+01 
 -0.6006414E+01 
 -0.6007026E+01 
 -0.6007329E+01 
 -0.6006866E+01 
 -0.6005965E+01 
 -0.6005454E+01 
 -0.6005787E+01 
 -0.6006580E+01 
 -0.6007057E+01 
 -0.6006824E+01 
 -0.6006153E+01 
 -0.6005613E+01 
 -0.6005556E+01 
 -0.6005908E+01 
 -0.6006314E+01 
 -0.6006456E+01 
 -0.6006273E+01 
 -0.6005942E+01 
 -0.6005711E+01 
 -0.6005723E+01 
 -0.6005904E+01 
 -0.6006045E+01 
 -0.6006024E+01 
 -0.6005918E+01 
 -0.6005900E+01 
 -0.6006014E+01 
 -0.6006102E+01 
 -0.6005985E+01 
 -0.6005722E+01 
 -0.6005609E+01 
 -0.6005868E+01 
 -0.6006349E+01 
 -0.6006616E+01 
 -0.6006407E+01 
 -0.6005927E+01 
 -0.6005635E+01 
 -0.6005800E+01 
 -0.6006289E+01 
 -0.6006751E+01 
 -0.6006897E+01 
 -0.6006679E+01 
 -0.6006295E+01 
 -0.6006070E+01 
 -0.6006234E+01 
 -0.6006720E+01 
 -0.6007176E+01 
 -0.6007271E+01 
 -0.6007016E+01 
 -0.6006763E+01 
 -0.6006837E+01 
 -0.6007190E+01 
 -0.6007474E+01 
 -0.6007498E+01 
 -0.6007473E+01 
 -0.6007677E+01 
 -0.6008044E+01 
 -0.6008225E+01 
 -0.6008056E+01 
 -0.6007810E+01 
 -0.6007917E+01 
 -0.6008477E+01 
 -0.6009106E+01 
 -0.6009336E+01 
 -0.6009112E+01 
 -0.6008821E+01 
 -0.6008864E+01 
 -0.6009281E+01 
 -0.6009818E+01 
 -0.6010217E+01 
 -0.6010378E+01 
 -0.6010347E+01 
 -0.6010265E+01 
 -0.6010326E+01 
 -0.6010681E+01 
 -0.6011257E+01 
 -0.6011756E+01 
 -0.6011916E+01 
 -0.6011804E+01 
 -0.6011781E+01 
 -0.6012117E+01 
 -0.6012697E+01 
 -0.6013171E+01 
 -0.6013353E+01 
 -0.6013400E+01 
 -0.6013594E+01 
 -0.6014010E+01 
 -0.6014484E+01 
 -0.6014825E+01 
 -0.6015004E+01 
 -0.6015161E+01 
 -0.6015475E+01 
 -0.6015986E+01 
 -0.6016544E+01 
 -0.6016938E+01 
 -0.6017094E+01 
 -0.6017176E+01 
 -0.6017443E+01 
 -0.6018024E+01 
 -0.6018761E+01 
 -0.6019342E+01 
 -0.6019603E+01 
 -0.6019684E+01 
 -0.6019877E+01 
 -0.6020367E+01 
 -0.6021097E+01 
 -0.6021840E+01 
 -0.6022373E+01 
 -0.6022628E+01 
 -0.6022761E+01 
 -0.6023050E+01 
 -0.6023663E+01 
 -0.6024514E+01 
 -0.6025303E+01 
 -0.6025778E+01 
 -0.6025975E+01 
 -0.6026207E+01 
 -0.6026748E+01 
 -0.6027557E+01 
 -0.6028348E+01 
 -0.6028907E+01 
 -0.6029297E+01 
 -0.6029764E+01 
 -0.6030435E+01 
 -0.6031202E+01 
 -0.6031860E+01 
 -0.6032363E+01 
 -0.6032866E+01 
 -0.6033518E+01 
 -0.6034298E+01 
 -0.6035098E+01 
 -0.6035857E+01 
 -0.6036529E+01 
 -0.6037064E+01 
 -0.6037533E+01 
 -0.6038169E+01 
 -0.6039126E+01 
 -0.6040246E+01 
 -0.6041168E+01 
 -0.6041690E+01 
 -0.6042018E+01 
 -0.6042569E+01 
 -0.6043559E+01 
 -0.6044798E+01 
 -0.6045886E+01 
 -0.6046598E+01 
 -0.6047074E+01 
 -0.6047650E+01 
 -0.6048536E+01 
 -0.6049669E+01 
 -0.6050814E+01 
 -0.6051765E+01 
 -0.6052500E+01 
 -0.6053191E+01 
 -0.6054045E+01 
 -0.6055107E+01 
 -0.6056253E+01 
 -0.6057311E+01 
 -0.6058201E+01 
 -0.6059001E+01 
 -0.6059901E+01 
 -0.6061030E+01 
 -0.6062297E+01 
 -0.6063455E+01 
 -0.6064373E+01 
 -0.6065181E+01 
 -0.6066139E+01 
 -0.6067375E+01 
 -0.6068735E+01 
 -0.6069944E+01 
 -0.6070909E+01 
 -0.6071816E+01 
 -0.6072917E+01 
 -0.6074265E+01 
 -0.6075661E+01 
 -0.6076879E+01 
 -0.6077907E+01 
 -0.6078943E+01 
 -0.6080166E+01 
 -0.6081552E+01 
 -0.6082948E+01 
 -0.6084263E+01 
 -0.6085509E+01 
 -0.6086722E+01 
 -0.6087926E+01 
 -0.6089184E+01 
 -0.6090599E+01 
 -0.6092157E+01 
 -0.6093669E+01 
 -0.6094956E+01 
 -0.6096098E+01 
 -0.6097366E+01 
 -0.6098910E+01 
 -0.6100586E+01 
 -0.6102132E+01 
 -0.6103460E+01 
 -0.6104733E+01 
 -0.6106173E+01 
 -0.6107832E+01 
 -0.6109545E+01 
 -0.6111107E+01 
 -0.6112484E+01 
 -0.6113843E+01 
 -0.6115395E+01 
 -0.6117183E+01 
 -0.6119028E+01 
 -0.6120691E+01 
 -0.6122119E+01 
 -0.6123511E+01 
 -0.6125113E+01 
 -0.6126972E+01 
 -0.6128905E+01 
 -0.6130690E+01 
 -0.6132290E+01 
 -0.6133849E+01 
 -0.6135512E+01 
 -0.6137302E+01 
 -0.6139161E+01 
 -0.6141045E+01 
 -0.6142925E+01 
 -0.6144753E+01 
 -0.6146493E+01 
 -0.6148201E+01 
 -0.6150001E+01 
 -0.6151957E+01 
 -0.6154002E+01 
 -0.6155996E+01 
 -0.6157871E+01 
 -0.6159700E+01 
 -0.6161598E+01 
 -0.6163574E+01 
 -0.6165559E+01 
 -0.6167548E+01 
 -0.6169593E+01 
 -0.6171694E+01 
 -0.6173772E+01 
 -0.6175770E+01 
 -0.6177725E+01 
 -0.6179724E+01 
 -0.6181811E+01 
 -0.6183971E+01 
 -0.6186187E+01 
 -0.6188425E+01 
 -0.6190602E+01 
 -0.6192650E+01 
 -0.6194640E+01 
 -0.6196744E+01 
 -0.6199052E+01 
 -0.6201461E+01 
 -0.6203778E+01 
 -0.6205933E+01 
 -0.6208040E+01 
 -0.6210249E+01 
 -0.6212589E+01 
 -0.6214961E+01 
 -0.6217270E+01 
 -0.6219537E+01 
 -0.6221854E+01 
 -0.6224250E+01 
 -0.6226648E+01 
 -0.6228966E+01 
 -0.6231245E+01 
 -0.6233605E+01 
 -0.6236091E+01 
 -0.6238617E+01 
 -0.6241069E+01 
 -0.6243443E+01 
 -0.6245834E+01 
 -0.6248307E+01 
 -0.6250815E+01 
 -0.6253269E+01 
 -0.6255691E+01 
 -0.6258218E+01 
 -0.6260900E+01 
 -0.6263583E+01 
 -0.6266063E+01 
 -0.6268368E+01 
 -0.6270747E+01 
 -0.6273384E+01 
 -0.6276202E+01 
 -0.6278975E+01 
 -0.6281556E+01 
 -0.6283987E+01 
 -0.6286428E+01 
 -0.6289005E+01 
 -0.6291736E+01 
 -0.6294550E+01 
 -0.6297355E+01 
 -0.6300052E+01 
 -0.6302569E+01 
 -0.6304969E+01 
 -0.6307497E+01 
 -0.6310351E+01 
 -0.6313433E+01 
 -0.6316401E+01 
 -0.6319004E+01 
 -0.6321327E+01 
 -0.6323718E+01 
 -0.6326489E+01 
 -0.6329609E+01 
 -0.6332727E+01 
 -0.6335524E+01 
 -0.6338005E+01 
 -0.6340440E+01 
 -0.6343095E+01 
 -0.6346033E+01 
 -0.6349102E+01 
 -0.6352061E+01 
 -0.6354777E+01 
 -0.6357333E+01 
 -0.6359944E+01 
 -0.6362752E+01 
 -0.6365715E+01 
 -0.6368671E+01 
 -0.6371506E+01 
 -0.6374224E+01 
 -0.6376922E+01 
 -0.6379688E+01 
 -0.6382542E+01 
 -0.6385416E+01 
 -0.6388245E+01 
 -0.6391030E+01 
 -0.6393835E+01 
 -0.6396698E+01 
 -0.6399557E+01 
 -0.6402332E+01 
 -0.6405053E+01 
 -0.6407811E+01 
 -0.6410664E+01 
 -0.6413573E+01 
 -0.6416434E+01 
 -0.6419190E+01 
 -0.6421881E+01 
 -0.6424590E+01 
 -0.6427371E+01 
 -0.6430214E+01 
 -0.6433086E+01 
 -0.6435922E+01 
 -0.6438658E+01 
 -0.6441290E+01 
 -0.6443909E+01 
 -0.6446634E+01 
 -0.6449487E+01 
 -0.6452351E+01 
 -0.6455101E+01 
 -0.6457752E+01 
 -0.6460398E+01 
 -0.6463046E+01 
 -0.6465649E+01 
 -0.6468236E+01 
 -0.6470919E+01 
 -0.6473753E+01 
 -0.6476618E+01 
 -0.6479277E+01 
 -0.6481623E+01 
 -0.6483853E+01 
 -0.6486332E+01 
 -0.6489191E+01 
 -0.6492144E+01 
 -0.6494785E+01 
 -0.6497024E+01 
 -0.6499162E+01 
 -0.6501541E+01 
 -0.6504206E+01 
 -0.6506919E+01 
 -0.6509431E+01 
 -0.6511722E+01 
 -0.6513946E+01 
 -0.6516228E+01 
 -0.6518577E+01 
 -0.6520973E+01 
 -0.6523393E+01 
 -0.6525769E+01 
 -0.6528003E+01 
 -0.6530094E+01 
 -0.6532170E+01 
 -0.6534361E+01 
 -0.6536656E+01 
 -0.6538920E+01 
 -0.6541036E+01 
 -0.6543009E+01 
 -0.6544954E+01 
 -0.6546973E+01 
 -0.6549056E+01 
 -0.6551087E+01 
 -0.6552982E+01 
 -0.6554787E+01 
 -0.6556625E+01 
 -0.6558543E+01 
 -0.6560452E+01 
 -0.6562239E+01 
 -0.6563891E+01 
 -0.6565493E+01 
 -0.6567139E+01 
 -0.6568845E+01 
 -0.6570534E+01 
 -0.6572099E+01 
 -0.6573521E+01 
 -0.6574905E+01 
 -0.6576357E+01 
 -0.6577857E+01 
 -0.6579285E+01 
 -0.6580566E+01 
 -0.6581739E+01 
 -0.6582894E+01 
 -0.6584096E+01 
 -0.6585334E+01 
 -0.6586535E+01 
 -0.6587605E+01 
 -0.6588510E+01 
 -0.6589308E+01 
 -0.6590112E+01 
 -0.6591018E+01 
 -0.6592011E+01 
 -0.6592951E+01 
 -0.6593656E+01 
 -0.6594092E+01 
 -0.6594443E+01 
 -0.6594937E+01 
 -0.6595616E+01 
 -0.6596278E+01 
 -0.6596696E+01 
 -0.6596874E+01 
 -0.6597011E+01 
 -0.6597234E+01 
 -0.6597458E+01 
 -0.6597519E+01 
 -0.6597397E+01 
 -0.6597275E+01 
 -0.6597297E+01 
 -0.6597381E+01 
 -0.6597267E+01 
 -0.6596797E+01 
 -0.6596104E+01 
 -0.6595482E+01 
 -0.6595086E+01 
 -0.6594815E+01 
 -0.6594424E+01 
 -0.6593746E+01 
 -0.6592777E+01 
 -0.6591650E+01 
 -0.6590545E+01 
 -0.6589589E+01 
 -0.6588754E+01 
 -0.6587881E+01 
 -0.6586757E+01 
 -0.6585278E+01 
 -0.6583547E+01 
 -0.6581847E+01 
 -0.6580417E+01 
 -0.6579165E+01 
 -0.6577714E+01 
 -0.6575805E+01 
 -0.6573590E+01 
 -0.6571453E+01 
 -0.6569550E+01 
 -0.6567649E+01 
 -0.6565462E+01 
 -0.6563000E+01 
 -0.6560506E+01 
 -0.6558101E+01 
 -0.6555637E+01 
 -0.6552942E+01 
 -0.6550050E+01 
 -0.6547133E+01 
 -0.6544254E+01 
 -0.6541304E+01 
 -0.6538176E+01 
 -0.6534882E+01 
 -0.6531495E+01 
 -0.6528050E+01 
 -0.6524515E+01 
 -0.6520864E+01 
 -0.6517117E+01 
 -0.6513295E+01 
 -0.6509375E+01 
 -0.6505318E+01 
 -0.6501108E+01 
 -0.6496776E+01 
 -0.6492381E+01 
 -0.6487959E+01 
 -0.6483456E+01 
 -0.6478761E+01 
 -0.6473844E+01 
 -0.6468810E+01 
 -0.6463778E+01 
 -0.6458721E+01 
 -0.6453501E+01 
 -0.6448056E+01 
 -0.6442458E+01 
 -0.6436818E+01 
 -0.6431136E+01 
 -0.6425325E+01 
 -0.6419316E+01 
 -0.6413132E+01 
 -0.6406859E+01 
 -0.6400541E+01 
 -0.6394134E+01 
 -0.6387550E+01 
 -0.6380760E+01 
 -0.6373835E+01 
 -0.6366855E+01 
 -0.6359803E+01 
 -0.6352586E+01 
 -0.6345175E+01 
 -0.6337638E+01 
 -0.6330010E+01 
 -0.6322233E+01 
 -0.6314255E+01 
 -0.6306152E+01 
 -0.6298037E+01 
 -0.6289880E+01 
 -0.6281487E+01 
 -0.6272734E+01 
 -0.6263753E+01 
 -0.6254802E+01 
 -0.6245975E+01 
 -0.6237085E+01 
 -0.6227870E+01 
 -0.6218272E+01 
 -0.6208437E+01 
 -0.6198539E+01 
 -0.6188666E+01 
 -0.6178818E+01 
 -0.6168891E+01 
 -0.6158701E+01 
 -0.6148116E+01 
 -0.6137199E+01 
 -0.6126187E+01 
 -0.6115265E+01 
 -0.6104412E+01 
 -0.6093420E+01 
 -0.6082087E+01 
 -0.6070380E+01 
 -0.6058469E+01 
 -0.6046542E+01 
 -0.6034619E+01 
 -0.6022543E+01 
 -0.6010183E+01 
 -0.5997609E+01 
 -0.5984982E+01 
 -0.5972321E+01 
 -0.5959430E+01 
 -0.5946141E+01 
 -0.5932569E+01 
 -0.5919024E+01 
 -0.5905636E+01 
 -0.5892175E+01 
 -0.5878292E+01 
 -0.5863916E+01 
 -0.5849320E+01 
 -0.5834789E+01 
 -0.5820336E+01 
 -0.5805762E+01 
 -0.5790900E+01 
 -0.5775718E+01 
 -0.5760276E+01 
 -0.5744665E+01 
 -0.5728982E+01 
 -0.5713267E+01 
 -0.5697435E+01 
 -0.5681336E+01 
 -0.5664908E+01 
 -0.5648268E+01 
 -0.5631585E+01 
 -0.5614879E+01 
 -0.5597974E+01 
 -0.5580683E+01 
 -0.5563061E+01 
 -0.5545389E+01 
 -0.5527867E+01 
 -0.5510327E+01 
 -0.5492389E+01 
 -0.5473881E+01 
 -0.5455036E+01 
 -0.5436258E+01 
 -0.5417706E+01 
 -0.5399149E+01 
 -0.5380209E+01 
 -0.5360739E+01 
 -0.5340917E+01 
 -0.5321034E+01 
 -0.5301220E+01 
 -0.5281396E+01 
 -0.5261394E+01 
 -0.5241071E+01 
 -0.5220400E+01 
 -0.5199457E+01 
 -0.5178377E+01 
 -0.5157278E+01 
 -0.5136168E+01 
 -0.5114911E+01 
 -0.5093319E+01 
 -0.5071321E+01 
 -0.5049061E+01 
 -0.5026793E+01 
 -0.5004624E+01 
 -0.4982359E+01 
 -0.4959679E+01 
 -0.4936525E+01 
 -0.4913202E+01 
 -0.4890027E+01 
 -0.4866917E+01 
 -0.4843475E+01 
 -0.4819484E+01 
 -0.4795192E+01 
 -0.4770996E+01 
 -0.4746969E+01 
 -0.4722785E+01 
 -0.4698118E+01 
 -0.4672980E+01 
 -0.4647674E+01 
 -0.4622461E+01 
 -0.4597328E+01 
 -0.4572053E+01 
 -0.4546425E+01 
 -0.4520411E+01 
 -0.4494138E+01 
 -0.4467756E+01 
 -0.4441350E+01 
 -0.4414924E+01 
 -0.4388389E+01 
 -0.4361601E+01 
 -0.4334466E+01 
 -0.4307018E+01 
 -0.4279421E+01 
 -0.4251832E+01 
 -0.4224261E+01 
 -0.4196557E+01 
 -0.4168546E+01 
 -0.4140201E+01 
 -0.4111670E+01 
 -0.4083093E+01 
 -0.4054461E+01 
 -0.4025651E+01 
 -0.3996596E+01 
 -0.3967379E+01 
 -0.3938086E+01 
 -0.3908686E+01 
 -0.3879061E+01 
 -0.3849167E+01 
 -0.3819106E+01 
 -0.3789006E+01 
 -0.3758865E+01 
 -0.3728574E+01 
 -0.3698063E+01 
 -0.3667354E+01 
 -0.3636500E+01 
 -0.3605498E+01 
 -0.3574343E+01 
 -0.3543082E+01 
 -0.3511760E+01 
 -0.3480353E+01 
 -0.3448766E+01 
 -0.3416952E+01 
 -0.3384964E+01 
 -0.3352886E+01 
 -0.3320753E+01 
 -0.3288512E+01 
 -0.3256106E+01 
 -0.3223545E+01 
 -0.3190898E+01 
 -0.3158196E+01 
 -0.3125362E+01 
 -0.3092311E+01 
 -0.3059067E+01 
 -0.3025776E+01 
 -0.2992538E+01 
 -0.2959288E+01 
 -0.2925849E+01 
 -0.2892119E+01 
 -0.2858188E+01 
 -0.2824245E+01 
 -0.2790380E+01 
 -0.2756498E+01 
 -0.2722455E+01 
 -0.2688228E+01 
 -0.2653882E+01 
 -0.2619467E+01 
 -0.2584974E+01 
 -0.2550400E+01 
 -0.2515783E+01 
 -0.2481164E+01 
 -0.2446515E+01 
 -0.2411747E+01 
 -0.2376795E+01 
 -0.2341693E+01 
 -0.2306574E+01 
 -0.2271558E+01 
 -0.2236603E+01 
 -0.2201526E+01 
 -0.2166223E+01 
 -0.2130809E+01 
 -0.2095457E+01 
 -0.2060181E+01 
 -0.2024842E+01 
 -0.1989356E+01 
 -0.1953803E+01 
 -0.1918326E+01 
 -0.1882931E+01 
 -0.1847489E+01 
 -0.1811894E+01 
 -0.1776181E+01 
 -0.1740479E+01 
 -0.1704895E+01 
 -0.1669435E+01 
 -0.1633996E+01 
 -0.1598441E+01 
 -0.1562721E+01 
 -0.1526934E+01 
 -0.1491268E+01 
 -0.1455818E+01 
 -0.1420476E+01 
 -0.1385051E+01 
 -0.1349479E+01 
 -0.1313882E+01 
 -0.1278406E+01 
 -0.1243060E+01 
 -0.1207771E+01 
 -0.1172496E+01 
 -0.1137244E+01 
 -0.1102038E+01 
 -0.1066901E+01 
 -0.1031826E+01 
 -0.9967966E+00 
 -0.9618153E+00 
 -0.9269278E+00 
 -0.8921719E+00 
 -0.8575271E+00 
 -0.8229432E+00 
 -0.7883940E+00 
 -0.7538979E+00 
 -0.7194993E+00 
 -0.6852316E+00 
 -0.6511206E+00 
 -0.6171805E+00 
 -0.5833916E+00 
 -0.5496761E+00 
 -0.5159703E+00 
 -0.4823079E+00 
 -0.4488196E+00 
 -0.4156168E+00 
 -0.3826790E+00 
 -0.3498854E+00 
 -0.3171209E+00 
 -0.2843737E+00 
 -0.2517466E+00 
 -0.2193873E+00 
 -0.1873547E+00 
 -0.1555684E+00 
 -0.1238827E+00 
 -0.9224382E-01 
 -0.6075599E-01 
 -0.2956654E-01 
  0.1311262E-02 
  0.3201493E-01 
  0.6263451E-01 
  0.9307056E-01 
  0.1231531E+00 
  0.1528648E+00 
  0.1823628E+00 
  0.2117790E+00 
  0.2410847E+00 
  0.2701223E+00 
  0.2987573E+00 
  0.3269896E+00 
  0.3549318E+00 
  0.3827001E+00 
  0.4103127E+00 
  0.4376941E+00 
  0.4647572E+00 
  0.4914576E+00 
  0.5177682E+00 
  0.5436935E+00 
  0.5693025E+00 
  0.5947123E+00 
  0.6199548E+00 
  0.6449048E+00 
  0.6693872E+00 
  0.6933530E+00 
  0.7169293E+00 
  0.7402650E+00 
  0.7633585E+00 
  0.7860741E+00 
  0.8083330E+00 
  0.8302091E+00 
  0.8517830E+00 
  0.8729963E+00 
  0.8937065E+00 
  0.9138825E+00 
  0.9336551E+00 
  0.9531760E+00 
  0.9724389E+00 
  0.9912522E+00 
  0.1009430E+01 
  0.1026994E+01 
  0.1044146E+01 
  0.1061043E+01 
  0.1077633E+01 
  0.1093706E+01 
  0.1109121E+01 
  0.1123958E+01 
  0.1138402E+01 
  0.1152499E+01 
  0.1166094E+01 
  0.1179058E+01 
  0.1191457E+01 
  0.1203432E+01 
  0.1214983E+01 
  0.1225964E+01 
  0.1236284E+01 
  0.1246027E+01 
  0.1255313E+01 
  0.1264131E+01 
  0.1272352E+01 
  0.1279909E+01 
  0.1286865E+01 
  0.1293303E+01 
  0.1299198E+01 
  0.1304462E+01 
  0.1309070E+01 
  0.1313082E+01 
  0.1316531E+01 
  0.1319354E+01 
  0.1321493E+01 
  0.1322973E+01 
  0.1323859E+01 
  0.1324148E+01 
  0.1323760E+01 
  0.1322637E+01 
  0.1320816E+01 
  0.1318363E+01 
  0.1315283E+01 
  0.1311518E+01 
  0.1307023E+01 
  0.1301793E+01 
  0.1295847E+01 
  0.1289188E+01 
  0.1281822E+01 
  0.1273751E+01 
  0.1264949E+01 
  0.1255381E+01 
  0.1245037E+01 
  0.1233935E+01 
  0.1222086E+01 
  0.1209475E+01 
  0.1196088E+01 
  0.1181923E+01 
  0.1166969E+01 
  0.1151194E+01 
  0.1134589E+01 
  0.1117195E+01 
  0.1099039E+01 
  0.1080073E+01 
  0.1060222E+01 
  0.1039478E+01 
  0.1017908E+01 
  0.9955470E+00 
  0.9723509E+00 
  0.9482554E+00 
  0.9232689E+00 
  0.8974499E+00 
  0.8708002E+00 
  0.8432305E+00 
  0.8146557E+00 
  0.7851078E+00 
  0.7547189E+00 
  0.7235866E+00 
  0.6916599E+00 
  0.6587466E+00 
  0.6246870E+00 
  0.5895209E+00 
  0.5534366E+00 
  0.5165916E+00 
  0.4789771E+00 
  0.4404538E+00 
  0.4008678E+00 
  0.3601307E+00 
  0.3182591E+00 
  0.2753933E+00 
  0.2316972E+00 
  0.1872088E+00 
  0.1417901E+00 
  0.9524669E-01 
  0.4750749E-01 
 -0.1334785E-02 
 -0.5114333E-01 
 -0.1018903E+00 
 -0.1536308E+00 
 -0.2064087E+00 
 -0.2602214E+00 
 -0.3150705E+00 
 -0.3710123E+00 
 -0.4281017E+00 
 -0.4863279E+00 
 -0.5456143E+00 
 -0.6058892E+00 
 -0.6671540E+00 
 -0.7294704E+00 
 -0.7929080E+00 
 -0.8575155E+00 
 -0.9233121E+00 
 -0.9902819E+00 
 -0.1058357E+01 
 -0.1127450E+01 
 -0.1197527E+01 
 -0.1268648E+01 
 -0.1340944E+01 
 -0.1414541E+01 
 -0.1489463E+01 
 -0.1565581E+01 
 -0.1642698E+01 
 -0.1720718E+01 
 -0.1799756E+01 
 -0.1880041E+01 
 -0.1961715E+01 
 -0.2044726E+01 
 -0.2128919E+01 
 -0.2214195E+01 
 -0.2300526E+01 
 -0.2387909E+01 
 -0.2476381E+01 
 -0.2566078E+01 
 -0.2657186E+01 
 -0.2749770E+01 
 -0.2843627E+01 
 -0.2938428E+01 
 -0.3034036E+01 
 -0.3130692E+01 
 -0.3228797E+01 
 -0.3328502E+01 
 -0.3429600E+01 
 -0.3531789E+01 
 -0.3634943E+01 
 -0.3739141E+01 
 -0.3844538E+01 
 -0.3951250E+01 
 -0.4059340E+01 
 -0.4168816E+01 
 -0.4279602E+01 
 -0.4391529E+01 
 -0.4504470E+01 
 -0.4618486E+01 
 -0.4733789E+01 
 -0.4850544E+01 
 -0.4968713E+01 
 -0.5088105E+01 
 -0.5208578E+01 
 -0.5330191E+01 
 -0.5453103E+01 
 -0.5577362E+01 
 -0.5702858E+01 
 -0.5829488E+01 
 -0.5957308E+01 
 -0.6086477E+01 
 -0.6217062E+01 
 -0.6348965E+01 
 -0.6482013E+01 
 -0.6616114E+01 
 -0.6751337E+01 
 -0.6887843E+01 
 -0.7025773E+01 
 -0.7165161E+01 
 -0.7305886E+01 
 -0.7447729E+01 
 -0.7590546E+01 
 -0.7734407E+01 
 -0.7879551E+01 
 -0.8026209E+01 
 -0.8174392E+01 
 -0.8323866E+01 
 -0.8474345E+01 
 -0.8625750E+01 
 -0.8778275E+01 
 -0.8932178E+01 
 -0.9087564E+01 
 -0.9244328E+01 
 -0.9402261E+01 
 -0.9561221E+01 
 -0.9721240E+01 
 -0.9882480E+01 
 -0.1004507E+02 
 -0.1020898E+02 
 -0.1037408E+02 
 -0.1054029E+02 
 -0.1070765E+02 
 -0.1087622E+02 
 -0.1104607E+02 
 -0.1121716E+02 
 -0.1138935E+02 
 -0.1156257E+02 
 -0.1173688E+02 
 -0.1191251E+02 
 -0.1208956E+02 
 -0.1226787E+02 
 -0.1244712E+02 
 -0.1262717E+02 
 -0.1280822E+02 
 -0.1299065E+02 
 -0.1317463E+02 
 -0.1335993E+02 
 -0.1354609E+02 
 -0.1373290E+02 
 -0.1392060E+02 
 -0.1410962E+02 
 -0.1430015E+02 
 -0.1449201E+02 
 -0.1468480E+02 
 -0.1487831E+02 
 -0.1507264E+02 
 -0.1526807E+02 
 -0.1546482E+02 
 -0.1566287E+02 
 -0.1586197E+02 
 -0.1606188E+02 
 -0.1626257E+02 
 -0.1646423E+02 
 -0.1666706E+02 
 -0.1687107E+02 
 -0.1707608E+02 
 -0.1728192E+02 
 -0.1748861E+02 
 -0.1769625E+02 
 -0.1790494E+02 
 -0.1811464E+02 
 -0.1832523E+02 
 -0.1853666E+02 
 -0.1874894E+02 
 -0.1896214E+02 
 -0.1917628E+02 
 -0.1939134E+02 
 -0.1960725E+02 
 -0.1982396E+02 
 -0.2004145E+02 
 -0.2025976E+02 
 -0.2047892E+02 
 -0.2069896E+02 
 -0.2091981E+02 
 -0.2114142E+02 
 -0.2136372E+02 
 -0.2158672E+02 
 -0.2181049E+02 
 -0.2203505E+02 
 -0.2226039E+02 
 -0.2248642E+02 
 -0.2271309E+02 
 -0.2294037E+02 
 -0.2316829E+02 
 -0.2339693E+02 
 -0.2362632E+02 
 -0.2385635E+02 
 -0.2408689E+02 
 -0.2431786E+02 
 -0.2454940E+02 
 -0.2478169E+02 
 -0.2501472E+02 
 -0.2524822E+02 
 -0.2548199E+02 
 -0.2571612E+02 
 -0.2595087E+02 
 -0.2618636E+02 
 -0.2642239E+02 
 -0.2665866E+02 
 -0.2689513E+02 
 -0.2713204E+02 
 -0.2736956E+02 
 -0.2760761E+02 
 -0.2784593E+02 
 -0.2808440E+02 
 -0.2832313E+02 
 -0.2856228E+02 
 -0.2880185E+02 
 -0.2904171E+02 
 -0.2928179E+02 
 -0.2952205E+02 
 -0.2976249E+02 
 -0.3000307E+02 
 -0.3024382E+02 
 -0.3048486E+02 
 -0.3072624E+02 
 -0.3096778E+02 
 -0.3120920E+02 
 -0.3145044E+02 
 -0.3169174E+02 
 -0.3193335E+02 
 -0.3217528E+02 
 -0.3241724E+02 
 -0.3265893E+02 
 -0.3290030E+02 
 -0.3314159E+02 
 -0.3338304E+02 
 -0.3362464E+02 
 -0.3386615E+02 
 -0.3410733E+02 
 -0.3434816E+02 
 -0.3458879E+02 
 -0.3482936E+02 
 -0.3506985E+02 
 -0.3531009E+02 
 -0.3554995E+02 
 -0.3578943E+02 
 -0.3602860E+02 
 -0.3626750E+02 
 -0.3650610E+02 
 -0.3674431E+02 
 -0.3698206E+02 
 -0.3721931E+02 
 -0.3745609E+02 
 -0.3769248E+02 
 -0.3792847E+02 
 -0.3816395E+02 
 -0.3839879E+02 
 -0.3863289E+02 
 -0.3886635E+02 
 -0.3909929E+02 
 -0.3933180E+02 
 -0.3956375E+02 
 -0.3979490E+02 
 -0.4002510E+02 
 -0.4025442E+02 
 -0.4048307E+02 
 -0.4071112E+02 
 -0.4093847E+02 
 -0.4116493E+02 
 -0.4139041E+02 
 -0.4161496E+02 
 -0.4183859E+02 
 -0.4206125E+02 
 -0.4228292E+02 
 -0.4250365E+02 
 -0.4272352E+02 
 -0.4294245E+02 
 -0.4316023E+02 
 -0.4337669E+02 
 -0.4359188E+02 
 -0.4380601E+02 
 -0.4401917E+02 
 -0.4423127E+02 
 -0.4444211E+02 
 -0.4465156E+02 
 -0.4485965E+02 
 -0.4506643E+02 
 -0.4527188E+02 
 -0.4547596E+02 
 -0.4567866E+02 
 -0.4588005E+02 
 -0.4608012E+02 
 -0.4627871E+02 
 -0.4647560E+02 
 -0.4667076E+02 
 -0.4686436E+02 
 -0.4705656E+02 
 -0.4724735E+02 
 -0.4743652E+02 
 -0.4762390E+02 
 -0.4780943E+02 
 -0.4799317E+02 
 -0.4817518E+02 
 -0.4835548E+02 
 -0.4853404E+02 
 -0.4871082E+02 
 -0.4888573E+02 
 -0.4905869E+02 
 -0.4922963E+02 
 -0.4939855E+02 
 -0.4956552E+02 
 -0.4973055E+02 
 -0.4989361E+02 
 -0.5005462E+02 
 -0.5021352E+02 
 -0.5037025E+02 
 -0.5052477E+02 
 -0.5067707E+02 
 -0.5082715E+02 
 -0.5097503E+02 
 -0.5112073E+02 
 -0.5126421E+02 
 -0.5140537E+02 
 -0.5154409E+02 
 -0.5168032E+02 
 -0.5181405E+02 
 -0.5194535E+02 
 -0.5207430E+02 
 -0.5220093E+02 
 -0.5232510E+02 
 -0.5244661E+02 
 -0.5256530E+02 
 -0.5268121E+02 
 -0.5279453E+02 
 -0.5290541E+02 
 -0.5301379E+02 
 -0.5311942E+02 
 -0.5322208E+02 
 -0.5332173E+02 
 -0.5341852E+02 
 -0.5351259E+02 
 -0.5360395E+02 
 -0.5369247E+02 
 -0.5377797E+02 
 -0.5386034E+02 
 -0.5393964E+02 
 -0.5401596E+02 
 -0.5408934E+02 
 -0.5415968E+02 
 -0.5422685E+02 
 -0.5429076E+02 
 -0.5435147E+02 
 -0.5440907E+02 
 -0.5446359E+02 
 -0.5451490E+02 
 -0.5456283E+02 
 -0.5460727E+02 
 -0.5464828E+02 
 -0.5468605E+02 
 -0.5472066E+02 
 -0.5475199E+02 
 -0.5477983E+02 
 -0.5480398E+02 
 -0.5482447E+02 
 -0.5484145E+02 
 -0.5485504E+02 
 -0.5486525E+02 
 -0.5487193E+02 
 -0.5487491E+02 
 -0.5487406E+02 
 -0.5486944E+02 
 -0.5486116E+02 
 -0.5484928E+02 
 -0.5483373E+02 
 -0.5481441E+02 
 -0.5479122E+02 
 -0.5476412E+02 
 -0.5473316E+02 
 -0.5469838E+02 
 -0.5465975E+02 
 -0.5461717E+02 
 -0.5457054E+02 
 -0.5451987E+02 
 -0.5446526E+02 
 -0.5440680E+02 
 -0.5434436E+02 
 -0.5427773E+02 
 -0.5420675E+02 
 -0.5413155E+02 
 -0.5405233E+02 
 -0.5396919E+02 
 -0.5388200E+02 
 -0.5379050E+02 
 -0.5369454E+02 
 -0.5359417E+02 
 -0.5348956E+02 
 -0.5338080E+02 
 -0.5326788E+02 
 -0.5315066E+02 
 -0.5302902E+02 
 -0.5290286E+02 
 -0.5277220E+02 
 -0.5263711E+02 
 -0.5249770E+02 
 -0.5235399E+02 
 -0.5220589E+02 
 -0.5205321E+02 
 -0.5189585E+02 
 -0.5173385E+02 
 -0.5156738E+02 
 -0.5139652E+02 
 -0.5122118E+02 
 -0.5104120E+02 
 -0.5085648E+02 
 -0.5066704E+02 
 -0.5047298E+02 
 -0.5027435E+02 
 -0.5007111E+02 
 -0.4986313E+02 
 -0.4965036E+02 
 -0.4943285E+02 
 -0.4921067E+02 
 -0.4898379E+02 
 -0.4875210E+02 
 -0.4851549E+02 
 -0.4827405E+02 
 -0.4802790E+02 
 -0.4777707E+02 
 -0.4752144E+02 
 -0.4726085E+02 
 -0.4699524E+02 
 -0.4672469E+02 
 -0.4644935E+02 
 -0.4616925E+02 
 -0.4588432E+02 
 -0.4559446E+02 
 -0.4529957E+02 
 -0.4499966E+02 
 -0.4469476E+02 
 -0.4438495E+02 
 -0.4407030E+02 
 -0.4375077E+02 
 -0.4342628E+02 
 -0.4309671E+02 
 -0.4276202E+02 
 -0.4242232E+02 
 -0.4207772E+02 
 -0.4172828E+02 
 -0.4137388E+02 
 -0.4101435E+02 
 -0.4064970E+02 
 -0.4028002E+02 
 -0.3990543E+02 
 -0.3952587E+02 
 -0.3914128E+02 
 -0.3875160E+02 
 -0.3835688E+02 
 -0.3795718E+02 
 -0.3755250E+02 
 -0.3714282E+02 
 -0.3672807E+02 
 -0.3630821E+02 
 -0.3588328E+02 
 -0.3545337E+02 
 -0.3501853E+02 
 -0.3457876E+02 
 -0.3413396E+02 
 -0.3368404E+02 
 -0.3322899E+02 
 -0.3276891E+02 
 -0.3230389E+02 
 -0.3183399E+02 
 -0.3135916E+02 
 -0.3087930E+02 
 -0.3039435E+02 
 -0.2990432E+02 
 -0.2940931E+02 
 -0.2890942E+02 
 -0.2840468E+02 
 -0.2789499E+02 
 -0.2738025E+02 
 -0.2686046E+02 
 -0.2633575E+02 
 -0.2580621E+02 
 -0.2527183E+02 
 -0.2473251E+02 
 -0.2418817E+02 
 -0.2363889E+02 
 -0.2308478E+02 
 -0.2252592E+02 
 -0.2196222E+02 
 -0.2139357E+02 
 -0.2081997E+02 
 -0.2024155E+02 
 -0.1965844E+02 
 -0.1907063E+02 
 -0.1847804E+02 
 -0.1788055E+02 
 -0.1727821E+02 
 -0.1667110E+02 
 -0.1605934E+02 
 -0.1544297E+02 
 -0.1482197E+02 
 -0.1419632E+02 
 -0.1356596E+02 
 -0.1293083E+02 
 -0.1229102E+02 
 -0.1164667E+02 
 -0.1099793E+02 
 -0.1034479E+02 
 -0.9687114E+01 
 -0.9024779E+01 
 -0.8357832E+01 
 -0.7686453E+01 
 -0.7010788E+01 
 -0.6330856E+01 
 -0.5646595E+01 
 -0.4957989E+01 
 -0.4265086E+01 
 -0.3567918E+01 
 -0.2866459E+01 
 -0.2160696E+01 
 -0.1450740E+01 
 -0.7367886E+00 
 -0.1894838E-01 
  0.7028812E+00 
  0.1428893E+01 
  0.2159151E+01 
  0.2893509E+01 
  0.3631723E+01 
  0.4373642E+01 
  0.5119274E+01 
  0.5868724E+01 
  0.6622090E+01 
  0.7379401E+01 
  0.8140573E+01 
  0.8905433E+01 
  0.9673816E+01 
  0.1044568E+02 
  0.1122110E+02 
  0.1200018E+02 
  0.1278291E+02 
  0.1356915E+02 
  0.1435879E+02 
  0.1515178E+02 
  0.1594815E+02 
  0.1674785E+02 
  0.1755075E+02 
  0.1835681E+02 
  0.1916607E+02 
  0.1997861E+02 
  0.2079440E+02 
  0.2161327E+02 
  0.2243503E+02 
  0.2325958E+02 
  0.2408700E+02 
  0.2491740E+02 
  0.2575084E+02 
  0.2658724E+02 
  0.2742644E+02 
  0.2826824E+02 
  0.2911250E+02 
  0.2995923E+02 
  0.3080853E+02 
  0.3166055E+02 
  0.3251529E+02 
  0.3337254E+02 
  0.3423197E+02 
  0.3509337E+02 
  0.3595682E+02 
  0.3682249E+02 
  0.3769050E+02 
  0.3856070E+02 
  0.3943284E+02 
  0.4030676E+02 
  0.4118244E+02 
  0.4205990E+02 
  0.4293914E+02 
  0.4382012E+02 
  0.4470279E+02 
  0.4558713E+02 
  0.4647310E+02 
  0.4736064E+02 
  0.4824966E+02 
  0.4914010E+02 
  0.5003188E+02 
  0.5092499E+02 
  0.5181944E+02 
  0.5271524E+02 
  0.5361231E+02 
  0.5451050E+02 
  0.5540961E+02 
  0.5630952E+02 
  0.5721021E+02 
  0.5811174E+02 
  0.5901412E+02 
  0.5991724E+02 
  0.6082088E+02 
  0.6172485E+02 
  0.6262911E+02 
  0.6353370E+02 
  0.6443866E+02 
  0.6534399E+02 
  0.6624957E+02 
  0.6715522E+02 
  0.6806080E+02 
  0.6896628E+02 
  0.6987175E+02 
  0.7077728E+02 
  0.7168275E+02 
  0.7258794E+02 
  0.7349264E+02 
  0.7439685E+02 
  0.7530063E+02 
  0.7620403E+02 
  0.7710689E+02 
  0.7800899E+02 
  0.7891019E+02 
  0.7981046E+02 
  0.8070985E+02 
  0.8160836E+02 
  0.8250588E+02 
  0.8340221E+02 
  0.8429722E+02 
  0.8519090E+02 
  0.8608332E+02 
  0.8697447E+02 
  0.8786424E+02 
  0.8875242E+02 
  0.8963893E+02 
  0.9052373E+02 
  0.9140679E+02 
  0.9228806E+02 
  0.9316744E+02 
  0.9404477E+02 
  0.9491989E+02 
  0.9579264E+02 
  0.9666293E+02 
  0.9753078E+02 
  0.9839626E+02 
  0.9925931E+02 
  0.1001198E+03 
  0.1009775E+03 
  0.1018325E+03 
  0.1026849E+03 
  0.1035348E+03 
  0.1043819E+03 
  0.1052261E+03 
  0.1060672E+03 
  0.1069051E+03 
  0.1077399E+03 
  0.1085712E+03 
  0.1093989E+03 
  0.1102229E+03 
  0.1110431E+03 
  0.1118597E+03 
  0.1126727E+03 
  0.1134821E+03 
  0.1142875E+03 
  0.1150891E+03 
  0.1158867E+03 
  0.1166806E+03 
  0.1174706E+03 
  0.1182563E+03 
  0.1190373E+03 
  0.1198136E+03 
  0.1205850E+03 
  0.1213517E+03 
  0.1221138E+03 
  0.1228711E+03 
  0.1236236E+03 
  0.1243713E+03 
  0.1251141E+03 
  0.1258522E+03 
  0.1265854E+03 
  0.1273136E+03 
  0.1280365E+03 
  0.1287537E+03 
  0.1294650E+03 
  0.1301705E+03 
  0.1308703E+03 
  0.1315644E+03 
  0.1322527E+03 
  0.1329351E+03 
  0.1336118E+03 
  0.1342830E+03 
  0.1349488E+03 
  0.1356087E+03 
  0.1362624E+03 
  0.1369094E+03 
  0.1375497E+03 
  0.1381834E+03 
  0.1388104E+03 
  0.1394306E+03 
  0.1400440E+03 
  0.1406504E+03 
  0.1412501E+03 
  0.1418431E+03 
  0.1424296E+03 
  0.1430093E+03 
  0.1435818E+03 
  0.1441468E+03 
  0.1447042E+03 
  0.1452540E+03 
  0.1457963E+03 
  0.1463311E+03 
  0.1468584E+03 
  0.1473781E+03 
  0.1478900E+03 
  0.1483942E+03 
  0.1488908E+03 
  0.1493795E+03 
  0.1498602E+03 
  0.1503327E+03 
  0.1507968E+03 
  0.1512524E+03 
  0.1516999E+03 
  0.1521392E+03 
  0.1525703E+03 
  0.1529929E+03 
  0.1534069E+03 
  0.1538123E+03 
  0.1542091E+03 
  0.1545970E+03 
  0.1549758E+03 
  0.1553453E+03 
  0.1557057E+03 
  0.1560571E+03 
  0.1563996E+03 
  0.1567332E+03 
  0.1570578E+03 
  0.1573733E+03 
  0.1576796E+03 
  0.1579764E+03 
  0.1582636E+03 
  0.1585414E+03 
  0.1588098E+03 
  0.1590686E+03 
  0.1593175E+03 
  0.1595564E+03 
  0.1597852E+03 
  0.1600043E+03 
  0.1602136E+03 
  0.1604129E+03 
  0.1606021E+03 
  0.1607808E+03 
  0.1609492E+03 
  0.1611074E+03 
  0.1612553E+03 
  0.1613926E+03 
  0.1615193E+03 
  0.1616353E+03 
  0.1617408E+03 
  0.1618357E+03 
  0.1619201E+03 
  0.1619938E+03 
  0.1620568E+03 
  0.1621091E+03 
  0.1621506E+03 
  0.1621812E+03 
  0.1622009E+03 
  0.1622097E+03 
  0.1622074E+03 
  0.1621939E+03 
  0.1621694E+03 
  0.1621339E+03 
  0.1620877E+03 
  0.1620305E+03 
  0.1619622E+03 
  0.1618823E+03 
  0.1617909E+03 
  0.1616880E+03 
  0.1615737E+03 
  0.1614478E+03 
  0.1613105E+03 
  0.1611618E+03 
  0.1610017E+03 
  0.1608301E+03 
  0.1606468E+03 
  0.1604514E+03 
  0.1602441E+03 
  0.1600248E+03 
  0.1597936E+03 
  0.1595505E+03 
  0.1592955E+03 
  0.1590289E+03 
  0.1587507E+03 
  0.1584608E+03 
  0.1581591E+03 
  0.1578456E+03 
  0.1575201E+03 
  0.1571823E+03 
  0.1568321E+03 
  0.1564694E+03 
  0.1560945E+03 
  0.1557078E+03 
  0.1553094E+03 
  0.1548992E+03 
  0.1544769E+03 
  0.1540422E+03 
  0.1535949E+03 
  0.1531352E+03 
  0.1526631E+03 
  0.1521786E+03 
  0.1516817E+03 
  0.1511724E+03 
  0.1506510E+03 
  0.1501176E+03 
  0.1495722E+03 
  0.1490147E+03 
  0.1484450E+03 
  0.1478627E+03 
  0.1472679E+03 
  0.1466606E+03 
  0.1460408E+03 
  0.1454087E+03 
  0.1447645E+03 
  0.1441082E+03 
  0.1434400E+03 
  0.1427599E+03 
  0.1420678E+03 
  0.1413637E+03 
  0.1406472E+03 
  0.1399181E+03 
  0.1391763E+03 
  0.1384217E+03 
  0.1376550E+03 
  0.1368762E+03 
  0.1360853E+03 
  0.1352823E+03 
  0.1344671E+03 
  0.1336400E+03 
  0.1328010E+03 
  0.1319500E+03 
  0.1310869E+03 
  0.1302115E+03 
  0.1293236E+03 
  0.1284236E+03 
  0.1275116E+03 
  0.1265876E+03 
  0.1256518E+03 
  0.1247043E+03 
  0.1237450E+03 
  0.1227741E+03 
  0.1217916E+03 
  0.1207975E+03 
  0.1197916E+03 
  0.1187739E+03 
  0.1177443E+03 
  0.1167027E+03 
  0.1156495E+03 
  0.1145848E+03 
  0.1135086E+03 
  0.1124208E+03 
  0.1113213E+03 
  0.1102103E+03 
  0.1090880E+03 
  0.1079544E+03 
  0.1068095E+03 
  0.1056531E+03 
  0.1044851E+03 
  0.1033057E+03 
  0.1021149E+03 
  0.1009128E+03 
  0.9969941E+02 
  0.9847468E+02 
  0.9723874E+02 
  0.9599167E+02 
  0.9473355E+02 
  0.9346448E+02 
  0.9218452E+02 
  0.9089372E+02 
  0.8959212E+02 
  0.8827981E+02 
  0.8695705E+02 
  0.8562406E+02 
  0.8428095E+02 
  0.8292766E+02 
  0.8156406E+02 
  0.8019018E+02 
  0.7880624E+02 
  0.7741253E+02 
  0.7600924E+02 
  0.7459629E+02 
  0.7317347E+02 
  0.7174062E+02 
  0.7029778E+02 
  0.6884528E+02 
  0.6738344E+02 
  0.6591229E+02 
  0.6443161E+02 
  0.6294118E+02 
  0.6144107E+02 
  0.5993150E+02 
  0.5841267E+02 
  0.5688459E+02 
  0.5534726E+02 
  0.5380079E+02 
  0.5224539E+02 
  0.5068123E+02 
  0.4910835E+02 
  0.4752676E+02 
  0.4593655E+02 
  0.4433799E+02 
  0.4273137E+02 
  0.4111685E+02 
  0.3949438E+02 
  0.3786375E+02 
  0.3622488E+02 
  0.3457790E+02 
  0.3292313E+02 
  0.3126087E+02 
  0.2959117E+02 
  0.2791394E+02 
  0.2622913E+02 
  0.2453686E+02 
  0.2283740E+02 
  0.2113099E+02 
  0.1941774E+02 
  0.1769765E+02 
  0.1597070E+02 
  0.1423692E+02 
  0.1249642E+02 
  0.1074941E+02 
  0.8996065E+01 
  0.7236530E+01 
  0.5470860E+01 
  0.3699103E+01 
  0.1921376E+01 
  0.1378820E+00 
 -0.1651167E+01 
 -0.3445699E+01 
 -0.5245838E+01 
 -0.7051745E+01 
 -0.8863361E+01 
 -0.1068035E+02 
 -0.1250232E+02 
 -0.1432912E+02 
 -0.1616083E+02 
 -0.1799742E+02 
 -0.1983857E+02 
 -0.2168374E+02 
 -0.2353253E+02 
 -0.2538493E+02 
 -0.2724125E+02 
 -0.2910189E+02 
 -0.3096711E+02 
 -0.3283689E+02 
 -0.3471099E+02 
 -0.3658908E+02 
 -0.3847081E+02 
 -0.4035590E+02 
 -0.4224397E+02 
 -0.4413451E+02 
 -0.4602701E+02 
 -0.4792119E+02 
 -0.4981724E+02 
 -0.5171579E+02 
 -0.5361752E+02 
 -0.5552277E+02 
 -0.5743131E+02 
 -0.5934255E+02 
 -0.6125581E+02 
 -0.6317044E+02 
 -0.6508588E+02 
 -0.6700165E+02 
 -0.6891762E+02 
 -0.7083417E+02 
 -0.7275213E+02 
 -0.7467227E+02 
 -0.7659482E+02 
 -0.7851927E+02 
 -0.8044470E+02 
 -0.8237004E+02 
 -0.8429444E+02 
 -0.8621747E+02 
 -0.8813937E+02 
 -0.9006088E+02 
 -0.9198292E+02 
 -0.9390605E+02 
 -0.9583017E+02 
 -0.9775458E+02 
 -0.9967830E+02 
 -0.1016004E+03 
 -0.1035202E+03 
 -0.1054376E+03 
 -0.1073530E+03 
 -0.1092674E+03 
 -0.1111814E+03 
 -0.1130950E+03 
 -0.1150075E+03 
 -0.1169173E+03 
 -0.1188234E+03 
 -0.1207259E+03 
 -0.1226256E+03 
 -0.1245235E+03 
 -0.1264204E+03 
 -0.1283159E+03 
 -0.1302091E+03 
 -0.1320986E+03 
 -0.1339831E+03 
 -0.1358621E+03 
 -0.1377360E+03 
 -0.1396062E+03 
 -0.1414743E+03 
 -0.1433409E+03 
 -0.1452051E+03 
 -0.1470651E+03 
 -0.1489193E+03 
 -0.1507670E+03 
 -0.1526086E+03 
 -0.1544454E+03 
 -0.1562784E+03 
 -0.1581082E+03 
 -0.1599342E+03 
 -0.1617552E+03 
 -0.1635700E+03 
 -0.1653779E+03 
 -0.1671789E+03 
 -0.1689738E+03 
 -0.1707633E+03 
 -0.1725473E+03 
 -0.1743254E+03 
 -0.1760970E+03 
 -0.1778617E+03 
 -0.1796191E+03 
 -0.1813693E+03 
 -0.1831121E+03 
 -0.1848478E+03 
 -0.1865769E+03 
 -0.1882996E+03 
 -0.1900157E+03 
 -0.1917244E+03 
 -0.1934244E+03 
 -0.1951151E+03 
 -0.1967968E+03 
 -0.1984703E+03 
 -0.2001367E+03 
 -0.2017960E+03 
 -0.2034472E+03 
 -0.2050890E+03 
 -0.2067202E+03 
 -0.2083413E+03 
 -0.2099535E+03 
 -0.2115579E+03 
 -0.2131543E+03 
 -0.2147415E+03 
 -0.2163178E+03 
 -0.2178829E+03 
 -0.2194378E+03 
 -0.2209837E+03 
 -0.2225210E+03 
 -0.2240485E+03 
 -0.2255646E+03 
 -0.2270688E+03 
 -0.2285619E+03 
 -0.2300448E+03 
 -0.2315176E+03 
 -0.2329794E+03 
 -0.2344289E+03 
 -0.2358664E+03 
 -0.2372931E+03 
 -0.2387101E+03 
 -0.2401167E+03 
 -0.2415109E+03 
 -0.2428910E+03 
 -0.2442574E+03 
 -0.2456125E+03 
 -0.2469579E+03 
 -0.2482931E+03 
 -0.2496151E+03 
 -0.2509216E+03 
 -0.2522133E+03 
 -0.2534928E+03 
 -0.2547624E+03 
 -0.2560215E+03 
 -0.2572670E+03 
 -0.2584965E+03 
 -0.2597107E+03 
 -0.2609124E+03 
 -0.2621037E+03 
 -0.2632832E+03 
 -0.2644476E+03 
 -0.2655945E+03 
 -0.2667248E+03 
 -0.2678421E+03 
 -0.2689494E+03 
 -0.2700465E+03 
 -0.2711305E+03 
 -0.2721978E+03 
 -0.2732469E+03 
 -0.2742791E+03 
 -0.2752968E+03 
 -0.2763017E+03 
 -0.2772937E+03 
 -0.2782708E+03 
 -0.2792314E+03 
 -0.2801747E+03 
 -0.2811024E+03 
 -0.2820162E+03 
 -0.2829168E+03 
 -0.2838027E+03 
 -0.2846717E+03 
 -0.2855231E+03 
 -0.2863579E+03 
 -0.2871780E+03 
 -0.2879839E+03 
 -0.2887748E+03 
 -0.2895489E+03 
 -0.2903059E+03 
 -0.2910460E+03 
 -0.2917699E+03 
 -0.2924772E+03 
 -0.2931675E+03 
 -0.2938406E+03 
 -0.2944970E+03 
 -0.2951369E+03 
 -0.2957597E+03 
 -0.2963652E+03 
 -0.2969538E+03 
 -0.2975271E+03 
 -0.2980854E+03 
 -0.2986269E+03 
 -0.2991488E+03 
 -0.2996499E+03 
 -0.3001330E+03 
 -0.3006028E+03 
 -0.3010615E+03 
 -0.3015057E+03 
 -0.3019285E+03 
 -0.3023257E+03 
 -0.3026997E+03 
 -0.3030575E+03 
 -0.3034051E+03 
 -0.3037416E+03 
 -0.3040608E+03 
 -0.3043567E+03 
 -0.3046287E+03 
 -0.3048807E+03 
 -0.3051172E+03 
 -0.3053396E+03 
 -0.3055464E+03 
 -0.3057351E+03 
 -0.3059050E+03 
 -0.3060562E+03 
 -0.3061893E+03 
 -0.3063041E+03 
 -0.3064001E+03 
 -0.3064772E+03 
 -0.3065358E+03 
 -0.3065766E+03 
 -0.3066000E+03 
 -0.3066053E+03 
 -0.3065911E+03 
 -0.3065566E+03 
 -0.3065026E+03 
 -0.3064311E+03 
 -0.3063437E+03 
 -0.3062392E+03 
 -0.3061148E+03 
 -0.3059690E+03 
 -0.3058039E+03 
 -0.3056227E+03 
 -0.3054269E+03 
 -0.3052141E+03 
 -0.3049808E+03 
 -0.3047259E+03 
 -0.3044513E+03 
 -0.3041595E+03 
 -0.3038511E+03 
 -0.3035248E+03 
 -0.3031796E+03 
 -0.3028157E+03 
 -0.3024335E+03 
 -0.3020326E+03 
 -0.3016123E+03 
 -0.3011727E+03 
 -0.3007146E+03 
 -0.3002386E+03 
 -0.2997453E+03 
 -0.2992351E+03 
 -0.2987079E+03 
 -0.2981620E+03 
 -0.2975950E+03 
 -0.2970060E+03 
 -0.2963980E+03 
 -0.2957761E+03 
 -0.2951420E+03 
 -0.2944916E+03 
 -0.2938181E+03 
 -0.2931193E+03 
 -0.2923999E+03 
 -0.2916667E+03 
 -0.2909213E+03 
 -0.2901597E+03 
 -0.2893769E+03 
 -0.2885724E+03 
 -0.2877493E+03 
 -0.2869102E+03 
 -0.2860548E+03 
 -0.2851816E+03 
 -0.2842905E+03 
 -0.2833821E+03 
 -0.2824568E+03 
 -0.2815142E+03 
 -0.2805538E+03 
 -0.2795760E+03 
 -0.2785804E+03 
 -0.2775661E+03 
 -0.2765333E+03 
 -0.2754839E+03 
 -0.2744196E+03 
 -0.2733390E+03 
 -0.2722393E+03 
 -0.2711190E+03 
 -0.2699814E+03 
 -0.2688305E+03 
 -0.2676671E+03 
 -0.2664876E+03 
 -0.2652878E+03 
 -0.2640673E+03 
 -0.2628294E+03 
 -0.2615774E+03 
 -0.2603125E+03 
 -0.2590339E+03 
 -0.2577404E+03 
 -0.2564296E+03 
 -0.2550985E+03 
 -0.2537463E+03 
 -0.2523760E+03 
 -0.2509935E+03 
 -0.2496016E+03 
 -0.2481973E+03 
 -0.2467745E+03 
 -0.2453299E+03 
 -0.2438660E+03 
 -0.2423880E+03 
 -0.2408989E+03 
 -0.2393979E+03 
 -0.2378824E+03 
 -0.2363501E+03 
 -0.2348001E+03 
 -0.2332324E+03 
 -0.2316494E+03 
 -0.2300552E+03 
 -0.2284526E+03 
 -0.2268387E+03 
 -0.2252063E+03 
 -0.2235506E+03 
 -0.2218751E+03 
 -0.2201902E+03 
 -0.2185038E+03 
 -0.2168132E+03 
 -0.2151060E+03 
 -0.2133719E+03 
 -0.2116118E+03 
 -0.2098378E+03 
 -0.2080622E+03 
 -0.2062876E+03 
 -0.2045045E+03 
 -0.2027002E+03 
 -0.2008694E+03 
 -0.1990183E+03 
 -0.1971588E+03 
 -0.1952989E+03 
 -0.1934362E+03 
 -0.1915613E+03 
 -0.1896654E+03 
 -0.1877476E+03 
 -0.1858152E+03 
 -0.1838770E+03 
 -0.1819367E+03 
 -0.1799902E+03 
 -0.1780301E+03 
 -0.1760525E+03 
 -0.1740596E+03 
 -0.1720572E+03 
 -0.1700489E+03 
 -0.1680331E+03 
 -0.1660046E+03 
 -0.1639609E+03 
 -0.1619045E+03 
 -0.1598415E+03 
 -0.1577751E+03 
 -0.1557022E+03 
 -0.1536162E+03 
 -0.1515133E+03 
 -0.1493968E+03 
 -0.1472742E+03 
 -0.1451505E+03 
 -0.1430243E+03 
 -0.1408894E+03 
 -0.1387402E+03 
 -0.1365763E+03 
 -0.1344015E+03 
 -0.1322210E+03 
 -0.1300373E+03 
 -0.1278493E+03 
 -0.1256533E+03 
 -0.1234459E+03 
 -0.1212270E+03 
 -0.1190002E+03 
 -0.1167697E+03 
 -0.1145367E+03 
 -0.1122986E+03 
 -0.1100519E+03 
 -0.1077963E+03 
 -0.1055344E+03 
 -0.1032681E+03 
 -0.1009963E+03 
 -0.9871685E+02 
 -0.9643027E+02 
 -0.9413930E+02 
 -0.9184549E+02 
 -0.8954695E+02 
 -0.8724102E+02 
 -0.8492841E+02 
 -0.8261298E+02 
 -0.8029703E+02 
 -0.7797796E+02 
 -0.7565101E+02 
 -0.7331507E+02 
 -0.7097443E+02 
 -0.6863449E+02 
 -0.6629659E+02 
 -0.6395747E+02 
 -0.6161289E+02 
 -0.5926074E+02 
 -0.5690107E+02 
 -0.5453538E+02 
 -0.5216695E+02 
 -0.4980069E+02 
 -0.4743979E+02 
 -0.4508194E+02 
 -0.4272016E+02 
 -0.4034913E+02 
 -0.3797077E+02 
 -0.3559224E+02 
 -0.3321820E+02 
 -0.3084608E+02 
 -0.2846970E+02 
 -0.2608696E+02 
 -0.2370251E+02 
 -0.2132279E+02 
 -0.1894933E+02 
 -0.1657765E+02 
 -0.1420227E+02 
 -0.1182177E+02 
 -0.9439126E+01 
 -0.7058289E+01 
 -0.4681171E+01 
 -0.2307193E+01 
  0.6558854E-01 
  0.2439292E+01 
  0.4815176E+01 
  0.7192510E+01 
  0.9568342E+01 
  0.1193919E+02 
  0.1430379E+02 
  0.1666413E+02 
  0.1902339E+02 
  0.2138247E+02 
  0.2373883E+02 
  0.2608903E+02 
  0.2843260E+02 
  0.3077298E+02 
  0.3311454E+02 
  0.3545847E+02 
  0.3780170E+02 
  0.4013950E+02 
  0.4246917E+02 
  0.4479129E+02 
  0.4710812E+02 
  0.4942136E+02 
  0.5173155E+02 
  0.5403891E+02 
  0.5634366E+02 
  0.5864502E+02 
  0.6094032E+02 
  0.6322610E+02 
  0.6550113E+02 
  0.6776832E+02 
  0.7003311E+02 
  0.7229892E+02 
  0.7456356E+02 
  0.7682040E+02 
  0.7906379E+02 
  0.8129383E+02 
  0.8351613E+02 
  0.8573683E+02 
  0.8795745E+02 
  0.9017424E+02 
  0.9238168E+02 
  0.9457665E+02 
  0.9675985E+02 
  0.9893429E+02 
  0.1011029E+03 
  0.1032671E+03 
  0.1054260E+03 
  0.1075769E+03 
  0.1097174E+03 
  0.1118466E+03 
  0.1139660E+03 
  0.1160774E+03 
  0.1181808E+03 
  0.1202745E+03 
  0.1223579E+03 
  0.1244322E+03 
  0.1264992E+03 
  0.1285580E+03 
  0.1306052E+03 
  0.1326386E+03 
  0.1346597E+03 
  0.1366731E+03 
  0.1386811E+03 
  0.1406811E+03 
  0.1426680E+03 
  0.1446390E+03 
  0.1465966E+03 
  0.1485453E+03 
  0.1504873E+03 
  0.1524205E+03 
  0.1543407E+03 
  0.1562456E+03 
  0.1581363E+03 
  0.1600155E+03 
  0.1618851E+03 
  0.1637445E+03 
  0.1655921E+03 
  0.1674273E+03 
  0.1692507E+03 
  0.1710620E+03 
  0.1728590E+03 
  0.1746389E+03 
  0.1764025E+03 
  0.1781551E+03 
  0.1799021E+03 
  0.1816425E+03 
  0.1833688E+03 
  0.1850738E+03 
  0.1867575E+03 
  0.1884264E+03 
  0.1900870E+03 
  0.1917405E+03 
  0.1933832E+03 
  0.1950107E+03 
  0.1966195E+03 
  0.1982082E+03 
  0.1997784E+03 
  0.2013361E+03 
  0.2028877E+03 
  0.2044333E+03 
  0.2059643E+03 
  0.2074711E+03 
  0.2089531E+03 
  0.2104197E+03 
  0.2118808E+03 
  0.2133362E+03 
  0.2147770E+03 
  0.2161948E+03 
  0.2175900E+03 
  0.2189694E+03 
  0.2203387E+03 
  0.2216974E+03 
  0.2230406E+03 
  0.2243653E+03 
  0.2256726E+03 
  0.2269650E+03 
  0.2282428E+03 
  0.2295040E+03 
  0.2307480E+03 
  0.2319762E+03 
  0.2331896E+03 
  0.2343870E+03 
  0.2355666E+03 
  0.2367289E+03 
  0.2378754E+03 
  0.2390055E+03 
  0.2401169E+03 
  0.2412097E+03 
  0.2422872E+03 
  0.2433520E+03 
  0.2444020E+03 
  0.2454323E+03 
  0.2464407E+03 
  0.2474304E+03 
  0.2484065E+03 
  0.2493708E+03 
  0.2503202E+03 
  0.2512504E+03 
  0.2521600E+03 
  0.2530520E+03 
  0.2539293E+03 
  0.2547907E+03 
  0.2556320E+03 
  0.2564523E+03 
  0.2572561E+03 
  0.2580482E+03 
  0.2588267E+03 
  0.2595850E+03 
  0.2603190E+03 
  0.2610317E+03 
  0.2617289E+03 
  0.2624128E+03 
  0.2630818E+03 
  0.2637337E+03 
  0.2643673E+03 
  0.2649809E+03 
  0.2655731E+03 
  0.2661457E+03 
  0.2667035E+03 
  0.2672498E+03 
  0.2677837E+03 
  0.2683006E+03 
  0.2687954E+03 
  0.2692652E+03 
  0.2697123E+03 
  0.2701442E+03 
  0.2705663E+03 
  0.2709752E+03 
  0.2713622E+03 
  0.2717249E+03 
  0.2720697E+03 
  0.2724013E+03 
  0.2727158E+03 
  0.2730078E+03 
  0.2732809E+03 
  0.2735424E+03 
  0.2737915E+03 
  0.2740192E+03 
  0.2742214E+03 
  0.2744039E+03 
  0.2745751E+03 
  0.2747358E+03 
  0.2748802E+03 
  0.2750018E+03 
  0.2750986E+03 
  0.2751752E+03 
  0.2752389E+03 
  0.2752922E+03 
  0.2753301E+03 
  0.2753457E+03 
  0.2753392E+03 
  0.2753163E+03 
  0.2752798E+03 
  0.2752270E+03 
  0.2751559E+03 
  0.2750688E+03 
  0.2749679E+03 
  0.2748502E+03 
  0.2747104E+03 
  0.2745477E+03 
  0.2743681E+03 
  0.2741787E+03 
  0.2739796E+03 
  0.2737632E+03 
  0.2735210E+03 
  0.2732528E+03 
  0.2729669E+03 
  0.2726711E+03 
  0.2723650E+03 
  0.2720432E+03 
  0.2717031E+03 
  0.2713455E+03 
  0.2709701E+03 
  0.2705752E+03 
  0.2701623E+03 
  0.2697364E+03 
  0.2692992E+03 
  0.2688467E+03 
  0.2683745E+03 
  0.2678836E+03 
  0.2673782E+03 
  0.2668589E+03 
  0.2663233E+03 
  0.2657700E+03 
  0.2652004E+03 
  0.2646157E+03 
  0.2640155E+03 
  0.2634003E+03 
  0.2627723E+03 
  0.2621322E+03 
  0.2614768E+03 
  0.2608029E+03 
  0.2601113E+03 
  0.2594058E+03 
  0.2586890E+03 
  0.2579597E+03 
  0.2572145E+03 
  0.2564510E+03 
  0.2556698E+03 
  0.2548736E+03 
  0.2540648E+03 
  0.2532443E+03 
  0.2524112E+03 
  0.2515644E+03 
  0.2507022E+03 
  0.2498226E+03 
  0.2489257E+03 
  0.2480156E+03 
  0.2470965E+03 
  0.2461679E+03 
  0.2452254E+03 
  0.2442667E+03 
  0.2432941E+03 
  0.2423092E+03 
  0.2413101E+03 
  0.2402957E+03 
  0.2392693E+03 
  0.2382340E+03 
  0.2371884E+03 
  0.2361284E+03 
  0.2350527E+03 
  0.2339624E+03 
  0.2328587E+03 
  0.2317431E+03 
  0.2306185E+03 
  0.2294858E+03 
  0.2283416E+03 
  0.2271817E+03 
  0.2260064E+03 
  0.2248193E+03 
  0.2236219E+03 
  0.2224136E+03 
  0.2211956E+03 
  0.2199702E+03 
  0.2187361E+03 
  0.2174890E+03 
  0.2162272E+03 
  0.2149527E+03 
  0.2136686E+03 
  0.2123763E+03 
  0.2110761E+03 
  0.2097672E+03 
  0.2084473E+03 
  0.2071146E+03 
  0.2057703E+03 
  0.2044180E+03 
  0.2030584E+03 
  0.2016888E+03 
  0.2003060E+03 
  0.1989109E+03 
  0.1975087E+03 
  0.1961044E+03 
  0.1946969E+03 
  0.1932783E+03 
  0.1918414E+03 
  0.1903892E+03 
  0.1889326E+03 
  0.1874786E+03 
  0.1860222E+03 
  0.1845535E+03 
  0.1830689E+03 
  0.1815726E+03 
  0.1800694E+03 
  0.1785609E+03 
  0.1770477E+03 
  0.1755304E+03 
  0.1740074E+03 
  0.1724739E+03 
  0.1709267E+03 
  0.1693680E+03 
  0.1678038E+03 
  0.1662393E+03 
  0.1646750E+03 
  0.1631067E+03 
  0.1615288E+03 
  0.1599393E+03 
  0.1583408E+03 
  0.1567379E+03 
  0.1551323E+03 
  0.1535229E+03 
  0.1519093E+03 
  0.1502933E+03 
  0.1486744E+03 
  0.1470484E+03 
  0.1454118E+03 
  0.1437671E+03 
  0.1421201E+03 
  0.1404738E+03 
  0.1388261E+03 
  0.1371737E+03 
  0.1355145E+03 
  0.1338478E+03 
  0.1321749E+03 
  0.1304988E+03 
  0.1288219E+03 
  0.1271436E+03 
  0.1254615E+03 
  0.1237756E+03 
  0.1220877E+03 
  0.1203978E+03 
  0.1187029E+03 
  0.1170009E+03 
  0.1152938E+03 
  0.1135868E+03 
  0.1118843E+03 
  0.1101864E+03 
  0.1084878E+03 
  0.1067814E+03 
  0.1050644E+03 
  0.1033414E+03 
  0.1016206E+03 
  0.9990645E+02 
  0.9819654E+02 
  0.9648556E+02 
  0.9476936E+02 
  0.9304602E+02 
  0.9131580E+02 
  0.8958270E+02 
  0.8785427E+02 
  0.8613643E+02 
  0.8442732E+02 
  0.8271817E+02 
  0.8100108E+02 
  0.7927515E+02 
  0.7754542E+02 
  0.7581779E+02 
  0.7409571E+02 
  0.7237950E+02 
  0.7066664E+02 
  0.6895295E+02 
  0.6723504E+02 
  0.6551230E+02 
  0.6378762E+02 
  0.6206663E+02 
  0.6035414E+02 
  0.5864917E+02 
  0.5694448E+02 
  0.5523392E+02 
  0.5352004E+02 
  0.5181143E+02 
  0.5011252E+02 
  0.4841925E+02 
  0.4672546E+02 
  0.4503003E+02 
  0.4333609E+02 
  0.4164558E+02 
  0.3995724E+02 
  0.3826930E+02 
  0.3658289E+02 
  0.3490236E+02 
  0.3323174E+02 
  0.3156982E+02 
  0.2990994E+02 
  0.2824616E+02 
  0.2657924E+02 
  0.2491486E+02 
  0.2325728E+02 
  0.2160699E+02 
  0.1996336E+02 
  0.1832607E+02 
  0.1669321E+02 
  0.1506147E+02 
  0.1342983E+02 
  0.1180156E+02 
  0.1018152E+02 
  0.8571986E+01 
  0.6971061E+01 
  0.5374027E+01 
  0.3776494E+01 
  0.2177410E+01 
  0.5793006E+00 
 -0.1014245E+01 
 -0.2599754E+01 
 -0.4172671E+01 
 -0.5729166E+01 
 -0.7272672E+01 
 -0.8815757E+01 
 -0.1036996E+02 
 -0.1193304E+02 
 -0.1348971E+02 
 -0.1502574E+02 
 -0.1653920E+02 
 -0.1803868E+02 
 -0.1953459E+02 
 -0.2103341E+02 
 -0.2253661E+02 
 -0.2404119E+02 
 -0.2554097E+02 
 -0.2702909E+02 
 -0.2850132E+02 
 -0.2995858E+02 
 -0.3140677E+02 
 -0.3285248E+02 
 -0.3429739E+02 
 -0.3573714E+02 
 -0.3716623E+02 
 -0.3858337E+02 
 -0.3999159E+02 
 -0.4139426E+02 
 -0.4279212E+02 
 -0.4418352E+02 
 -0.4556600E+02 
 -0.4693799E+02 
 -0.4830000E+02 
 -0.4965433E+02 
 -0.5100335E+02 
 -0.5234788E+02 
 -0.5368690E+02 
 -0.5501777E+02 
 -0.5633646E+02 
 -0.5763967E+02 
 -0.5892898E+02 
 -0.6021218E+02 
 -0.6149727E+02 
 -0.6278331E+02 
 -0.6405871E+02 
 -0.6531148E+02 
 -0.6654163E+02 
 -0.6776207E+02 
 -0.6898646E+02 
 -0.7021713E+02 
 -0.7144463E+02 
 -0.7265679E+02 
 -0.7384712E+02 
 -0.7501754E+02 
 -0.7617711E+02 
 -0.7733721E+02 
 -0.7850308E+02 
 -0.7966747E+02 
 -0.8081503E+02 
 -0.8193564E+02 
 -0.8303375E+02 
 -0.8412463E+02 
 -0.8522179E+02 
 -0.8632670E+02 
 -0.8742728E+02 
 -0.8850614E+02 
 -0.8955404E+02 
 -0.9057847E+02 
 -0.9159808E+02 
 -0.9262709E+02 
 -0.9366469E+02 
 -0.9469758E+02 
 -0.9571035E+02 
 -0.9669456E+02 
 -0.9765332E+02 
 -0.9859992E+02 
 -0.9954924E+02 
 -0.1005067E+03 
 -0.1014645E+03 
 -0.1024089E+03 
 -0.1033301E+03 
 -0.1042278E+03 
 -0.1051101E+03 
 -0.1059872E+03 
 -0.1068643E+03 
 -0.1077394E+03 
 -0.1086070E+03 
 -0.1094626E+03 
 -0.1103027E+03 
 -0.1111232E+03 
 -0.1119224E+03 
 -0.1127072E+03 
 -0.1134905E+03 
 -0.1142809E+03 
 -0.1150745E+03 
 -0.1158561E+03 
 -0.1166110E+03 
 -0.1173362E+03 
 -0.1180438E+03 
 -0.1187515E+03 
 -0.1194683E+03 
 -0.1201875E+03 
 -0.1208924E+03 
 -0.1215702E+03 
 -0.1222206E+03 
 -0.1228549E+03 
 -0.1234880E+03 
 -0.1241270E+03 
 -0.1247659E+03 
 -0.1253916E+03 
 -0.1259959E+03 
 -0.1265819E+03 
 -0.1271580E+03 
 -0.1277276E+03 
 -0.1282874E+03 
 -0.1288346E+03 
 -0.1293719E+03 
 -0.1299032E+03 
 -0.1304277E+03 
 -0.1309390E+03 
 -0.1314318E+03 
 -0.1319080E+03 
 -0.1323759E+03 
 -0.1328426E+03 
 -0.1333072E+03 
 -0.1337615E+03 
 -0.1341969E+03 
 -0.1346117E+03 
 -0.1350124E+03 
 -0.1354089E+03 
 -0.1358067E+03 
 -0.1362020E+03 
 -0.1365835E+03 
 -0.1369401E+03 
 -0.1372708E+03 
 -0.1375879E+03 
 -0.1379083E+03 
 -0.1382388E+03 
 -0.1385693E+03 
 -0.1388825E+03 
 -0.1391697E+03 
 -0.1394366E+03 
 -0.1396952E+03 
 -0.1399523E+03 
 -0.1402057E+03 
 -0.1404487E+03 
 -0.1406764E+03 
 -0.1408899E+03 
 -0.1410943E+03 
 -0.1412934E+03 
 -0.1414850E+03 
 -0.1416638E+03 
 -0.1418279E+03 
 -0.1419817E+03 
 -0.1421314E+03 
 -0.1422774E+03 
 -0.1424139E+03 
 -0.1425339E+03 
 -0.1426364E+03 
 -0.1427286E+03 
 -0.1428191E+03 
 -0.1429101E+03 
 -0.1429935E+03 
 -0.1430578E+03 
 -0.1430997E+03 
 -0.1431277E+03 
 -0.1431549E+03 
 -0.1431868E+03 
 -0.1432164E+03 
 -0.1432311E+03 
 -0.1432245E+03 
 -0.1432016E+03 
 -0.1431732E+03 
 -0.1431461E+03 
 -0.1431167E+03 
 -0.1430751E+03 
 -0.1430154E+03 
 -0.1429404E+03 
 -0.1428593E+03 
 -0.1427785E+03 
 -0.1426958E+03 
 -0.1426025E+03 
 -0.1424918E+03 
 -0.1423664E+03 
 -0.1422364E+03 
 -0.1421093E+03 
 -0.1419805E+03 
 -0.1418362E+03 
 -0.1416672E+03 
 -0.1414788E+03 
 -0.1412866E+03 
 -0.1411020E+03 
 -0.1409222E+03 
 -0.1407339E+03 
 -0.1405243E+03 
 -0.1402914E+03 
 -0.1400452E+03 
 -0.1398012E+03 
 -0.1395689E+03 
 -0.1393420E+03 
 -0.1391030E+03 
 -0.1388373E+03 
 -0.1385466E+03 
 -0.1382464E+03 
 -0.1379530E+03 
 -0.1376712E+03 
 -0.1373916E+03 
 -0.1370991E+03 
 -0.1367831E+03 
 -0.1364446E+03 
 -0.1360952E+03 
 -0.1357490E+03 
 -0.1354121E+03 
 -0.1350774E+03 
 -0.1347296E+03 
 -0.1343589E+03 
 -0.1339704E+03 
 -0.1335796E+03 
 -0.1331963E+03 
 -0.1328162E+03 
 -0.1324278E+03 
 -0.1320257E+03 
 -0.1316138E+03 
 -0.1311971E+03 
 -0.1307748E+03 
 -0.1303437E+03 
 -0.1299041E+03 
 -0.1294599E+03 
 -0.1290139E+03 
 -0.1285651E+03 
 -0.1281093E+03 
 -0.1276416E+03 
 -0.1271604E+03 
 -0.1266703E+03 
 -0.1261805E+03 
 -0.1256978E+03 
 -0.1252193E+03 
 -0.1247331E+03 
 -0.1242291E+03 
 -0.1237073E+03 
 -0.1231787E+03 
 -0.1226557E+03 
 -0.1221424E+03 
 -0.1216312E+03 
 -0.1211085E+03 
 -0.1205658E+03 
 -0.1200076E+03 
 -0.1194468E+03 
 -0.1188935E+03 
 -0.1183464E+03 
 -0.1177954E+03 
 -0.1172314E+03 
 -0.1166552E+03 
 -0.1160757E+03 
 -0.1154985E+03 
 -0.1149187E+03 
 -0.1143271E+03 
 -0.1137230E+03 
 -0.1131184E+03 
 -0.1125250E+03 
 -0.1119400E+03 
 -0.1113478E+03 
 -0.1107341E+03 
 -0.1100994E+03 
 -0.1094579E+03 
 -0.1088265E+03 
 -0.1082111E+03 
 -0.1076027E+03 
 -0.1069842E+03 
 -0.1063443E+03 
 -0.1056858E+03 
 -0.1050239E+03 
 -0.1043738E+03 
 -0.1037392E+03 
 -0.1031088E+03 
 -0.1024652E+03 
 -0.1017994E+03 
 -0.1011176E+03 
 -0.1004362E+03 
 -0.9976808E+02 
 -0.9911294E+02 
 -0.9845853E+02 
 -0.9779162E+02 
 -0.9710873E+02 
 -0.9641759E+02 
 -0.9572887E+02 
 -0.9504721E+02 
 -0.9437019E+02 
 -0.9369330E+02 
 -0.9301333E+02 
 -0.9232758E+02 
 -0.9163332E+02 
 -0.9093058E+02 
 -0.9022482E+02 
 -0.8952440E+02 
 -0.8883345E+02 
 -0.8814694E+02 
 -0.8745410E+02 
 -0.8674813E+02 
 -0.8603231E+02 
 -0.8531567E+02 
 -0.8460403E+02 
 -0.8389698E+02 
 -0.8319203E+02 
 -0.8248728E+02 
 -0.8177949E+02 
 -0.8106432E+02 
 -0.8034227E+02 
 -0.7962174E+02 
 -0.7891119E+02 
 -0.7820802E+02 
 -0.7749913E+02 
 -0.7677485E+02 
 -0.7604087E+02 
 -0.7531355E+02 
 -0.7460305E+02 
 -0.7390224E+02 
 -0.7319375E+02 
 -0.7246761E+02 
 -0.7173080E+02 
 -0.7099922E+02 
 -0.7028197E+02 
 -0.6957425E+02 
 -0.6886395E+02 
 -0.6814275E+02 
 -0.6741199E+02 
 -0.6668068E+02 
 -0.6595842E+02 
 -0.6524768E+02 
 -0.6454096E+02 
 -0.6382683E+02 
 -0.6310046E+02 
 -0.6236874E+02 
 -0.6164464E+02 
 -0.6093537E+02 
 -0.6023501E+02 
 -0.5952881E+02 
 -0.5880682E+02 
 -0.5807445E+02 
 -0.5734818E+02 
 -0.5663940E+02 
 -0.5594357E+02 
 -0.5524628E+02 
 -0.5453823E+02 
 -0.5382266E+02 
 -0.5310976E+02 
 -0.5240654E+02 
 -0.5171137E+02 
 -0.5101640E+02 
 -0.5031506E+02 
 -0.4960815E+02 
 -0.4890257E+02 
 -0.4820371E+02 
 -0.4751086E+02 
 -0.4682035E+02 
 -0.4613056E+02 
 -0.4544159E+02 
 -0.4475215E+02 
 -0.4406055E+02 
 -0.4336847E+02 
 -0.4268085E+02 
 -0.4200094E+02 
 -0.4132724E+02 
 -0.4065536E+02 
 -0.3998105E+02 
 -0.3930210E+02 
 -0.3862020E+02 
 -0.3794206E+02 
 -0.3727569E+02 
 -0.3662308E+02 
 -0.3597702E+02 
 -0.3532634E+02 
 -0.3466360E+02 
 -0.3398902E+02 
 -0.3331067E+02 
 -0.3264207E+02 
 -0.3199496E+02 
 -0.3136912E+02 
 -0.3074961E+02 
 -0.3011798E+02 
 -0.2946784E+02 
 -0.2880937E+02 
 -0.2815923E+02 
 -0.2752709E+02 
 -0.2691049E+02 
 -0.2629970E+02 
 -0.2568582E+02 
 -0.2506522E+02 
 -0.2443937E+02 
 -0.2381328E+02 
 -0.2319439E+02 
 -0.2258913E+02 
 -0.2199693E+02 
 -0.2140824E+02 
 -0.2081181E+02 
 -0.2020462E+02 
 -0.1959363E+02 
 -0.1898893E+02 
 -0.1839742E+02 
 -0.1782133E+02 
 -0.1725733E+02 
 -0.1669491E+02 
 -0.1612048E+02 
 -0.1552849E+02 
 -0.1492959E+02 
 -0.1434462E+02 
 -0.1378776E+02 
 -0.1325461E+02 
 -0.1272646E+02 
 -0.1218609E+02 
 -0.1162972E+02 
 -0.1106597E+02 
 -0.1050644E+02 
 -0.9958872E+01 
 -0.9426066E+01 
 -0.8906551E+01 
 -0.8394227E+01 
 -0.7879996E+01 
 -0.7357027E+01 
 -0.6825785E+01 
 -0.6294258E+01 
 -0.5773351E+01 
 -0.5270503E+01 
 -0.4784885E+01 
 -0.4307278E+01 
 -0.3825437E+01 
 -0.3331155E+01 
 -0.2824141E+01 
 -0.2312138E+01 
 -0.1808856E+01 
 -0.1328382E+01 
 -0.8752776E+00 
 -0.4374477E+00 
  0.8078960E-02 
  0.4778334E+00 
  0.9680908E+00 
  0.1457609E+01 
  0.1924117E+01 
  0.2360070E+01 
  0.2775867E+01 
  0.3190168E+01 
  0.3616376E+01 
  0.4055420E+01 
  0.4498349E+01 
  0.4934545E+01 
  0.5358626E+01 
  0.5771936E+01 
  0.6178796E+01 
  0.6581681E+01 
  0.6980569E+01 
  0.7376798E+01 
  0.7774791E+01 
  0.8176993E+01 
  0.8578148E+01 
  0.8968503E+01 
  0.9343648E+01 
  0.9708574E+01 
  0.1007136E+02 
  0.1043580E+02 
  0.1080167E+02 
  0.1116869E+02 
  0.1153661E+02 
  0.1190217E+02 
  0.1225907E+02 
  0.1260272E+02 
  0.1293489E+02 
  0.1326340E+02 
  0.1359629E+02 
  0.1393478E+02 
  0.1427177E+02 
  0.1459844E+02 
  0.1491255E+02 
  0.1521964E+02 
  0.1552648E+02 
  0.1583505E+02 
  0.1614242E+02 
  0.1644452E+02 
  0.1673950E+02 
  0.1702923E+02 
  0.1731789E+02 
  0.1760747E+02 
  0.1789434E+02 
  0.1817188E+02 
  0.1843712E+02 
  0.1869354E+02 
  0.1894735E+02 
  0.1920267E+02 
  0.1946018E+02 
  0.1971780E+02 
  0.1997174E+02 
  0.2021899E+02 
  0.2045966E+02 
  0.2069564E+02 
  0.2092702E+02 
  0.2115236E+02 
  0.2137314E+02 
  0.2159431E+02 
  0.2181833E+02 
  0.2204066E+02 
  0.2225360E+02 
  0.2245433E+02 
  0.2264736E+02 
  0.2283994E+02 
  0.2303604E+02 
  0.2323417E+02 
  0.2342947E+02 
  0.2361789E+02 
  0.2379917E+02 
  0.2397641E+02 
  0.2415221E+02 
  0.2432513E+02 
  0.2449016E+02 
  0.2464362E+02 
  0.2478899E+02 
  0.2493694E+02 
  0.2509683E+02 
  0.2526609E+02 
  0.2542954E+02 
  0.2557211E+02 
  0.2569303E+02 
  0.2580683E+02 
  0.2593023E+02 
  0.2606809E+02 
  0.2621089E+02 
  0.2634401E+02 
  0.2645906E+02 
  0.2655812E+02 
  0.2665002E+02 
  0.2674425E+02 
  0.2684684E+02 
  0.2695827E+02 
  0.2707250E+02 
  0.2717935E+02 
  0.2727104E+02 
  0.2734788E+02 
  0.2741770E+02 
  0.2749036E+02 
  0.2757201E+02 
  0.2766153E+02 
  0.2774971E+02 
  0.2782393E+02 
  0.2787778E+02 
  0.2791776E+02 
  0.2795907E+02 
  0.2801384E+02 
  0.2808225E+02 
  0.2815297E+02 
  0.2821142E+02 
  0.2825022E+02 
  0.2827469E+02 
  0.2829825E+02 
  0.2833077E+02 
  0.2837100E+02 
  0.2841006E+02 
  0.2844071E+02 
  0.2846218E+02 
  0.2847790E+02 
  0.2849071E+02 
  0.2850048E+02 
  0.2850632E+02 
  0.2851074E+02 
  0.2851947E+02 
  0.2853486E+02 
  0.2855039E+02 
  0.2855534E+02 
  0.2854518E+02 
  0.2852522E+02 
  0.2850450E+02 
  0.2848904E+02 
  0.2848048E+02 
  0.2847643E+02 
  0.2847017E+02 
  0.2845316E+02 
  0.2842140E+02 
  0.2837943E+02 
  0.2833722E+02 
  0.2830264E+02 
  0.2827605E+02 
  0.2825035E+02 
  0.2821644E+02 
  0.2816993E+02 
  0.2811364E+02 
  0.2805440E+02 
  0.2799859E+02 
  0.2794965E+02 
  0.2790663E+02 
  0.2786347E+02 
  0.2781189E+02 
  0.2774754E+02 
  0.2767333E+02 
  0.2759693E+02 
  0.2752586E+02 
  0.2746397E+02 
  0.2740888E+02 
  0.2735148E+02 
  0.2728103E+02 
  0.2719395E+02 
  0.2709727E+02 
  0.2700251E+02 
  0.2691627E+02 
  0.2683710E+02 
  0.2675916E+02 
  0.2667725E+02 
  0.2658894E+02 
  0.2649452E+02 
  0.2639647E+02 
  0.2629844E+02 
  0.2620316E+02 
  0.2610987E+02 
  0.2601432E+02 
  0.2591247E+02 
  0.2580427E+02 
  0.2569320E+02 
  0.2558245E+02 
  0.2547249E+02 
  0.2536197E+02 
  0.2525010E+02 
  0.2513781E+02 
  0.2502688E+02 
  0.2491741E+02 
  0.2480600E+02 
  0.2468775E+02 
  0.2456163E+02 
  0.2443292E+02 
  0.2430848E+02 
  0.2418949E+02 
  0.2407008E+02 
  0.2394380E+02 
  0.2381032E+02 
  0.2367525E+02 
  0.2354351E+02 
  0.2341429E+02 
  0.2328286E+02 
  0.2314672E+02 
  0.2300809E+02 
  0.2286995E+02 
  0.2273153E+02 
  0.2258945E+02 
  0.2244300E+02 
  0.2229601E+02 
  0.2215294E+02 
  0.2201430E+02 
  0.2187667E+02 
  0.2173647E+02 
  0.2159262E+02 
  0.2144616E+02 
  0.2129880E+02 
  0.2115215E+02 
  0.2100680E+02 
  0.2086084E+02 
  0.2071032E+02 
  0.2055255E+02 
  0.2038922E+02 
  0.2022554E+02 
  0.2006648E+02 
  0.1991412E+02 
  0.1976714E+02 
  0.1962105E+02 
  0.1946939E+02 
  0.1930723E+02 
  0.1913539E+02 
  0.1896158E+02 
  0.1879588E+02 
  0.1864329E+02 
  0.1849896E+02 
  0.1835105E+02 
  0.1818967E+02 
  0.1801444E+02 
  0.1783402E+02 
  0.1765933E+02 
  0.1749701E+02 
  0.1734654E+02 
  0.1720052E+02 
  0.1704804E+02 
  0.1688113E+02 
  0.1670028E+02 
  0.1651399E+02 
  0.1633311E+02 
  0.1616516E+02 
  0.1601111E+02 
  0.1586400E+02 
  0.1571082E+02 
  0.1554017E+02 
  0.1535168E+02 
  0.1515800E+02 
  0.1497526E+02 
  0.1481053E+02 
  0.1465777E+02 
  0.1450420E+02 
  0.1433946E+02 
  0.1416090E+02 
  0.1397453E+02 
  0.1379200E+02 
  0.1362304E+02 
  0.1346707E+02 
  0.1331269E+02 
  0.1314791E+02 
  0.1297128E+02 
  0.1279194E+02 
  0.1261967E+02 
  0.1245613E+02 
  0.1229498E+02 
  0.1212848E+02 
  0.1195391E+02 
  0.1177567E+02 
  0.1160158E+02 
  0.1143593E+02 
  0.1127545E+02 
  0.1111215E+02 
  0.1094062E+02 
  0.1076281E+02 
  0.1058588E+02 
  0.1041520E+02 
  0.1024941E+02 
  0.1008284E+02 
  0.9912938E+01 
  0.9743412E+01 
  0.9578741E+01 
  0.9417329E+01 
  0.9253004E+01 
  0.9082892E+01 
  0.8910727E+01 
  0.8741653E+01 
  0.8576397E+01 
  0.8412101E+01 
  0.8247049E+01 
  0.8082419E+01 
  0.7919729E+01 
  0.7758120E+01 
  0.7594830E+01 
  0.7428127E+01 
  0.7259599E+01 
  0.7093519E+01 
  0.6933692E+01 
  0.6780309E+01 
  0.6628866E+01 
  0.6472008E+01 
  0.6304380E+01 
  0.6128125E+01 
  0.5953638E+01 
  0.5792410E+01 
  0.5647145E+01 
  0.5508779E+01 
  0.5363497E+01 
  0.5203043E+01 
  0.5030071E+01 
  0.4855930E+01 
  0.4693091E+01 
  0.4546563E+01 
  0.4409993E+01 
  0.4270297E+01 
  0.4117794E+01 
  0.3953347E+01 
  0.3786780E+01 
  0.3628687E+01 
  0.3482564E+01 
  0.3343196E+01 
  0.3202123E+01 
  0.3055024E+01 
  0.2904006E+01 
  0.2753451E+01 
  0.2605428E+01 
  0.2459822E+01 
  0.2316943E+01 
  0.2177431E+01 
  0.2039702E+01 
  0.1899550E+01 
  0.1753661E+01 
  0.1603501E+01 
  0.1455216E+01 
  0.1314922E+01 
  0.1183170E+01 
  0.1053824E+01 
  0.9189925E+00 
  0.7754483E+00 
  0.6266744E+00 
  0.4799146E+00 
  0.3419270E+00 
  0.2155026E+00 
  0.9687874E-01 
 -0.2368937E-01 
 -0.1557462E+00 
 -0.3005113E+00 
 -0.4489045E+00 
 -0.5885767E+00 
 -0.7136400E+00 
 -0.8284577E+00 
 -0.9429443E+00 
 -0.1064071E+01 
 -0.1191365E+01 
 -0.1320187E+01 
 -0.1448104E+01 
 -0.1575996E+01 
 -0.1703167E+01 
 -0.1824917E+01 
 -0.1937804E+01 
 -0.2045979E+01 
 -0.2158986E+01 
 -0.2282320E+01 
 -0.2411377E+01 
 -0.2535164E+01 
 -0.2645815E+01 
 -0.2745243E+01 
 -0.2843873E+01 
 -0.2952605E+01 
 -0.3074214E+01 
 -0.3201162E+01 
 -0.3321611E+01 
 -0.3428444E+01 
 -0.3524076E+01 
 -0.3618054E+01 
 -0.3719994E+01 
 -0.3833089E+01 
 -0.3952641E+01 
 -0.4070192E+01 
 -0.4179438E+01 
 -0.4279207E+01 
 -0.4372390E+01 
 -0.4463367E+01 
 -0.4556325E+01 
 -0.4654553E+01 
 -0.4759730E+01 
 -0.4870651E+01 
 -0.4982025E+01 
 -0.5085489E+01 
 -0.5174589E+01 
 -0.5251181E+01 
 -0.5326477E+01 
 -0.5413329E+01 
 -0.5515585E+01 
 -0.5624748E+01 
 -0.5727233E+01 
 -0.5815235E+01 
 -0.5891616E+01 
 -0.5965918E+01 
 -0.6046461E+01 
 -0.6135341E+01 
 -0.6228923E+01 
 -0.6321540E+01 
 -0.6408934E+01 
 -0.6489883E+01 
 -0.6565981E+01 
 -0.6640050E+01 
 -0.6714305E+01 
 -0.6789785E+01 
 -0.6867151E+01 
 -0.6946959E+01 
 -0.7028443E+01 
 -0.7108717E+01 
 -0.7184555E+01 
 -0.7255454E+01 
 -0.7324522E+01 
 -0.7395927E+01 
 -0.7471116E+01 
 -0.7547078E+01 
 -0.7618314E+01 
 -0.7681500E+01 
 -0.7739108E+01 
 -0.7798048E+01 
 -0.7863658E+01 
 -0.7934788E+01 
 -0.8005157E+01 
 -0.8069261E+01 
 -0.8126598E+01 
 -0.8180980E+01 
 -0.8236993E+01 
 -0.8296830E+01 
 -0.8358930E+01 
 -0.8419336E+01 
 -0.8475522E+01 
 -0.8529217E+01 
 -0.8584296E+01 
 -0.8641754E+01 
 -0.8698310E+01 
 -0.8750769E+01 
 -0.8800417E+01 
 -0.8852058E+01 
 -0.8909192E+01 
 -0.8970443E+01 
 -0.9029854E+01 
 -0.9080681E+01 
 -0.9120602E+01 
 -0.9154463E+01 
 -0.9191223E+01 
 -0.9237204E+01 
 -0.9291968E+01 
 -0.9349754E+01 
 -0.9403364E+01 
 -0.9447069E+01 
 -0.9479041E+01 
 -0.9503723E+01 
 -0.9531023E+01 
 -0.9570129E+01 
 -0.9622193E+01 
 -0.9679116E+01 
 -0.9730034E+01 
 -0.9769130E+01 
 -0.9797737E+01 
 -0.9820947E+01 
 -0.9844481E+01 
 -0.9874204E+01 
 -0.9914386E+01 
 -0.9962763E+01 
 -0.1000860E+02 
 -0.1003997E+02 
 -0.1005506E+02 
 -0.1006511E+02 
 -0.1008517E+02 
 -0.1012200E+02 
 -0.1016990E+02 
 -0.1021554E+02 
 -0.1024707E+02 
 -0.1026213E+02 
 -0.1026972E+02 
 -0.1028326E+02 
 -0.1030926E+02 
 -0.1034265E+02 
 -0.1037335E+02 
 -0.1039612E+02 
 -0.1041353E+02 
 -0.1043106E+02 
 -0.1045113E+02 
 -0.1047147E+02 
 -0.1048818E+02 
 -0.1050046E+02 
 -0.1051237E+02 
 -0.1052913E+02 
 -0.1055164E+02 
 -0.1057587E+02 
 -0.1059736E+02 
 -0.1061480E+02 
 -0.1062910E+02 
 -0.1064144E+02 
 -0.1065313E+02 
 -0.1066541E+02 
 -0.1067815E+02 
 -0.1068994E+02 
 -0.1070013E+02 
 -0.1070969E+02 
 -0.1071945E+02 
 -0.1072908E+02 
 -0.1073785E+02 
 -0.1074523E+02 
 -0.1075101E+02 
 -0.1075665E+02 
 -0.1076582E+02 
 -0.1078085E+02 
 -0.1079827E+02 
 -0.1081070E+02 
 -0.1081417E+02 
 -0.1081117E+02 
 -0.1080646E+02 
 -0.1080289E+02 
 -0.1080255E+02 
 -0.1080823E+02 
 -0.1082012E+02 
 -0.1083248E+02 
 -0.1083708E+02 
 -0.1083101E+02 
 -0.1081998E+02 
 -0.1081328E+02 
 -0.1081586E+02 
 -0.1082520E+02 
 -0.1083481E+02 
 -0.1083954E+02 
 -0.1083728E+02 
 -0.1082804E+02 
 -0.1081448E+02 
 -0.1080372E+02 
 -0.1080388E+02 
 -0.1081504E+02 
 -0.1082522E+02 
 -0.1082020E+02 
 -0.1079866E+02 
 -0.1077494E+02 
 -0.1076536E+02 
 -0.1077298E+02 
 -0.1078651E+02 
 -0.1079166E+02 
 -0.1078200E+02 
 -0.1076131E+02 
 -0.1073886E+02 
 -0.1072290E+02 
 -0.1071597E+02 
 -0.1071448E+02 
 -0.1071295E+02 
 -0.1070878E+02 
 -0.1070254E+02 
 -0.1069406E+02 
 -0.1068068E+02 
 -0.1066097E+02 
 -0.1063942E+02 
 -0.1062474E+02 
 -0.1062165E+02 
 -0.1062442E+02 
 -0.1062000E+02 
 -0.1059937E+02 
 -0.1056689E+02 
 -0.1053797E+02 
 -0.1052602E+02 
 -0.1053043E+02 
 -0.1053716E+02 
 -0.1053156E+02 
 -0.1051061E+02 
 -0.1048337E+02 
 -0.1046096E+02 
 -0.1044736E+02 
 -0.1043884E+02 
 -0.1042944E+02 
 -0.1041560E+02 
 -0.1039676E+02 
 -0.1037442E+02 
 -0.1035160E+02 
 -0.1033194E+02 
 -0.1031765E+02 
 -0.1030781E+02 
 -0.1029913E+02 
 -0.1028836E+02 
 -0.1027381E+02 
 -0.1025479E+02 
 -0.1023138E+02 
 -0.1020603E+02 
 -0.1018469E+02 
 -0.1017310E+02 
 -0.1016972E+02 
 -0.1016372E+02 
 -0.1014331E+02 
 -0.1010749E+02 
 -0.1006825E+02 
 -0.1004041E+02 
 -0.1002962E+02 
 -0.1002945E+02 
 -0.1002770E+02 
 -0.1001462E+02 
 -0.9988061E+01 
 -0.9953930E+01 
 -0.9922021E+01 
 -0.9899194E+01 
 -0.9885067E+01 
 -0.9873545E+01 
 -0.9858141E+01 
 -0.9836330E+01 
 -0.9810175E+01 
 -0.9783840E+01 
 -0.9760498E+01 
 -0.9741165E+01 
 -0.9725478E+01 
 -0.9711842E+01 
 -0.9696269E+01 
 -0.9673398E+01 
 -0.9641679E+01 
 -0.9607374E+01 
 -0.9580426E+01 
 -0.9564871E+01 
 -0.9554605E+01 
 -0.9539829E+01 
 -0.9516585E+01 
 -0.9488973E+01 
 -0.9463324E+01 
 -0.9442291E+01 
 -0.9424542E+01 
 -0.9407987E+01 
 -0.9391567E+01 
 -0.9374267E+01 
 -0.9354058E+01 
 -0.9329024E+01 
 -0.9299470E+01 
 -0.9268422E+01 
 -0.9239848E+01 
 -0.9216535E+01 
 -0.9199283E+01 
 -0.9186738E+01 
 -0.9174815E+01 
 -0.9157237E+01 
 -0.9129521E+01 
 -0.9094258E+01 
 -0.9061134E+01 
 -0.9039080E+01 
 -0.9027630E+01 
 -0.9016804E+01 
 -0.8995889E+01 
 -0.8962513E+01 
 -0.8924387E+01 
 -0.8893317E+01 
 -0.8876124E+01 
 -0.8868801E+01 
 -0.8859239E+01 
 -0.8837525E+01 
 -0.8804628E+01 
 -0.8770739E+01 
 -0.8745381E+01 
 -0.8729777E+01 
 -0.8717970E+01 
 -0.8703385E+01 
 -0.8683757E+01 
 -0.8660955E+01 
 -0.8637408E+01 
 -0.8613430E+01 
 -0.8588266E+01 
 -0.8562953E+01 
 -0.8540708E+01 
 -0.8523940E+01 
 -0.8511355E+01 
 -0.8498101E+01 
 -0.8478467E+01 
 -0.8449551E+01 
 -0.8414339E+01 
 -0.8381246E+01 
 -0.8358398E+01 
 -0.8346694E+01 
 -0.8338718E+01 
 -0.8324910E+01 
 -0.8300724E+01 
 -0.8268749E+01 
 -0.8235655E+01 
 -0.8207379E+01 
 -0.8185642E+01 
 -0.8167917E+01 
 -0.8150972E+01 
 -0.8134282E+01 
 -0.8119140E+01 
 -0.8104602E+01 
 -0.8086050E+01 
 -0.8059131E+01 
 -0.8025108E+01 
 -0.7991782E+01 
 -0.7968428E+01 
 -0.7958430E+01 
 -0.7955576E+01 
 -0.7947889E+01 
 -0.7926890E+01 
 -0.7894514E+01 
 -0.7861081E+01 
 -0.7836225E+01 
 -0.7821589E+01 
 -0.7811554E+01 
 -0.7799500E+01 
 -0.7782369E+01 
 -0.7760287E+01 
 -0.7734591E+01 
 -0.7708024E+01 
 -0.7685419E+01 
 -0.7670988E+01 
 -0.7663654E+01 
 -0.7656496E+01 
 -0.7642295E+01 
 -0.7619413E+01 
 -0.7592037E+01 
 -0.7565931E+01 
 -0.7544781E+01 
 -0.7529039E+01 
 -0.7516065E+01 
 -0.7501361E+01 
 -0.7481422E+01 
 -0.7456660E+01 
 -0.7431680E+01 
 -0.7412251E+01 
 -0.7400794E+01 
 -0.7393629E+01 
 -0.7383008E+01 
 -0.7363786E+01 
 -0.7338777E+01 
 -0.7316277E+01 
 -0.7301648E+01 
 -0.7292249E+01 
 -0.7280800E+01 
 -0.7262402E+01 
 -0.7238209E+01 
 -0.7214045E+01 
 -0.7195905E+01 
 -0.7184756E+01 
 -0.7174798E+01 
 -0.7158652E+01 
 -0.7135584E+01 
 -0.7113079E+01 
 -0.7098976E+01 
 -0.7093278E+01 
 -0.7088738E+01 
 -0.7078219E+01 
 -0.7060340E+01 
 -0.7039434E+01 
 -0.7021549E+01 
 -0.7009401E+01 
 -0.6999540E+01 
 -0.6985178E+01 
 -0.6963319E+01 
 -0.6938717E+01 
 -0.6919764E+01 
 -0.6910770E+01 
 -0.6908531E+01 
 -0.6905097E+01 
 -0.6892973E+01 
 -0.6869661E+01 
 -0.6840016E+01 
 -0.6814075E+01 
 -0.6799924E+01 
 -0.6796857E+01 
 -0.6795769E+01 
 -0.6786957E+01 
 -0.6767812E+01 
 -0.6743618E+01 
 -0.6722092E+01 
 -0.6707588E+01 
 -0.6699551E+01 
 -0.6694797E+01 
 -0.6690112E+01 
 -0.6682909E+01 
 -0.6671002E+01 
 -0.6653590E+01 
 -0.6633097E+01 
 -0.6615141E+01 
 -0.6605202E+01 
 -0.6604127E+01 
 -0.6606404E+01 
 -0.6603343E+01 
 -0.6589460E+01 
 -0.6567221E+01 
 -0.6545622E+01 
 -0.6532871E+01 
 -0.6529409E+01 
 -0.6528003E+01 
 -0.6520818E+01 
 -0.6506157E+01 
 -0.6488573E+01 
 -0.6473799E+01 
 -0.6464584E+01 
 -0.6460096E+01 
 -0.6456847E+01 
 -0.6449901E+01 
 -0.6435653E+01 
 -0.6415489E+01 
 -0.6396085E+01 
 -0.6384488E+01 
 -0.6382284E+01 
 -0.6384584E+01 
 -0.6384246E+01 
 -0.6376787E+01 
 -0.6362041E+01 
 -0.6342728E+01 
 -0.6322746E+01 
 -0.6306708E+01 
 -0.6298966E+01 
 -0.6300196E+01 
 -0.6304385E+01 
 -0.6301900E+01 
 -0.6288003E+01 
 -0.6267645E+01 
 -0.6250291E+01 
 -0.6241049E+01 
 -0.6238418E+01 
 -0.6238667E+01 
 -0.6238842E+01 
 -0.6235805E+01 
 -0.6226330E+01 
 -0.6210476E+01 
 -0.6193508E+01 
 -0.6182783E+01 
 -0.6182218E+01 
 -0.6188863E+01 
 -0.6193736E+01 
 -0.6187439E+01 
 -0.6168159E+01 
 -0.6145204E+01 
 -0.6132444E+01 
 -0.6136131E+01 
 -0.6149225E+01 
 -0.6158086E+01 
 -0.6154110E+01 
 -0.6138766E+01 
 -0.6119332E+01 
 -0.6102132E+01 
 -0.6090063E+01 
 -0.6084212E+01 
 -0.6084815E+01 
 -0.6089513E+01 
 -0.6092337E+01 
 -0.6087199E+01 
 -0.6073636E+01 
 -0.6058074E+01 
 -0.6048188E+01 
 -0.6046125E+01 
 -0.6047874E+01 
 -0.6048455E+01 
 -0.6045979E+01 
 -0.6040635E+01 
 -0.6032249E+01 
 -0.6021033E+01 
 -0.6009824E+01 
 -0.6002883E+01 
 -0.6001729E+01 
 -0.6003622E+01 
 -0.6004816E+01 
 -0.6003828E+01 
 -0.6000749E+01 
 -0.5995241E+01 
 -0.5987234E+01 
 -0.5978834E+01 
 -0.5973440E+01 
 -0.5972550E+01 
 -0.5974237E+01 
 -0.5974676E+01 
 -0.5970906E+01 
 -0.5962951E+01 
 -0.5954133E+01 
 -0.5948523E+01 
 -0.5947213E+01 
 -0.5947550E+01 
 -0.5946263E+01 
 -0.5942235E+01 
 -0.5936091E+01 
 -0.5929076E+01 
 -0.5923098E+01 
 -0.5919583E+01 
 -0.5917138E+01 
 -0.5912681E+01 
 -0.5906413E+01 
 -0.5902982E+01 
 -0.5905310E+01 
 -0.5909631E+01 
 -0.5909711E+01 
 -0.5904432E+01 
 -0.5898114E+01 
 -0.5894321E+01 
 -0.5892628E+01 
 -0.5891428E+01 
 -0.5890995E+01 
 -0.5892564E+01 
 -0.5895703E+01 
 -0.5897613E+01 
 -0.5895259E+01 
 -0.5888445E+01 
 -0.5880644E+01 
 -0.5875965E+01 
 -0.5875286E+01 
 -0.5876180E+01 
 -0.5876284E+01 
 -0.5875370E+01 
 -0.5874232E+01 
 -0.5873196E+01 
 -0.5872252E+01 
 -0.5871477E+01 
 -0.5870713E+01 
 -0.5869178E+01 
 -0.5865558E+01 
 -0.5858887E+01 
 -0.5850654E+01 
 -0.5845914E+01 
 -0.5849506E+01 
 -0.5859479E+01 
 -0.5866684E+01 
 -0.5863700E+01 
 -0.5853083E+01 
 -0.5844429E+01 
 -0.5844267E+01 
 -0.5851034E+01 
 -0.5858670E+01 
 -0.5862050E+01 
 -0.5859073E+01 
 -0.5850681E+01 
 -0.5840564E+01 
 -0.5833613E+01 
 -0.5832975E+01 
 -0.5837804E+01 
 -0.5843696E+01 
 -0.5845718E+01 
 -0.5842129E+01 
 -0.5835804E+01 
 -0.5831913E+01 
 -0.5834031E+01 
 -0.5842119E+01 
 -0.5852824E+01 
 -0.5860741E+01 
 -0.5860851E+01 
 -0.5852507E+01 
 -0.5841444E+01 
 -0.5835822E+01 
 -0.5838873E+01 
 -0.5846120E+01 
 -0.5850510E+01 
 -0.5849596E+01 
 -0.5846928E+01 
 -0.5846994E+01 
 -0.5850240E+01 
 -0.5853671E+01 
 -0.5855192E+01 
 -0.5855570E+01 
 -0.5856049E+01 
 -0.5856092E+01 
 -0.5854831E+01 
 -0.5853182E+01 
 -0.5852416E+01 
 -0.5851546E+01 
 -0.5848865E+01 
 -0.5846246E+01 
 -0.5848859E+01 
 -0.5858624E+01 
 -0.5869524E+01 
 -0.5872163E+01 
 -0.5863465E+01 
 -0.5850462E+01 
 -0.5843735E+01 
 -0.5847688E+01 
 -0.5857729E+01 
 -0.5866090E+01 
 -0.5868888E+01 
 -0.5867417E+01 
 -0.5864653E+01 
 -0.5862655E+01 
 -0.5862918E+01 
 -0.5866472E+01 
 -0.5872043E+01 
 -0.5875405E+01 
 -0.5872887E+01 
 -0.5866053E+01 
 -0.5861705E+01 
 -0.5866028E+01 
 -0.5878342E+01 
 -0.5890828E+01 
 -0.5894939E+01 
 -0.5888647E+01 
 -0.5877638E+01 
 -0.5869693E+01 
 -0.5868640E+01 
 -0.5873777E+01 
 -0.5882741E+01 
 -0.5892168E+01 
 -0.5896755E+01 
 -0.5892287E+01 
 -0.5881614E+01 
 -0.5874323E+01 
 -0.5877201E+01 
 -0.5886492E+01 
 -0.5892592E+01 
 -0.5891600E+01 
 -0.5889113E+01 
 -0.5892431E+01 
 -0.5901938E+01 
 -0.5911474E+01 
 -0.5915538E+01 
 -0.5914524E+01 
 -0.5913205E+01 
 -0.5915173E+01 
 -0.5919302E+01 
 -0.5921714E+01 
 -0.5920727E+01 
 -0.5918968E+01 
 -0.5920294E+01 
 -0.5925401E+01 
 -0.5931085E+01 
 -0.5933611E+01 
 -0.5932374E+01 
 -0.5930274E+01 
 -0.5930751E+01 
 -0.5934744E+01 
 -0.5940703E+01 
 -0.5946938E+01 
 -0.5952570E+01 
 -0.5956002E+01 
 -0.5954522E+01 
 -0.5947490E+01 
 -0.5939281E+01 
 -0.5936760E+01 
 -0.5942746E+01 
 -0.5952658E+01 
 -0.5958423E+01 
 -0.5955918E+01 
 -0.5948906E+01 
 -0.5945876E+01 
 -0.5952634E+01 
 -0.5967195E+01 
 -0.5981357E+01 
 -0.5987094E+01 
 -0.5982051E+01 
 -0.5970509E+01 
 -0.5960455E+01 
 -0.5958771E+01 
 -0.5966788E+01 
 -0.5979070E+01 
 -0.5987119E+01 
 -0.5985610E+01 
 -0.5976298E+01 
 -0.5966771E+01 
 -0.5965169E+01 
 -0.5974451E+01 
 -0.5990328E+01 
 -0.6004618E+01 
 -0.6010965E+01 
 -0.6007900E+01 
 -0.5998247E+01 
 -0.5987772E+01 
 -0.5983549E+01 
 -0.5989850E+01 
 -0.6003510E+01 
 -0.6015122E+01 
 -0.6016824E+01 
 -0.6008742E+01 
 -0.5997769E+01 
 -0.5991735E+01 
 -0.5994985E+01 
 -0.6006672E+01 
 -0.6020855E+01 
 -0.6029585E+01 
 -0.6028808E+01 
 -0.6022164E+01 
 -0.6017887E+01 
 -0.6021157E+01 
 -0.6029584E+01 
 -0.6036471E+01 
 -0.6038050E+01 
 -0.6036678E+01 
 -0.6036930E+01 
 -0.6040028E+01 
 -0.6043271E+01 
 -0.6043706E+01 
 -0.6040627E+01 
 -0.6035581E+01 
 -0.6032447E+01 
 -0.6036503E+01 
 -0.6049246E+01 
 -0.6063237E+01 
 -0.6066440E+01 
 -0.6055037E+01 
 -0.6039939E+01 
 -0.6037242E+01 
 -0.6052219E+01 
 -0.6074340E+01 
 -0.6087535E+01 
 -0.6083759E+01 
 -0.6067576E+01 
 -0.6050739E+01 
 -0.6043820E+01 
 -0.6050689E+01 
 -0.6067168E+01 
 -0.6083451E+01 
 -0.6089756E+01 
 -0.6082675E+01 
 -0.6067497E+01 
 -0.6054108E+01 
 -0.6050220E+01 
 -0.6057821E+01 
 -0.6073950E+01 
 -0.6092322E+01 
 -0.6104325E+01 
 -0.6102150E+01 
 -0.6084943E+01 
 -0.6062582E+01 
 -0.6050867E+01 
 -0.6059610E+01 
 -0.6083794E+01 
 -0.6106976E+01 
 -0.6114663E+01 
 -0.6105036E+01 
 -0.6087512E+01 
 -0.6073114E+01 
 -0.6067851E+01 
 -0.6073079E+01 
 -0.6087284E+01 
 -0.6105625E+01 
 -0.6120809E+01 
 -0.6127558E+01 
 -0.6125810E+01 
 -0.6118443E+01 
 -0.6107739E+01 
 -0.6096351E+01 
 -0.6090255E+01 
 -0.6096470E+01 
 -0.6115330E+01 
 -0.6136207E+01 
 -0.6143901E+01 
 -0.6131768E+01 
 -0.6109136E+01 
 -0.6094531E+01 
 -0.6099876E+01 
 -0.6120547E+01 
 -0.6140635E+01 
 -0.6147344E+01 
 -0.6140390E+01 
 -0.6129217E+01 
 -0.6123260E+01 
 -0.6124761E+01 
 -0.6129069E+01 
 -0.6130672E+01 
 -0.6128928E+01 
 -0.6127855E+01 
 -0.6130471E+01 
 -0.6134774E+01 
 -0.6136624E+01 
 -0.6135579E+01 
 -0.6135657E+01 
 -0.6140091E+01 
 -0.6147072E+01 
 -0.6151463E+01 
 -0.6149797E+01 
 -0.6143429E+01 
 -0.6137816E+01 
 -0.6138754E+01 
 -0.6147494E+01 
 -0.6158651E+01 
 -0.6164151E+01 
 -0.6160498E+01 
 -0.6151807E+01 
 -0.6145349E+01 
 -0.6145130E+01 
 -0.6150101E+01 
 -0.6156608E+01 
 -0.6160837E+01 
 -0.6160271E+01 
 -0.6155514E+01 
 -0.6150874E+01 
 -0.6151087E+01 
 -0.6156535E+01 
 -0.6162682E+01 
 -0.6164629E+01 
 -0.6161598E+01 
 -0.6157055E+01 
 -0.6155295E+01 
 -0.6157802E+01 
 -0.6162100E+01 
 -0.6164276E+01 
 -0.6163270E+01 
 -0.6162039E+01 
 -0.6163512E+01 
 -0.6166494E+01 
 -0.6167647E+01 
 -0.6166966E+01 
 -0.6168630E+01 
 -0.6175532E+01 
 -0.6184912E+01 
 -0.6190721E+01 
 -0.6189430E+01 
 -0.6182765E+01 
 -0.6175832E+01 
 -0.6173380E+01 
 -0.6176775E+01 
 -0.6183287E+01 
 -0.6188406E+01 
 -0.6189503E+01 
 -0.6187316E+01 
 -0.6184024E+01 
 -0.6180978E+01 
 -0.6178999E+01 
 -0.6179712E+01 
 -0.6184522E+01 
 -0.6191817E+01 
 -0.6196693E+01 
 -0.6194895E+01 
 -0.6187162E+01 
 -0.6179139E+01 
 -0.6176741E+01 
 -0.6181424E+01 
 -0.6189274E+01 
 -0.6194117E+01 
 -0.6191861E+01 
 -0.6183164E+01 
 -0.6173063E+01 
 -0.6168023E+01 
 -0.6171827E+01 
 -0.6182521E+01 
 -0.6193050E+01 
 -0.6196571E+01 
 -0.6192643E+01 
 -0.6187563E+01 
 -0.6187349E+01 
 -0.6191149E+01 
 -0.6193466E+01 
 -0.6192100E+01 
 -0.6190687E+01 
 -0.6192500E+01 
 -0.6194960E+01 
 -0.6193152E+01 
 -0.6187339E+01 
 -0.6183979E+01 
 -0.6188766E+01 
 -0.6200145E+01 
 -0.6210231E+01 
 -0.6211653E+01 
 -0.6203687E+01 
 -0.6192643E+01 
 -0.6186749E+01 
 -0.6190404E+01 
 -0.6202263E+01 
 -0.6216832E+01 
 -0.6226736E+01 
 -0.6225371E+01 
 -0.6211073E+01 
 -0.6190434E+01 
 -0.6175868E+01 
 -0.6177375E+01 
 -0.6195043E+01 
 -0.6218502E+01 
 -0.6233595E+01 
 -0.6231540E+01 
 -0.6214466E+01 
 -0.6193346E+01 
 -0.6180111E+01 
 -0.6180568E+01 
 -0.6192651E+01 
 -0.6208558E+01 
 -0.6218391E+01 
 -0.6215606E+01 
 -0.6202471E+01 
 -0.6189387E+01 
 -0.6186244E+01 
 -0.6194319E+01 
 -0.6207285E+01 
 -0.6218360E+01 
 -0.6224218E+01 
 -0.6223483E+01 
 -0.6215574E+01 
 -0.6202745E+01 
 -0.6191623E+01 
 -0.6190429E+01 
 -0.6203016E+01 
 -0.6224039E+01 
 -0.6240049E+01 
 -0.6238410E+01 
 -0.6218638E+01 
 -0.6195054E+01 
 -0.6185677E+01 
 -0.6196881E+01 
 -0.6218967E+01 
 -0.6236135E+01 
 -0.6239292E+01 
 -0.6229794E+01 
 -0.6214420E+01 
 -0.6199844E+01 
 -0.6191098E+01 
 -0.6191678E+01 
 -0.6202291E+01 
 -0.6219029E+01 
 -0.6233780E+01 
 -0.6238121E+01 
 -0.6228937E+01 
 -0.6211687E+01 
 -0.6197748E+01 
 -0.6196590E+01 
 -0.6208953E+01 
 -0.6226903E+01 
 -0.6240083E+01 
 -0.6242072E+01 
 -0.6232675E+01 
 -0.6217086E+01 
 -0.6203710E+01 
 -0.6200254E+01 
 -0.6208750E+01 
 -0.6223644E+01 
 -0.6235943E+01 
 -0.6240194E+01 
 -0.6237675E+01 
 -0.6233495E+01 
 -0.6231536E+01 
 -0.6232178E+01 
 -0.6233883E+01 
 -0.6235726E+01 
 -0.6237759E+01 
 -0.6239278E+01 
 -0.6238281E+01 
 -0.6233982E+01 
 -0.6229294E+01 
 -0.6228893E+01 
 -0.6234028E+01 
 -0.6240424E+01 
 -0.6242286E+01 
 -0.6238000E+01 
 -0.6231320E+01 
 -0.6227419E+01 
 -0.6228343E+01 
 -0.6232018E+01 
 -0.6235015E+01 
 -0.6235861E+01 
 -0.6235536E+01 
 -0.6234810E+01 
 -0.6232198E+01 
 -0.6225916E+01 
 -0.6218102E+01 
 -0.6215390E+01 
 -0.6223298E+01 
 -0.6239545E+01 
 -0.6253935E+01 
 -0.6256270E+01 
 -0.6245306E+01 
 -0.6230116E+01 
 -0.6222300E+01 
 -0.6226241E+01 
 -0.6236529E+01 
 -0.6244478E+01 
 -0.6246456E+01 
 -0.6245243E+01 
 -0.6244299E+01 
 -0.6243267E+01 
 -0.6240475E+01 
 -0.6237852E+01 
 -0.6240138E+01 
 -0.6248692E+01 
 -0.6258386E+01 
 -0.6262314E+01 
 -0.6258833E+01 
 -0.6252776E+01 
 -0.6250205E+01 
 -0.6252885E+01 
 -0.6257593E+01 
 -0.6259736E+01 
 -0.6257472E+01 
 -0.6253091E+01 
 -0.6250905E+01 
 -0.6253310E+01 
 -0.6258289E+01 
 -0.6260808E+01 
 -0.6257449E+01 
 -0.6250103E+01 
 -0.6244643E+01 
 -0.6245194E+01 
 -0.6249941E+01 
 -0.6253247E+01 
 -0.6251688E+01 
 -0.6247151E+01 
 -0.6244097E+01 
 -0.6245093E+01 
 -0.6249477E+01 
 -0.6255040E+01 
 -0.6259565E+01 
 -0.6261151E+01 
 -0.6258632E+01 
 -0.6252816E+01 
 -0.6247254E+01 
 -0.6246858E+01 
 -0.6254428E+01 
 -0.6267500E+01 
 -0.6278809E+01 
 -0.6281127E+01 
 -0.6272924E+01 
 -0.6259718E+01 
 -0.6249882E+01 
 -0.6248915E+01 
 -0.6256832E+01 
 -0.6269264E+01 
 -0.6279913E+01 
 -0.6282904E+01 
 -0.6275384E+01 
 -0.6259727E+01 
 -0.6243408E+01 
 -0.6235475E+01 
 -0.6241276E+01 
 -0.6258544E+01 
 -0.6277575E+01 
 -0.6286370E+01 
 -0.6278543E+01 
 -0.6258673E+01 
 -0.6240234E+01 
 -0.6236482E+01 
 -0.6250592E+01 
 -0.6272833E+01 
 -0.6287745E+01 
 -0.6286224E+01 
 -0.6272237E+01 
 -0.6257748E+01 
 -0.6251306E+01 
 -0.6252546E+01 
 -0.6257033E+01 
 -0.6262687E+01 
 -0.6269151E+01 
 -0.6273964E+01 
 -0.6274089E+01 
 -0.6270902E+01 
 -0.6269607E+01 
 -0.6272827E+01 
 -0.6277859E+01 
 -0.6281142E+01 
 -0.6282214E+01 
 -0.6281696E+01 
 -0.6278758E+01 
 -0.6273512E+01 
 -0.6269740E+01 
 -0.6271641E+01 
 -0.6278109E+01 
 -0.6282893E+01 
 -0.6280953E+01 
 -0.6273383E+01 
 -0.6266135E+01 
 -0.6265125E+01 
 -0.6272137E+01 
 -0.6283485E+01 
 -0.6292070E+01 
 -0.6292539E+01 
 -0.6286112E+01 
 -0.6279794E+01 
 -0.6279297E+01 
 -0.6282577E+01 
 -0.6281683E+01 
 -0.6271879E+01 
 -0.6258207E+01 
 -0.6251791E+01 
 -0.6259394E+01 
 -0.6276753E+01 
 -0.6291857E+01 
 -0.6294553E+01 
 -0.6283977E+01 
 -0.6268093E+01 
 -0.6256734E+01 
 -0.6254984E+01 
 -0.6262268E+01 
 -0.6275417E+01 
 -0.6289975E+01 
 -0.6299173E+01 
 -0.6296165E+01 
 -0.6280900E+01 
 -0.6263681E+01 
 -0.6258365E+01 
 -0.6270297E+01 
 -0.6291320E+01 
 -0.6306747E+01 
 -0.6307087E+01 
 -0.6294272E+01 
 -0.6278676E+01 
 -0.6270779E+01 
 -0.6274474E+01 
 -0.6286416E+01 
 -0.6299992E+01 
 -0.6308845E+01 
 -0.6308032E+01 
 -0.6295726E+01 
 -0.6276697E+01 
 -0.6262573E+01 
 -0.6264356E+01 
 -0.6282169E+01 
 -0.6303195E+01 
 -0.6311488E+01 
 -0.6300764E+01 
 -0.6278519E+01 
 -0.6259228E+01 
 -0.6254027E+01 
 -0.6264763E+01 
 -0.6284582E+01 
 -0.6302639E+01 
 -0.6309688E+01 
 -0.6302335E+01 
 -0.6284709E+01 
 -0.6266852E+01 
 -0.6259723E+01 
 -0.6268698E+01 
 -0.6289773E+01 
 -0.6311826E+01 
 -0.6323524E+01 
 -0.6319382E+01 
 -0.6301610E+01 
 -0.6278872E+01 
 -0.6263518E+01 
 -0.6266083E+01 
 -0.6287605E+01 
 -0.6315955E+01 
 -0.6332405E+01 
 -0.6325195E+01 
 -0.6298668E+01 
 -0.6270089E+01 
 -0.6257424E+01 
 -0.6267702E+01 
 -0.6293058E+01 
 -0.6315885E+01 
 -0.6320211E+01 
 -0.6302932E+01 
 -0.6276517E+01 
 -0.6259590E+01 
 -0.6262209E+01 
 -0.6278908E+01 
 -0.6295367E+01 
 -0.6301044E+01 
 -0.6295506E+01 
 -0.6285185E+01 
 -0.6277119E+01 
 -0.6275792E+01 
 -0.6282610E+01 
 -0.6295503E+01 
 -0.6308965E+01 
 -0.6315913E+01 
 -0.6311007E+01 
 -0.6294204E+01 
 -0.6273001E+01 
 -0.6260224E+01 
 -0.6265679E+01 
 -0.6287102E+01 
 -0.6309980E+01 
 -0.6318386E+01 
 -0.6307278E+01 
 -0.6285351E+01 
 -0.6267424E+01 
 -0.6264106E+01 
 -0.6276154E+01 
 -0.6295674E+01 
 -0.6311796E+01 
 -0.6316723E+01 
 -0.6309077E+01 
 -0.6293899E+01 
 -0.6279884E+01 
 -0.6274509E+01 
 -0.6279453E+01 
 -0.6290180E+01 
 -0.6300310E+01 
 -0.6306008E+01 
 -0.6306187E+01 
 -0.6300712E+01 
 -0.6290793E+01 
 -0.6280671E+01 
 -0.6276341E+01 
 -0.6280939E+01 
 -0.6291282E+01 
 -0.6299548E+01 
 -0.6299472E+01 
 -0.6292023E+01 
 -0.6284732E+01 
 -0.6284174E+01 
 -0.6289124E+01 
 -0.6292321E+01 
 -0.6288904E+01 
 -0.6281554E+01 
 -0.6277056E+01 
 -0.6279377E+01 
 -0.6286427E+01 
 -0.6292031E+01 
 -0.6290490E+01 
 -0.6281016E+01 
 -0.6269201E+01 
 -0.6263361E+01 
 -0.6267965E+01 
 -0.6280148E+01 
 -0.6292431E+01 
 -0.6298402E+01 
 -0.6296241E+01 
 -0.6288651E+01 
 -0.6280859E+01 
 -0.6278025E+01 
 -0.6282449E+01 
 -0.6291665E+01 
 -0.6299351E+01 
 -0.6299537E+01 
 -0.6291452E+01 
 -0.6280637E+01 
 -0.6274711E+01 
 -0.6277461E+01 
 -0.6286631E+01 
 -0.6296561E+01 
 -0.6301903E+01 
 -0.6299471E+01 
 -0.6289181E+01 
 -0.6275363E+01 
 -0.6266181E+01 
 -0.6268721E+01 
 -0.6282578E+01 
 -0.6298456E+01 
 -0.6304370E+01 
 -0.6294769E+01 
 -0.6275190E+01 
 -0.6258777E+01 
 -0.6257011E+01 
 -0.6271405E+01 
 -0.6292620E+01 
 -0.6307626E+01 
 -0.6308757E+01 
 -0.6297636E+01 
 -0.6282463E+01 
 -0.6272201E+01 
 -0.6271533E+01 
 -0.6278842E+01 
 -0.6288118E+01 
 -0.6293428E+01 
 -0.6292292E+01 
 -0.6285588E+01 
 -0.6275763E+01 
 -0.6266216E+01 
 -0.6261380E+01 
 -0.6264960E+01 
 -0.6276494E+01 
 -0.6289812E+01 
 -0.6296127E+01 
 -0.6290247E+01 
 -0.6275131E+01 
 -0.6260753E+01 
 -0.6257454E+01 
 -0.6268380E+01 
 -0.6286537E+01 
 -0.6299007E+01 
 -0.6296003E+01 
 -0.6278544E+01 
 -0.6258437E+01 
 -0.6249711E+01 
 -0.6258253E+01 
 -0.6278206E+01 
 -0.6297155E+01 
 -0.6304676E+01 
 -0.6298152E+01 
 -0.6283429E+01 
 -0.6270405E+01 
 -0.6265913E+01 
 -0.6269452E+01 
 -0.6275949E+01 
 -0.6281904E+01 
 -0.6287078E+01 
 -0.6290802E+01 
 -0.6290327E+01 
 -0.6284878E+01 
 -0.6278959E+01 
 -0.6278466E+01 
 -0.6283795E+01 
 -0.6289112E+01 
 -0.6288938E+01 
 -0.6283993E+01 
 -0.6279947E+01 
 -0.6281319E+01 
 -0.6287207E+01 
 -0.6292449E+01 
 -0.6292407E+01 
 -0.6286933E+01 
 -0.6280396E+01 
 -0.6277983E+01 
 -0.6281438E+01 
 -0.6287762E+01 
 -0.6291926E+01 
 -0.6291123E+01 
 -0.6286707E+01 
 -0.6282447E+01 
 -0.6281419E+01 
 -0.6284263E+01 
 -0.6288958E+01 
 -0.6291419E+01 
 -0.6287769E+01 
 -0.6278309E+01 
 -0.6269245E+01 
 -0.6268243E+01 
 -0.6276861E+01 
 -0.6288230E+01 
 -0.6293181E+01 
 -0.6288338E+01 
 -0.6277820E+01 
 -0.6268150E+01 
 -0.6262857E+01 
 -0.6261775E+01 
 -0.6263782E+01 
 -0.6268534E+01 
 -0.6275183E+01 
 -0.6280602E+01 
 -0.6280677E+01 
 -0.6274283E+01 
 -0.6265575E+01 
 -0.6261620E+01 
 -0.6267331E+01 
 -0.6281713E+01 
 -0.6297308E+01 
 -0.6303391E+01 
 -0.6293050E+01 
 -0.6270472E+01 
 -0.6250690E+01 
 -0.6248454E+01 
 -0.6265282E+01 
 -0.6287989E+01 
 -0.6300376E+01 
 -0.6295842E+01 
 -0.6279657E+01 
 -0.6262231E+01 
 -0.6252072E+01 
 -0.6252930E+01 
 -0.6263501E+01 
 -0.6278051E+01 
 -0.6288822E+01 
 -0.6290217E+01 
 -0.6282093E+01 
 -0.6269513E+01 
 -0.6259528E+01 
 -0.6257833E+01 
 -0.6266670E+01 
 -0.6283113E+01 
 -0.6298186E+01 
 -0.6300523E+01 
 -0.6285508E+01 
 -0.6262122E+01 
 -0.6247631E+01 
 -0.6252540E+01 
 -0.6271042E+01 
 -0.6287246E+01 
 -0.6289713E+01 
 -0.6279272E+01 
 -0.6265385E+01 
 -0.6257856E+01 
 -0.6260738E+01 
 -0.6270275E+01 
 -0.6277630E+01 
 -0.6275879E+01 
 -0.6266122E+01 
 -0.6256289E+01 
 -0.6253334E+01 
 -0.6256908E+01 
 -0.6260671E+01 
 -0.6259229E+01 
 -0.6253603E+01 
 -0.6249984E+01 
 -0.6252716E+01 
 -0.6258657E+01 
 -0.6260077E+01 
 -0.6253984E+01 
 -0.6246621E+01 
 -0.6246477E+01 
 -0.6254062E+01 
 -0.6261607E+01 
 -0.6262796E+01 
 -0.6259484E+01 
 -0.6257419E+01 
 -0.6258003E+01 
 -0.6257061E+01 
 -0.6250982E+01 
 -0.6241865E+01 
 -0.6236087E+01 
 -0.6238577E+01 
 -0.6248396E+01 
 -0.6259186E+01 
 -0.6263836E+01 
 -0.6259420E+01 
 -0.6248655E+01 
 -0.6237652E+01 
 -0.6232287E+01 
 -0.6235113E+01 
 -0.6243756E+01 
 -0.6252181E+01 
 -0.6254818E+01 
 -0.6250204E+01 
 -0.6240792E+01 
 -0.6230366E+01 
 -0.6222951E+01 
 -0.6223080E+01 
 -0.6233601E+01 
 -0.6250891E+01 
 -0.6263813E+01 
 -0.6261190E+01 
 -0.6242652E+01 
 -0.6221329E+01 
 -0.6213518E+01 
 -0.6224372E+01 
 -0.6243802E+01 
 -0.6256068E+01 
 -0.6252518E+01 
 -0.6236104E+01 
 -0.6217132E+01 
 -0.6206781E+01 
 -0.6211860E+01 
 -0.6230734E+01 
 -0.6252540E+01 
 -0.6262897E+01 
 -0.6253900E+01 
 -0.6230476E+01 
 -0.6207332E+01 
 -0.6198569E+01 
 -0.6207993E+01 
 -0.6227335E+01 
 -0.6243148E+01 
 -0.6246095E+01 
 -0.6235308E+01 
 -0.6216489E+01 
 -0.6198225E+01 
 -0.6189581E+01 
 -0.6197121E+01 
 -0.6219809E+01 
 -0.6245977E+01 
 -0.6258618E+01 
 -0.6247966E+01 
 -0.6220763E+01 
 -0.6196092E+01 
 -0.6190225E+01 
 -0.6204389E+01 
 -0.6226089E+01 
 -0.6240313E+01 
 -0.6239001E+01 
 -0.6223144E+01 
 -0.6200798E+01 
 -0.6183912E+01 
 -0.6182438E+01 
 -0.6196724E+01 
 -0.6215456E+01 
 -0.6223998E+01 
 -0.6216464E+01 
 -0.6199567E+01 
 -0.6185343E+01 
 -0.6181660E+01 
 -0.6189030E+01 
 -0.6202877E+01 
 -0.6216169E+01 
 -0.6221649E+01 
 -0.6215755E+01 
 -0.6202293E+01 
 -0.6190799E+01 
 -0.6189250E+01 
 -0.6197750E+01 
 -0.6209225E+01 
 -0.6215821E+01 
 -0.6214453E+01 
 -0.6207287E+01 
 -0.6198654E+01 
 -0.6192354E+01 
