  -0.9437544E+01 
  -0.9435942E+01 
  -0.9425291E+01 
  -0.9415066E+01 
  -0.9414515E+01 
  -0.9422305E+01 
  -0.9429838E+01 
  -0.9430794E+01 
  -0.9426193E+01 
  -0.9421329E+01 
  -0.9419761E+01 
  -0.9421014E+01 
  -0.9422921E+01 
  -0.9424282E+01 
  -0.9424912E+01 
  -0.9424600E+01 
  -0.9423239E+01 
  -0.9421599E+01 
  -0.9420982E+01 
  -0.9421791E+01 
  -0.9422899E+01 
  -0.9422980E+01 
  -0.9422144E+01 
  -0.9421693E+01 
  -0.9422322E+01 
  -0.9423032E+01 
  -0.9422307E+01 
  -0.9420256E+01 
  -0.9418956E+01 
  -0.9420152E+01 
  -0.9422914E+01 
  -0.9424329E+01 
  -0.9422693E+01 
  -0.9419408E+01 
  -0.9417491E+01 
  -0.9418516E+01 
  -0.9421239E+01 
  -0.9423027E+01 
  -0.9422390E+01 
  -0.9420148E+01 
  -0.9418312E+01 
  -0.9418128E+01 
  -0.9419244E+01 
  -0.9420412E+01 
  -0.9420724E+01 
  -0.9420191E+01 
  -0.9419388E+01 
  -0.9418812E+01 
  -0.9418611E+01 
  -0.9418708E+01 
  -0.9418917E+01 
  -0.9419012E+01 
  -0.9418900E+01 
  -0.9418755E+01 
  -0.9418787E+01 
  -0.9418844E+01 
  -0.9418489E+01 
  -0.9417643E+01 
  -0.9416970E+01 
  -0.9417274E+01 
  -0.9418482E+01 
  -0.9419438E+01 
  -0.9418988E+01 
  -0.9417258E+01 
  -0.9415691E+01 
  -0.9415681E+01 
  -0.9417185E+01 
  -0.9418760E+01 
  -0.9418967E+01 
  -0.9417662E+01 
  -0.9415992E+01 
  -0.9415265E+01 
  -0.9415846E+01 
  -0.9417003E+01 
  -0.9417709E+01 
  -0.9417496E+01 
  -0.9416675E+01 
  -0.9415887E+01 
  -0.9415559E+01 
  -0.9415727E+01 
  -0.9416164E+01 
  -0.9416533E+01 
  -0.9416538E+01 
  -0.9416137E+01 
  -0.9415631E+01 
  -0.9415415E+01 
  -0.9415553E+01 
  -0.9415721E+01 
  -0.9415629E+01 
  -0.9415394E+01 
  -0.9415370E+01 
  -0.9415635E+01 
  -0.9415810E+01 
  -0.9415510E+01 
  -0.9414889E+01 
  -0.9414539E+01 
  -0.9414828E+01 
  -0.9415473E+01 
  -0.9415839E+01 
  -0.9415568E+01 
  -0.9414887E+01 
  -0.9414356E+01 
  -0.9414369E+01 
  -0.9414851E+01 
  -0.9415355E+01 
  -0.9415459E+01 
  -0.9415112E+01 
  -0.9414610E+01 
  -0.9414328E+01 
  -0.9414445E+01 
  -0.9414821E+01 
  -0.9415126E+01 
  -0.9415117E+01 
  -0.9414840E+01 
  -0.9414573E+01 
  -0.9414543E+01 
  -0.9414717E+01 
  -0.9414869E+01 
  -0.9414860E+01 
  -0.9414787E+01 
  -0.9414832E+01 
  -0.9415007E+01 
  -0.9415120E+01 
  -0.9415024E+01 
  -0.9414820E+01 
  -0.9414742E+01 
  -0.9414905E+01 
  -0.9415220E+01 
  -0.9415492E+01 
  -0.9415560E+01 
  -0.9415388E+01 
  -0.9415109E+01 
  -0.9414983E+01 
  -0.9415209E+01 
  -0.9415703E+01 
  -0.9416104E+01 
  -0.9416102E+01 
  -0.9415763E+01 
  -0.9415481E+01 
  -0.9415594E+01 
  -0.9416047E+01 
  -0.9416455E+01 
  -0.9416549E+01 
  -0.9416457E+01 
  -0.9416473E+01 
  -0.9416661E+01 
  -0.9416830E+01 
  -0.9416853E+01 
  -0.9416863E+01 
  -0.9417084E+01 
  -0.9417520E+01 
  -0.9417883E+01 
  -0.9417919E+01 
  -0.9417724E+01 
  -0.9417649E+01 
  -0.9417920E+01 
  -0.9418414E+01 
  -0.9418840E+01 
  -0.9419036E+01 
  -0.9419050E+01 
  -0.9419026E+01 
  -0.9419084E+01 
  -0.9419308E+01 
  -0.9419737E+01 
  -0.9420254E+01 
  -0.9420624E+01 
  -0.9420692E+01 
  -0.9420580E+01 
  -0.9420604E+01 
  -0.9420979E+01 
  -0.9421599E+01 
  -0.9422140E+01 
  -0.9422380E+01 
  -0.9422385E+01 
  -0.9422421E+01 
  -0.9422690E+01 
  -0.9423184E+01 
  -0.9423726E+01 
  -0.9424116E+01 
  -0.9424309E+01 
  -0.9424464E+01 
  -0.9424770E+01 
  -0.9425240E+01 
  -0.9425703E+01 
  -0.9426012E+01 
  -0.9426228E+01 
  -0.9426539E+01 
  -0.9427058E+01 
  -0.9427666E+01 
  -0.9428130E+01 
  -0.9428369E+01 
  -0.9428542E+01 
  -0.9428878E+01 
  -0.9429459E+01 
  -0.9430164E+01 
  -0.9430791E+01 
  -0.9431210E+01 
  -0.9431439E+01 
  -0.9431644E+01 
  -0.9432035E+01 
  -0.9432704E+01 
  -0.9433542E+01 
  -0.9434291E+01 
  -0.9434738E+01 
  -0.9434914E+01 
  -0.9435107E+01 
  -0.9435624E+01 
  -0.9436487E+01 
  -0.9437407E+01 
  -0.9438066E+01 
  -0.9438419E+01 
  -0.9438718E+01 
  -0.9439233E+01 
  -0.9440002E+01 
  -0.9440828E+01 
  -0.9441524E+01 
  -0.9442087E+01 
  -0.9442630E+01 
  -0.9443231E+01 
  -0.9443925E+01 
  -0.9444719E+01 
  -0.9445528E+01 
  -0.9446206E+01 
  -0.9446736E+01 
  -0.9447314E+01 
  -0.9448131E+01 
  -0.9449131E+01 
  -0.9450052E+01 
  -0.9450700E+01 
  -0.9451182E+01 
  -0.9451786E+01 
  -0.9452696E+01 
  -0.9453820E+01 
  -0.9454873E+01 
  -0.9455637E+01 
  -0.9456166E+01 
  -0.9456745E+01 
  -0.9457619E+01 
  -0.9458772E+01 
  -0.9459959E+01 
  -0.9460930E+01 
  -0.9461630E+01 
  -0.9462246E+01 
  -0.9463044E+01 
  -0.9464131E+01 
  -0.9465386E+01 
  -0.9466569E+01 
  -0.9467499E+01 
  -0.9468207E+01 
  -0.9468947E+01 
  -0.9469985E+01 
  -0.9471320E+01 
  -0.9472659E+01 
  -0.9473733E+01 
  -0.9474557E+01 
  -0.9475376E+01 
  -0.9476425E+01 
  -0.9477706E+01 
  -0.9479032E+01 
  -0.9480218E+01 
  -0.9481261E+01 
  -0.9482304E+01 
  -0.9483471E+01 
  -0.9484731E+01 
  -0.9485961E+01 
  -0.9487113E+01 
  -0.9488268E+01 
  -0.9489534E+01 
  -0.9490896E+01 
  -0.9492252E+01 
  -0.9493531E+01 
  -0.9494740E+01 
  -0.9495927E+01 
  -0.9497158E+01 
  -0.9498504E+01 
  -0.9500012E+01 
  -0.9501599E+01 
  -0.9503059E+01 
  -0.9504261E+01 
  -0.9505355E+01 
  -0.9506646E+01 
  -0.9508254E+01 
  -0.9509995E+01 
  -0.9511595E+01 
  -0.9512952E+01 
  -0.9514196E+01 
  -0.9515548E+01 
  -0.9517123E+01 
  -0.9518844E+01 
  -0.9520520E+01 
  -0.9522042E+01 
  -0.9523463E+01 
  -0.9524938E+01 
  -0.9526577E+01 
  -0.9528343E+01 
  -0.9530076E+01 
  -0.9531652E+01 
  -0.9533136E+01 
  -0.9534720E+01 
  -0.9536506E+01 
  -0.9538397E+01 
  -0.9540198E+01 
  -0.9541832E+01 
  -0.9543405E+01 
  -0.9545074E+01 
  -0.9546889E+01 
  -0.9548783E+01 
  -0.9550677E+01 
  -0.9552535E+01 
  -0.9554344E+01 
  -0.9556102E+01 
  -0.9557850E+01 
  -0.9559677E+01 
  -0.9561637E+01 
  -0.9563681E+01 
  -0.9565683E+01 
  -0.9567569E+01 
  -0.9569403E+01 
  -0.9571302E+01 
  -0.9573277E+01 
  -0.9575275E+01 
  -0.9577303E+01 
  -0.9579394E+01 
  -0.9581494E+01 
  -0.9583519E+01 
  -0.9585478E+01 
  -0.9587477E+01 
  -0.9589582E+01 
  -0.9591745E+01 
  -0.9593881E+01 
  -0.9596002E+01 
  -0.9598182E+01 
  -0.9600404E+01 
  -0.9602565E+01 
  -0.9604633E+01 
  -0.9606721E+01 
  -0.9608960E+01 
  -0.9611330E+01 
  -0.9613680E+01 
  -0.9615903E+01 
  -0.9618047E+01 
  -0.9620236E+01 
  -0.9622537E+01 
  -0.9624911E+01 
  -0.9627275E+01 
  -0.9629606E+01 
  -0.9631945E+01 
  -0.9634316E+01 
  -0.9636681E+01 
  -0.9638991E+01 
  -0.9641295E+01 
  -0.9643707E+01 
  -0.9646254E+01 
  -0.9648817E+01 
  -0.9651249E+01 
  -0.9653561E+01 
  -0.9655913E+01 
  -0.9658427E+01 
  -0.9661035E+01 
  -0.9663568E+01 
  -0.9665990E+01 
  -0.9668454E+01 
  -0.9671075E+01 
  -0.9673756E+01 
  -0.9676304E+01 
  -0.9678699E+01 
  -0.9681130E+01 
  -0.9683752E+01 
  -0.9686520E+01 
  -0.9689264E+01 
  -0.9691865E+01 
  -0.9694356E+01 
  -0.9696861E+01 
  -0.9699469E+01 
  -0.9702185E+01 
  -0.9704959E+01 
  -0.9707739E+01 
  -0.9710467E+01 
  -0.9713073E+01 
  -0.9715558E+01 
  -0.9718083E+01 
  -0.9720840E+01 
  -0.9723836E+01 
  -0.9726840E+01 
  -0.9729588E+01 
  -0.9732038E+01 
  -0.9734429E+01 
  -0.9737093E+01 
  -0.9740120E+01 
  -0.9743259E+01 
  -0.9746174E+01 
  -0.9748766E+01 
  -0.9751225E+01 
  -0.9753824E+01 
  -0.9756693E+01 
  -0.9759746E+01 
  -0.9762763E+01 
  -0.9765571E+01 
  -0.9768187E+01 
  -0.9770790E+01 
  -0.9773551E+01 
  -0.9776485E+01 
  -0.9779469E+01 
  -0.9782369E+01 
  -0.9785143E+01 
  -0.9787844E+01 
  -0.9790567E+01 
  -0.9793391E+01 
  -0.9796304E+01 
  -0.9799227E+01 
  -0.9802082E+01 
  -0.9804867E+01 
  -0.9807643E+01 
  -0.9810446E+01 
  -0.9813275E+01 
  -0.9816130E+01 
  -0.9818994E+01 
  -0.9821828E+01 
  -0.9824621E+01 
  -0.9827396E+01 
  -0.9830192E+01 
  -0.9833008E+01 
  -0.9835808E+01 
  -0.9838586E+01 
  -0.9841373E+01 
  -0.9844213E+01 
  -0.9847075E+01 
  -0.9849858E+01 
  -0.9852513E+01 
  -0.9855140E+01 
  -0.9857897E+01 
  -0.9860802E+01 
  -0.9863686E+01 
  -0.9866391E+01 
  -0.9868972E+01 
  -0.9871600E+01 
  -0.9874320E+01 
  -0.9877042E+01 
  -0.9879715E+01 
  -0.9882403E+01 
  -0.9885170E+01 
  -0.9887937E+01 
  -0.9890532E+01 
  -0.9892912E+01 
  -0.9895284E+01 
  -0.9897923E+01 
  -0.9900830E+01 
  -0.9903674E+01 
  -0.9906153E+01 
  -0.9908335E+01 
  -0.9910584E+01 
  -0.9913152E+01 
  -0.9915927E+01 
  -0.9918588E+01 
  -0.9920954E+01 
  -0.9923151E+01 
  -0.9925427E+01 
  -0.9927862E+01 
  -0.9930328E+01 
  -0.9932698E+01 
  -0.9934996E+01 
  -0.9937306E+01 
  -0.9939620E+01 
  -0.9941844E+01 
  -0.9943952E+01 
  -0.9946051E+01 
  -0.9948261E+01 
  -0.9950568E+01 
  -0.9952822E+01 
  -0.9954886E+01 
  -0.9956783E+01 
  -0.9958679E+01 
  -0.9960697E+01 
  -0.9962781E+01 
  -0.9964787E+01 
  -0.9966674E+01 
  -0.9968541E+01 
  -0.9970439E+01 
  -0.9972280E+01 
  -0.9973967E+01 
  -0.9975568E+01 
  -0.9977258E+01 
  -0.9979103E+01 
  -0.9980949E+01 
  -0.9982569E+01 
  -0.9983915E+01 
  -0.9985192E+01 
  -0.9986654E+01 
  -0.9988324E+01 
  -0.9989961E+01 
  -0.9991326E+01 
  -0.9992446E+01 
  -0.9993550E+01 
  -0.9994792E+01 
  -0.9996120E+01 
  -0.9997383E+01 
  -0.9998495E+01 
  -0.9999472E+01 
  -0.1000038E+02 
  -0.1000128E+02 
  -0.1000218E+02 
  -0.1000310E+02 
  -0.1000402E+02 
  -0.1000486E+02 
  -0.1000552E+02 
  -0.1000601E+02 
  -0.1000647E+02 
  -0.1000706E+02 
  -0.1000772E+02 
  -0.1000827E+02 
  -0.1000858E+02 
  -0.1000878E+02 
  -0.1000903E+02 
  -0.1000934E+02 
  -0.1000951E+02 
  -0.1000943E+02 
  -0.1000926E+02 
  -0.1000925E+02 
  -0.1000943E+02 
  -0.1000953E+02 
  -0.1000923E+02 
  -0.1000858E+02 
  -0.1000789E+02 
  -0.1000747E+02 
  -0.1000727E+02 
  -0.1000698E+02 
  -0.1000640E+02 
  -0.1000552E+02 
  -0.1000452E+02 
  -0.1000353E+02 
  -0.1000259E+02 
  -0.1000169E+02 
  -0.1000078E+02 
  -0.9999758E+01 
  -0.9998522E+01 
  -0.9997053E+01 
  -0.9995441E+01 
  -0.9993851E+01 
  -0.9992393E+01 
  -0.9990985E+01 
  -0.9989406E+01 
  -0.9987536E+01 
  -0.9985491E+01 
  -0.9983455E+01 
  -0.9981446E+01 
  -0.9979312E+01 
  -0.9976996E+01 
  -0.9974641E+01 
  -0.9972382E+01 
  -0.9970097E+01 
  -0.9967504E+01 
  -0.9964540E+01 
  -0.9961471E+01 
  -0.9958606E+01 
  -0.9955943E+01 
  -0.9953175E+01 
  -0.9950021E+01 
  -0.9946495E+01 
  -0.9942856E+01 
  -0.9939336E+01 
  -0.9935933E+01 
  -0.9932482E+01 
  -0.9928837E+01 
  -0.9924946E+01 
  -0.9920832E+01 
  -0.9916578E+01 
  -0.9912287E+01 
  -0.9908028E+01 
  -0.9903786E+01 
  -0.9899448E+01 
  -0.9894878E+01 
  -0.9890028E+01 
  -0.9884993E+01 
  -0.9879923E+01 
  -0.9874886E+01 
  -0.9869813E+01 
  -0.9864598E+01 
  -0.9859211E+01 
  -0.9853668E+01 
  -0.9847972E+01 
  -0.9842105E+01 
  -0.9836099E+01 
  -0.9830032E+01 
  -0.9823946E+01 
  -0.9817817E+01 
  -0.9811560E+01 
  -0.9805072E+01 
  -0.9798292E+01 
  -0.9791288E+01 
  -0.9784256E+01 
  -0.9777345E+01 
  -0.9770474E+01 
  -0.9763380E+01 
  -0.9755890E+01 
  -0.9748090E+01 
  -0.9740202E+01 
  -0.9732348E+01 
  -0.9724494E+01 
  -0.9716563E+01 
  -0.9708482E+01 
  -0.9700170E+01 
  -0.9691552E+01 
  -0.9682657E+01 
  -0.9673669E+01 
  -0.9664781E+01 
  -0.9655982E+01 
  -0.9647041E+01 
  -0.9637725E+01 
  -0.9628031E+01 
  -0.9618132E+01 
  -0.9608198E+01 
  -0.9598294E+01 
  -0.9588389E+01 
  -0.9578372E+01 
  -0.9568089E+01 
  -0.9557456E+01 
  -0.9546547E+01 
  -0.9535535E+01 
  -0.9524522E+01 
  -0.9513487E+01 
  -0.9502342E+01 
  -0.9491001E+01 
  -0.9479402E+01 
  -0.9467537E+01 
  -0.9455473E+01 
  -0.9443284E+01 
  -0.9430998E+01 
  -0.9418617E+01 
  -0.9406163E+01 
  -0.9393624E+01 
  -0.9380892E+01 
  -0.9367794E+01 
  -0.9354288E+01 
  -0.9340590E+01 
  -0.9327022E+01 
  -0.9313654E+01 
  -0.9300198E+01 
  -0.9286270E+01 
  -0.9271776E+01 
  -0.9256993E+01 
  -0.9242278E+01 
  -0.9227744E+01 
  -0.9213202E+01 
  -0.9198367E+01 
  -0.9183103E+01 
  -0.9167493E+01 
  -0.9151740E+01 
  -0.9135990E+01 
  -0.9120222E+01 
  -0.9104278E+01 
  -0.9088042E+01 
  -0.9071540E+01 
  -0.9054889E+01 
  -0.9038158E+01 
  -0.9021313E+01 
  -0.9004236E+01 
  -0.8986833E+01 
  -0.8969160E+01 
  -0.8951422E+01 
  -0.8933779E+01 
  -0.8916113E+01 
  -0.8898089E+01 
  -0.8879519E+01 
  -0.8860589E+01 
  -0.8841679E+01 
  -0.8822966E+01 
  -0.8804266E+01 
  -0.8785250E+01 
  -0.8765754E+01 
  -0.8745888E+01 
  -0.8725878E+01 
  -0.8705863E+01 
  -0.8685851E+01 
  -0.8665739E+01 
  -0.8645375E+01 
  -0.8624653E+01 
  -0.8603606E+01 
  -0.8582392E+01 
  -0.8561157E+01 
  -0.8539892E+01 
  -0.8518451E+01 
  -0.8496701E+01 
  -0.8474648E+01 
  -0.8452425E+01 
  -0.8430141E+01 
  -0.8407759E+01 
  -0.8385142E+01 
  -0.8362197E+01 
  -0.8339020E+01 
  -0.8315821E+01 
  -0.8292668E+01 
  -0.8269344E+01 
  -0.8245563E+01 
  -0.8221308E+01 
  -0.8196905E+01 
  -0.8172687E+01 
  -0.8148628E+01 
  -0.8124351E+01 
  -0.8099534E+01 
  -0.8074227E+01 
  -0.8048754E+01 
  -0.8023365E+01 
  -0.7998054E+01 
  -0.7972627E+01 
  -0.7946896E+01 
  -0.7920806E+01 
  -0.7894436E+01 
  -0.7867918E+01 
  -0.7841340E+01 
  -0.7814703E+01 
  -0.7787933E+01 
  -0.7760946E+01 
  -0.7733717E+01 
  -0.7706271E+01 
  -0.7678663E+01 
  -0.7650931E+01 
  -0.7623069E+01 
  -0.7595021E+01 
  -0.7566756E+01 
  -0.7538316E+01 
  -0.7509808E+01 
  -0.7481264E+01 
  -0.7452566E+01 
  -0.7423515E+01 
  -0.7394063E+01 
  -0.7364436E+01 
  -0.7334932E+01 
  -0.7305597E+01 
  -0.7276161E+01 
  -0.7246302E+01 
  -0.7215954E+01 
  -0.7185339E+01 
  -0.7154744E+01 
  -0.7124294E+01 
  -0.7093885E+01 
  -0.7063291E+01 
  -0.7032355E+01 
  -0.7001076E+01 
  -0.6969577E+01 
  -0.6938010E+01 
  -0.6906459E+01 
  -0.6874928E+01 
  -0.6843326E+01 
  -0.6811521E+01 
  -0.6779419E+01 
  -0.6747038E+01 
  -0.6714516E+01 
  -0.6681989E+01 
  -0.6649487E+01 
  -0.6616935E+01 
  -0.6584235E+01 
  -0.6551344E+01 
  -0.6518247E+01 
  -0.6484942E+01 
  -0.6451473E+01 
  -0.6417984E+01 
  -0.6384597E+01 
  -0.6351241E+01 
  -0.6317681E+01 
  -0.6283766E+01 
  -0.6249601E+01 
  -0.6215442E+01 
  -0.6181407E+01 
  -0.6147365E+01 
  -0.6113121E+01 
  -0.6078669E+01 
  -0.6044155E+01 
  -0.6009645E+01 
  -0.5975049E+01 
  -0.5940260E+01 
  -0.5905336E+01 
  -0.5870446E+01 
  -0.5835653E+01 
  -0.5800820E+01 
  -0.5765762E+01 
  -0.5730449E+01 
  -0.5695056E+01 
  -0.5659786E+01 
  -0.5624650E+01 
  -0.5589461E+01 
  -0.5554050E+01 
  -0.5518458E+01 
  -0.5482851E+01 
  -0.5447308E+01 
  -0.5411779E+01 
  -0.5376196E+01 
  -0.5340549E+01 
  -0.5304878E+01 
  -0.5269201E+01 
  -0.5233495E+01 
  -0.5197726E+01 
  -0.5161908E+01 
  -0.5126101E+01 
  -0.5090352E+01 
  -0.5054653E+01 
  -0.5018947E+01 
  -0.4983168E+01 
  -0.4947304E+01 
  -0.4911428E+01 
  -0.4875640E+01 
  -0.4839974E+01 
  -0.4804357E+01 
  -0.4768690E+01 
  -0.4732974E+01 
  -0.4697295E+01 
  -0.4661696E+01 
  -0.4626136E+01 
  -0.4590572E+01 
  -0.4555041E+01 
  -0.4519624E+01 
  -0.4484352E+01 
  -0.4449161E+01 
  -0.4413929E+01 
  -0.4378610E+01 
  -0.4343301E+01 
  -0.4308184E+01 
  -0.4273345E+01 
  -0.4238681E+01 
  -0.4204002E+01 
  -0.4169221E+01 
  -0.4134429E+01 
  -0.4099796E+01 
  -0.4065410E+01 
  -0.4031229E+01 
  -0.3997168E+01 
  -0.3963189E+01 
  -0.3929271E+01 
  -0.3895388E+01 
  -0.3861561E+01 
  -0.3827900E+01 
  -0.3794529E+01 
  -0.3761450E+01 
  -0.3728535E+01 
  -0.3695634E+01 
  -0.3662718E+01 
  -0.3629921E+01 
  -0.3597398E+01 
  -0.3565183E+01 
  -0.3533195E+01 
  -0.3501368E+01 
  -0.3469696E+01 
  -0.3438199E+01 
  -0.3406864E+01 
  -0.3375659E+01 
  -0.3344615E+01 
  -0.3313858E+01 
  -0.3283514E+01 
  -0.3253539E+01 
  -0.3223714E+01 
  -0.3193862E+01 
  -0.3164054E+01 
  -0.3134546E+01 
  -0.3105552E+01 
  -0.3077059E+01 
  -0.3048844E+01 
  -0.3020675E+01 
  -0.2992528E+01 
  -0.2964604E+01 
  -0.2937144E+01 
  -0.2910198E+01 
  -0.2883603E+01 
  -0.2857192E+01 
  -0.2830969E+01 
  -0.2805054E+01 
  -0.2779512E+01 
  -0.2754315E+01 
  -0.2729434E+01 
  -0.2704894E+01 
  -0.2680736E+01 
  -0.2656958E+01 
  -0.2633514E+01 
  -0.2610395E+01 
  -0.2587650E+01 
  -0.2565295E+01 
  -0.2543286E+01 
  -0.2521608E+01 
  -0.2500348E+01 
  -0.2479621E+01 
  -0.2459413E+01 
  -0.2439557E+01 
  -0.2419912E+01 
  -0.2400530E+01 
  -0.2381654E+01 
  -0.2363484E+01 
  -0.2345954E+01 
  -0.2328792E+01 
  -0.2311815E+01 
  -0.2295113E+01 
  -0.2278938E+01 
  -0.2263451E+01 
  -0.2248597E+01 
  -0.2234215E+01 
  -0.2220215E+01 
  -0.2206639E+01 
  -0.2193556E+01 
  -0.2180972E+01 
  -0.2168897E+01 
  -0.2157398E+01 
  -0.2146554E+01 
  -0.2136341E+01 
  -0.2126625E+01 
  -0.2117287E+01 
  -0.2108357E+01 
  -0.2100020E+01 
  -0.2092437E+01 
  -0.2085601E+01 
  -0.2079378E+01 
  -0.2073645E+01 
  -0.2068372E+01 
  -0.2063605E+01 
  -0.2059432E+01 
  -0.2055965E+01 
  -0.2053299E+01 
  -0.2051419E+01 
  -0.2050172E+01 
  -0.2049360E+01 
  -0.2048951E+01 
  -0.2049146E+01 
  -0.2050205E+01 
  -0.2052203E+01 
  -0.2054994E+01 
  -0.2058369E+01 
  -0.2062236E+01 
  -0.2066649E+01 
  -0.2071746E+01 
  -0.2077666E+01 
  -0.2084486E+01 
  -0.2092160E+01 
  -0.2100540E+01 
  -0.2109510E+01 
  -0.2119077E+01 
  -0.2129351E+01 
  -0.2140459E+01 
  -0.2152464E+01 
  -0.2165351E+01 
  -0.2179037E+01 
  -0.2193429E+01 
  -0.2208491E+01 
  -0.2224286E+01 
  -0.2240923E+01 
  -0.2258462E+01 
  -0.2276879E+01 
  -0.2296140E+01 
  -0.2316238E+01 
  -0.2337163E+01 
  -0.2358870E+01 
  -0.2381356E+01 
  -0.2404698E+01 
  -0.2428994E+01 
  -0.2454252E+01 
  -0.2480389E+01 
  -0.2507343E+01 
  -0.2535142E+01 
  -0.2563854E+01 
  -0.2593503E+01 
  -0.2624057E+01 
  -0.2655500E+01 
  -0.2687857E+01 
  -0.2721188E+01 
  -0.2755515E+01 
  -0.2790789E+01 
  -0.2826958E+01 
  -0.2864026E+01 
  -0.2902045E+01 
  -0.2941043E+01 
  -0.2981018E+01 
  -0.3022014E+01 
  -0.3064089E+01 
  -0.3107197E+01 
  -0.3151214E+01 
  -0.3196072E+01 
  -0.3241860E+01 
  -0.3288748E+01 
  -0.3336839E+01 
  -0.3386069E+01 
  -0.3436277E+01 
  -0.3487374E+01 
  -0.3539403E+01 
  -0.3592463E+01 
  -0.3646634E+01 
  -0.3701956E+01 
  -0.3758441E+01 
  -0.3816030E+01 
  -0.3874610E+01 
  -0.3934113E+01 
  -0.3994619E+01 
  -0.4056300E+01 
  -0.4119252E+01 
  -0.4183390E+01 
  -0.4248540E+01 
  -0.4314634E+01 
  -0.4381780E+01 
  -0.4450141E+01 
  -0.4519761E+01 
  -0.4590541E+01 
  -0.4662357E+01 
  -0.4735201E+01 
  -0.4809175E+01 
  -0.4884391E+01 
  -0.4960855E+01 
  -0.5038475E+01 
  -0.5117153E+01 
  -0.5196893E+01 
  -0.5277810E+01 
  -0.5360006E+01 
  -0.5443459E+01 
  -0.5528066E+01 
  -0.5613771E+01 
  -0.5700617E+01 
  -0.5788674E+01 
  -0.5877952E+01 
  -0.5968423E+01 
  -0.6060095E+01 
  -0.6153024E+01 
  -0.6247205E+01 
  -0.6342525E+01 
  -0.6438908E+01 
  -0.6536452E+01 
  -0.6635352E+01 
  -0.6735665E+01 
  -0.6837235E+01 
  -0.6939875E+01 
  -0.7043555E+01 
  -0.7148421E+01 
  -0.7254643E+01 
  -0.7362252E+01 
  -0.7471139E+01 
  -0.7581187E+01 
  -0.7692391E+01 
  -0.7804825E+01 
  -0.7918527E+01 
  -0.8033468E+01 
  -0.8149625E+01 
  -0.8267041E+01 
  -0.8385781E+01 
  -0.8505833E+01 
  -0.8627108E+01 
  -0.8749547E+01 
  -0.8873177E+01 
  -0.8998065E+01 
  -0.9124235E+01 
  -0.9251686E+01 
  -0.9380433E+01 
  -0.9510493E+01 
  -0.9641827E+01 
  -0.9774343E+01 
  -0.9907996E+01 
  -0.1004285E+02 
  -0.1017903E+02 
  -0.1031657E+02 
  -0.1045542E+02 
  -0.1059551E+02 
  -0.1073681E+02 
  -0.1087931E+02 
  -0.1102300E+02 
  -0.1116792E+02 
  -0.1131410E+02 
  -0.1146160E+02 
  -0.1161046E+02 
  -0.1176060E+02 
  -0.1191191E+02 
  -0.1206433E+02 
  -0.1221788E+02 
  -0.1237268E+02 
  -0.1252882E+02 
  -0.1268633E+02 
  -0.1284516E+02 
  -0.1300517E+02 
  -0.1316622E+02 
  -0.1332830E+02 
  -0.1349159E+02 
  -0.1365629E+02 
  -0.1382240E+02 
  -0.1398976E+02 
  -0.1415821E+02 
  -0.1432766E+02 
  -0.1449818E+02 
  -0.1466993E+02 
  -0.1484304E+02 
  -0.1501750E+02 
  -0.1519316E+02 
  -0.1536988E+02 
  -0.1554762E+02 
  -0.1572641E+02 
  -0.1590639E+02 
  -0.1608767E+02 
  -0.1627023E+02 
  -0.1645394E+02 
  -0.1663868E+02 
  -0.1682444E+02 
  -0.1701132E+02 
  -0.1719933E+02 
  -0.1738849E+02 
  -0.1757878E+02 
  -0.1777019E+02 
  -0.1796271E+02 
  -0.1815630E+02 
  -0.1835094E+02 
  -0.1854661E+02 
  -0.1874329E+02 
  -0.1894104E+02 
  -0.1913990E+02 
  -0.1933985E+02 
  -0.1954083E+02 
  -0.1974281E+02 
  -0.1994577E+02 
  -0.2014969E+02 
  -0.2035459E+02 
  -0.2056050E+02 
  -0.2076744E+02 
  -0.2097537E+02 
  -0.2118427E+02 
  -0.2139410E+02 
  -0.2160484E+02 
  -0.2181648E+02 
  -0.2202901E+02 
  -0.2224245E+02 
  -0.2245685E+02 
  -0.2267221E+02 
  -0.2288845E+02 
  -0.2310549E+02 
  -0.2332333E+02 
  -0.2354202E+02 
  -0.2376156E+02 
  -0.2398195E+02 
  -0.2420315E+02 
  -0.2442516E+02 
  -0.2464795E+02 
  -0.2487152E+02 
  -0.2509584E+02 
  -0.2532088E+02 
  -0.2554662E+02 
  -0.2577308E+02 
  -0.2600031E+02 
  -0.2622832E+02 
  -0.2645702E+02 
  -0.2668629E+02 
  -0.2691610E+02 
  -0.2714658E+02 
  -0.2737784E+02 
  -0.2760980E+02 
  -0.2784227E+02 
  -0.2807517E+02 
  -0.2830860E+02 
  -0.2854270E+02 
  -0.2877745E+02 
  -0.2901271E+02 
  -0.2924837E+02 
  -0.2948451E+02 
  -0.2972119E+02 
  -0.2995834E+02 
  -0.3019583E+02 
  -0.3043368E+02 
  -0.3067202E+02 
  -0.3091093E+02 
  -0.3115030E+02 
  -0.3138993E+02 
  -0.3162968E+02 
  -0.3186966E+02 
  -0.3211005E+02 
  -0.3235092E+02 
  -0.3259217E+02 
  -0.3283363E+02 
  -0.3307520E+02 
  -0.3331688E+02 
  -0.3355869E+02 
  -0.3380073E+02 
  -0.3404309E+02 
  -0.3428575E+02 
  -0.3452853E+02 
  -0.3477122E+02 
  -0.3501381E+02 
  -0.3525643E+02 
  -0.3549928E+02 
  -0.3574236E+02 
  -0.3598546E+02 
  -0.3622839E+02 
  -0.3647113E+02 
  -0.3671383E+02 
  -0.3695657E+02 
  -0.3719929E+02 
  -0.3744182E+02 
  -0.3768411E+02 
  -0.3792624E+02 
  -0.3816832E+02 
  -0.3841028E+02 
  -0.3865198E+02 
  -0.3889326E+02 
  -0.3913416E+02 
  -0.3937480E+02 
  -0.3961529E+02 
  -0.3985558E+02 
  -0.4009550E+02 
  -0.4033493E+02 
  -0.4057382E+02 
  -0.4081218E+02 
  -0.4105008E+02 
  -0.4128764E+02 
  -0.4152493E+02 
  -0.4176182E+02 
  -0.4199802E+02 
  -0.4223331E+02 
  -0.4246777E+02 
  -0.4270174E+02 
  -0.4293546E+02 
  -0.4316882E+02 
  -0.4340138E+02 
  -0.4363282E+02 
  -0.4386321E+02 
  -0.4409287E+02 
  -0.4432207E+02 
  -0.4455073E+02 
  -0.4477853E+02 
  -0.4500523E+02 
  -0.4523084E+02 
  -0.4545551E+02 
  -0.4567936E+02 
  -0.4590232E+02 
  -0.4612431E+02 
  -0.4634525E+02 
  -0.4656511E+02 
  -0.4678387E+02 
  -0.4700152E+02 
  -0.4721803E+02 
  -0.4743338E+02 
  -0.4764755E+02 
  -0.4786047E+02 
  -0.4807214E+02 
  -0.4828260E+02 
  -0.4849189E+02 
  -0.4869991E+02 
  -0.4890645E+02 
  -0.4911135E+02 
  -0.4931475E+02 
  -0.4951693E+02 
  -0.4971799E+02 
  -0.4991771E+02 
  -0.5011569E+02 
  -0.5031176E+02 
  -0.5050611E+02 
  -0.5069903E+02 
  -0.5089062E+02 
  -0.5108069E+02 
  -0.5126899E+02 
  -0.5145541E+02 
  -0.5164000E+02 
  -0.5182285E+02 
  -0.5200393E+02 
  -0.5218319E+02 
  -0.5236061E+02 
  -0.5253620E+02 
  -0.5270996E+02 
  -0.5288179E+02 
  -0.5305155E+02 
  -0.5321918E+02 
  -0.5338474E+02 
  -0.5354831E+02 
  -0.5370992E+02 
  -0.5386950E+02 
  -0.5402698E+02 
  -0.5418221E+02 
  -0.5433511E+02 
  -0.5448565E+02 
  -0.5463391E+02 
  -0.5478005E+02 
  -0.5492409E+02 
  -0.5506585E+02 
  -0.5520508E+02 
  -0.5534166E+02 
  -0.5547573E+02 
  -0.5560745E+02 
  -0.5573689E+02 
  -0.5586388E+02 
  -0.5598825E+02 
  -0.5610991E+02 
  -0.5622890E+02 
  -0.5634528E+02 
  -0.5645906E+02 
  -0.5657021E+02 
  -0.5667867E+02 
  -0.5678434E+02 
  -0.5688716E+02 
  -0.5698712E+02 
  -0.5708423E+02 
  -0.5717856E+02 
  -0.5727009E+02 
  -0.5735868E+02 
  -0.5744418E+02 
  -0.5752661E+02 
  -0.5760611E+02 
  -0.5768277E+02 
  -0.5775642E+02 
  -0.5782682E+02 
  -0.5789385E+02 
  -0.5795769E+02 
  -0.5801857E+02 
  -0.5807652E+02 
  -0.5813126E+02 
  -0.5818248E+02 
  -0.5823015E+02 
  -0.5827451E+02 
  -0.5831574E+02 
  -0.5835380E+02 
  -0.5838842E+02 
  -0.5841945E+02 
  -0.5844691E+02 
  -0.5847095E+02 
  -0.5849162E+02 
  -0.5850876E+02 
  -0.5852222E+02 
  -0.5853201E+02 
  -0.5853824E+02 
  -0.5854095E+02 
  -0.5854004E+02 
  -0.5853538E+02 
  -0.5852692E+02 
  -0.5851467E+02 
  -0.5849866E+02 
  -0.5847885E+02 
  -0.5845523E+02 
  -0.5842786E+02 
  -0.5839674E+02 
  -0.5836171E+02 
  -0.5832254E+02 
  -0.5827919E+02 
  -0.5823189E+02 
  -0.5818089E+02 
  -0.5812617E+02 
  -0.5806739E+02 
  -0.5800421E+02 
  -0.5793667E+02 
  -0.5786502E+02 
  -0.5778949E+02 
  -0.5771005E+02 
  -0.5762644E+02 
  -0.5753844E+02 
  -0.5744604E+02 
  -0.5734936E+02 
  -0.5724851E+02 
  -0.5714348E+02 
  -0.5703416E+02 
  -0.5692046E+02 
  -0.5680235E+02 
  -0.5667986E+02 
  -0.5655300E+02 
  -0.5642174E+02 
  -0.5628602E+02 
  -0.5614581E+02 
  -0.5600111E+02 
  -0.5585195E+02 
  -0.5569836E+02 
  -0.5554025E+02 
  -0.5537755E+02 
  -0.5521016E+02 
  -0.5503812E+02 
  -0.5486150E+02 
  -0.5468039E+02 
  -0.5449478E+02 
  -0.5430454E+02 
  -0.5410947E+02 
  -0.5390952E+02 
  -0.5370480E+02 
  -0.5349551E+02 
  -0.5328169E+02 
  -0.5306320E+02 
  -0.5283983E+02 
  -0.5261149E+02 
  -0.5237824E+02 
  -0.5214027E+02 
  -0.5189766E+02 
  -0.5165031E+02 
  -0.5139804E+02 
  -0.5114077E+02 
  -0.5087855E+02 
  -0.5061151E+02 
  -0.5033970E+02 
  -0.5006301E+02 
  -0.4978132E+02 
  -0.4949460E+02 
  -0.4920296E+02 
  -0.4890646E+02 
  -0.4860509E+02 
  -0.4829875E+02 
  -0.4798731E+02 
  -0.4767077E+02 
  -0.4734923E+02 
  -0.4702282E+02 
  -0.4669155E+02 
  -0.4635532E+02 
  -0.4601394E+02 
  -0.4566736E+02 
  -0.4531568E+02 
  -0.4495903E+02 
  -0.4459749E+02 
  -0.4423103E+02 
  -0.4385952E+02 
  -0.4348286E+02 
  -0.4310097E+02 
  -0.4271390E+02 
  -0.4232182E+02 
  -0.4192491E+02 
  -0.4152310E+02 
  -0.4111617E+02 
  -0.4070394E+02 
  -0.4028647E+02 
  -0.3986396E+02 
  -0.3943656E+02 
  -0.3900424E+02 
  -0.3856684E+02 
  -0.3812425E+02 
  -0.3767650E+02 
  -0.3722368E+02 
  -0.3676587E+02 
  -0.3630306E+02 
  -0.3583521E+02 
  -0.3536230E+02 
  -0.3488430E+02 
  -0.3440125E+02 
  -0.3391317E+02 
  -0.3342006E+02 
  -0.3292197E+02 
  -0.3241891E+02 
  -0.3191084E+02 
  -0.3139772E+02 
  -0.3087953E+02 
  -0.3035637E+02 
  -0.2982837E+02 
  -0.2929549E+02 
  -0.2875761E+02 
  -0.2821462E+02 
  -0.2766661E+02 
  -0.2711379E+02 
  -0.2655627E+02 
  -0.2599394E+02 
  -0.2542659E+02 
  -0.2485415E+02 
  -0.2427681E+02 
  -0.2369477E+02 
  -0.2310810E+02 
  -0.2251667E+02 
  -0.2192033E+02 
  -0.2131911E+02 
  -0.2071312E+02 
  -0.2010244E+02 
  -0.1948706E+02 
  -0.1886697E+02 
  -0.1824224E+02 
  -0.1761288E+02 
  -0.1697888E+02 
  -0.1634017E+02 
  -0.1569681E+02 
  -0.1504889E+02 
  -0.1439649E+02 
  -0.1373958E+02 
  -0.1307811E+02 
  -0.1241212E+02 
  -0.1174170E+02 
  -0.1106690E+02 
  -0.1038765E+02 
  -0.9703924E+01 
  -0.9015777E+01 
  -0.8323350E+01 
  -0.7626739E+01 
  -0.6925925E+01 
  -0.6220811E+01 
  -0.5511327E+01 
  -0.4797522E+01 
  -0.4079564E+01 
  -0.3357622E+01 
  -0.2631745E+01 
  -0.1901844E+01 
  -0.1167787E+01 
  -0.4295240E+00 
   0.3128432E+00 
   0.1059104E+01 
   0.1809075E+01 
   0.2562725E+01 
   0.3320182E+01 
   0.4081611E+01 
   0.4847051E+01 
   0.5616320E+01 
   0.6389144E+01 
   0.7165386E+01 
   0.7945144E+01 
   0.8728592E+01 
   0.9515761E+01 
   0.1030651E+02 
   0.1110066E+02 
   0.1189813E+02 
   0.1269896E+02 
   0.1350314E+02 
   0.1431065E+02 
   0.1512142E+02 
   0.1593541E+02 
   0.1675257E+02 
   0.1757285E+02 
   0.1839620E+02 
   0.1922260E+02 
   0.2005201E+02 
   0.2088437E+02 
   0.2171957E+02 
   0.2255757E+02 
   0.2339837E+02 
   0.2424201E+02 
   0.2508844E+02 
   0.2593756E+02 
   0.2678921E+02 
   0.2764328E+02 
   0.2849981E+02 
   0.2935888E+02 
   0.3022049E+02 
   0.3108451E+02 
   0.3195076E+02 
   0.3281915E+02 
   0.3368974E+02 
   0.3456253E+02 
   0.3543743E+02 
   0.3631429E+02 
   0.3719309E+02 
   0.3807390E+02 
   0.3895668E+02 
   0.3984127E+02 
   0.4072751E+02 
   0.4161535E+02 
   0.4250484E+02 
   0.4339598E+02 
   0.4428869E+02 
   0.4518287E+02 
   0.4607845E+02 
   0.4697537E+02 
   0.4787357E+02 
   0.4877296E+02 
   0.4967347E+02 
   0.5057503E+02 
   0.5147767E+02 
   0.5238141E+02 
   0.5328615E+02 
   0.5419172E+02 
   0.5509794E+02 
   0.5600473E+02 
   0.5691215E+02 
   0.5782028E+02 
   0.5872909E+02 
   0.5963848E+02 
   0.6054824E+02 
   0.6145818E+02 
   0.6236818E+02 
   0.6327833E+02 
   0.6418874E+02 
   0.6509943E+02 
   0.6601023E+02 
   0.6692088E+02 
   0.6783120E+02 
   0.6874117E+02 
   0.6965085E+02 
   0.7056028E+02 
   0.7146943E+02 
   0.7237819E+02 
   0.7328637E+02 
   0.7419379E+02 
   0.7510036E+02 
   0.7600611E+02 
   0.7691111E+02 
   0.7781532E+02 
   0.7871861E+02 
   0.7962078E+02 
   0.8052174E+02 
   0.8142146E+02 
   0.8231989E+02 
   0.8321695E+02 
   0.8411256E+02 
   0.8500669E+02 
   0.8589931E+02 
   0.8679034E+02 
   0.8767963E+02 
   0.8856702E+02 
   0.8945241E+02 
   0.9033582E+02 
   0.9121730E+02 
   0.9209680E+02 
   0.9297417E+02 
   0.9384920E+02 
   0.9472178E+02 
   0.9559187E+02 
   0.9645949E+02 
   0.9732463E+02 
   0.9818719E+02 
   0.9904707E+02 
   0.9990411E+02 
   0.1007582E+03 
   0.1016092E+03 
   0.1024572E+03 
   0.1033021E+03 
   0.1041441E+03 
   0.1049829E+03 
   0.1058180E+03 
   0.1066495E+03 
   0.1074775E+03 
   0.1083022E+03 
   0.1091235E+03 
   0.1099410E+03 
   0.1107544E+03 
   0.1115636E+03 
   0.1123690E+03 
   0.1131705E+03 
   0.1139680E+03 
   0.1147613E+03 
   0.1155501E+03 
   0.1163345E+03 
   0.1171144E+03 
   0.1178898E+03 
   0.1186606E+03 
   0.1194268E+03 
   0.1201884E+03 
   0.1209450E+03 
   0.1216967E+03 
   0.1224431E+03 
   0.1231844E+03 
   0.1239206E+03 
   0.1246519E+03 
   0.1253779E+03 
   0.1260983E+03 
   0.1268130E+03 
   0.1275221E+03 
   0.1282257E+03 
   0.1289238E+03 
   0.1296161E+03 
   0.1303024E+03 
   0.1309826E+03 
   0.1316568E+03 
   0.1323250E+03 
   0.1329871E+03 
   0.1336427E+03 
   0.1342919E+03 
   0.1349348E+03 
   0.1355714E+03 
   0.1362014E+03 
   0.1368247E+03 
   0.1374410E+03 
   0.1380505E+03 
   0.1386532E+03 
   0.1392491E+03 
   0.1398381E+03 
   0.1404199E+03 
   0.1409943E+03 
   0.1415614E+03 
   0.1421212E+03 
   0.1426736E+03 
   0.1432187E+03 
   0.1437563E+03 
   0.1442863E+03 
   0.1448083E+03 
   0.1453225E+03 
   0.1458288E+03 
   0.1463273E+03 
   0.1468180E+03 
   0.1473006E+03 
   0.1477750E+03 
   0.1482411E+03 
   0.1486988E+03 
   0.1491483E+03 
   0.1495894E+03 
   0.1500220E+03 
   0.1504461E+03 
   0.1508615E+03 
   0.1512683E+03 
   0.1516662E+03 
   0.1520552E+03 
   0.1524353E+03 
   0.1528064E+03 
   0.1531687E+03 
   0.1535220E+03 
   0.1538660E+03 
   0.1542006E+03 
   0.1545257E+03 
   0.1548416E+03 
   0.1551483E+03 
   0.1554457E+03 
   0.1557334E+03 
   0.1560113E+03 
   0.1562793E+03 
   0.1565377E+03 
   0.1567865E+03 
   0.1570256E+03 
   0.1572547E+03 
   0.1574736E+03 
   0.1576825E+03 
   0.1578814E+03 
   0.1580702E+03 
   0.1582487E+03 
   0.1584168E+03 
   0.1585747E+03 
   0.1587224E+03 
   0.1588597E+03 
   0.1589864E+03 
   0.1591025E+03 
   0.1592079E+03 
   0.1593028E+03 
   0.1593870E+03 
   0.1594605E+03 
   0.1595233E+03 
   0.1595753E+03 
   0.1596163E+03 
   0.1596463E+03 
   0.1596652E+03 
   0.1596730E+03 
   0.1596700E+03 
   0.1596560E+03 
   0.1596309E+03 
   0.1595945E+03 
   0.1595465E+03 
   0.1594871E+03 
   0.1594166E+03 
   0.1593349E+03 
   0.1592420E+03 
   0.1591375E+03 
   0.1590214E+03 
   0.1588935E+03 
   0.1587541E+03 
   0.1586031E+03 
   0.1584406E+03 
   0.1582666E+03 
   0.1580809E+03 
   0.1578834E+03 
   0.1576739E+03 
   0.1574526E+03 
   0.1572194E+03 
   0.1569744E+03 
   0.1567177E+03 
   0.1564492E+03 
   0.1561687E+03 
   0.1558760E+03 
   0.1555711E+03 
   0.1552543E+03 
   0.1549256E+03 
   0.1545849E+03 
   0.1542322E+03 
   0.1538671E+03 
   0.1534899E+03 
   0.1531005E+03 
   0.1526991E+03 
   0.1522854E+03 
   0.1518594E+03 
   0.1514212E+03 
   0.1509710E+03 
   0.1505085E+03 
   0.1500336E+03 
   0.1495463E+03 
   0.1490466E+03 
   0.1485348E+03 
   0.1480109E+03 
   0.1474747E+03 
   0.1469260E+03 
   0.1463648E+03 
   0.1457912E+03 
   0.1452054E+03 
   0.1446073E+03 
   0.1439969E+03 
   0.1433741E+03 
   0.1427389E+03 
   0.1420915E+03 
   0.1414316E+03 
   0.1407592E+03 
   0.1400745E+03 
   0.1393775E+03 
   0.1386683E+03 
   0.1379468E+03 
   0.1372128E+03 
   0.1364665E+03 
   0.1357079E+03 
   0.1349371E+03 
   0.1341539E+03 
   0.1333583E+03 
   0.1325505E+03 
   0.1317306E+03 
   0.1308985E+03 
   0.1300542E+03 
   0.1291975E+03 
   0.1283285E+03 
   0.1274473E+03 
   0.1265541E+03 
   0.1256490E+03 
   0.1247319E+03 
   0.1238026E+03 
   0.1228610E+03 
   0.1219072E+03 
   0.1209413E+03 
   0.1199638E+03 
   0.1189745E+03 
   0.1179734E+03 
   0.1169602E+03 
   0.1159350E+03 
   0.1148977E+03 
   0.1138488E+03 
   0.1127883E+03 
   0.1117162E+03 
   0.1106324E+03 
   0.1095368E+03 
   0.1084295E+03 
   0.1073107E+03 
   0.1061804E+03 
   0.1050386E+03 
   0.1038854E+03 
   0.1027208E+03 
   0.1015448E+03 
   0.1003575E+03 
   0.9915895E+02 
   0.9794923E+02 
   0.9672830E+02 
   0.9549616E+02 
   0.9425289E+02 
   0.9299867E+02 
   0.9173365E+02 
   0.9045787E+02 
   0.8917119E+02 
   0.8787350E+02 
   0.8656489E+02 
   0.8524560E+02 
   0.8391587E+02 
   0.8257581E+02 
   0.8122535E+02 
   0.7986435E+02 
   0.7849275E+02 
   0.7711065E+02 
   0.7571833E+02 
   0.7431600E+02 
   0.7290377E+02 
   0.7148160E+02 
   0.7004941E+02 
   0.6860714E+02 
   0.6715485E+02 
   0.6569272E+02 
   0.6422101E+02 
   0.6273992E+02 
   0.6124946E+02 
   0.5974953E+02 
   0.5824003E+02 
   0.5672105E+02 
   0.5519280E+02 
   0.5365546E+02 
   0.5210916E+02 
   0.5055400E+02 
   0.4899001E+02 
   0.4741723E+02 
   0.4583565E+02 
   0.4424528E+02 
   0.4264620E+02 
   0.4103865E+02 
   0.3942287E+02 
   0.3779904E+02 
   0.3616715E+02 
   0.3452705E+02 
   0.3287864E+02 
   0.3122203E+02 
   0.2955760E+02 
   0.2788574E+02 
   0.2620658E+02 
   0.2451992E+02 
   0.2282556E+02 
   0.2112356E+02 
   0.1941424E+02 
   0.1769792E+02 
   0.1597476E+02 
   0.1424478E+02 
   0.1250792E+02 
   0.1076421E+02 
   0.9013769E+01 
   0.7256738E+01 
   0.5493283E+01 
   0.3723573E+01 
   0.1947739E+01 
   0.1658523E+00 
  -0.1622063E+01 
  -0.3415949E+01 
  -0.5215667E+01 
  -0.7021025E+01 
  -0.8831891E+01 
  -0.1064820E+02 
  -0.1246985E+02 
  -0.1429667E+02 
  -0.1612848E+02 
  -0.1796526E+02 
  -0.1980706E+02 
  -0.2165382E+02 
  -0.2350524E+02 
  -0.2536094E+02 
  -0.2722078E+02 
  -0.2908488E+02 
  -0.3095336E+02 
  -0.3282609E+02 
  -0.3470274E+02 
  -0.3658304E+02 
  -0.3846689E+02 
  -0.4035426E+02 
  -0.4224510E+02 
  -0.4413928E+02 
  -0.4603668E+02 
  -0.4793720E+02 
  -0.4984068E+02 
  -0.5174690E+02 
  -0.5365563E+02 
  -0.5556680E+02 
  -0.5748042E+02 
  -0.5939651E+02 
  -0.6131490E+02 
  -0.6323531E+02 
  -0.6515749E+02 
  -0.6708134E+02 
  -0.6900679E+02 
  -0.7093378E+02 
  -0.7286216E+02 
  -0.7479181E+02 
  -0.7672266E+02 
  -0.7865458E+02 
  -0.8058732E+02 
  -0.8252061E+02 
  -0.8445431E+02 
  -0.8638842E+02 
  -0.8832300E+02 
  -0.9025798E+02 
  -0.9219306E+02 
  -0.9412787E+02 
  -0.9606224E+02 
  -0.9799618E+02 
  -0.9992972E+02 
  -0.1018628E+03 
  -0.1037950E+03 
  -0.1057263E+03 
  -0.1076565E+03 
  -0.1095855E+03 
  -0.1115133E+03 
  -0.1134395E+03 
  -0.1153640E+03 
  -0.1172868E+03 
  -0.1192077E+03 
  -0.1211266E+03 
  -0.1230435E+03 
  -0.1249580E+03 
  -0.1268700E+03 
  -0.1287794E+03 
  -0.1306860E+03 
  -0.1325898E+03 
  -0.1344906E+03 
  -0.1363884E+03 
  -0.1382828E+03 
  -0.1401738E+03 
  -0.1420612E+03 
  -0.1439448E+03 
  -0.1458247E+03 
  -0.1477006E+03 
  -0.1495724E+03 
  -0.1514399E+03 
  -0.1533029E+03 
  -0.1551615E+03 
  -0.1570153E+03 
  -0.1588643E+03 
  -0.1607084E+03 
  -0.1625474E+03 
  -0.1643811E+03 
  -0.1662094E+03 
  -0.1680322E+03 
  -0.1698494E+03 
  -0.1716608E+03 
  -0.1734662E+03 
  -0.1752655E+03 
  -0.1770585E+03 
  -0.1788453E+03 
  -0.1806257E+03 
  -0.1823995E+03 
  -0.1841664E+03 
  -0.1859263E+03 
  -0.1876790E+03 
  -0.1894247E+03 
  -0.1911633E+03 
  -0.1928945E+03 
  -0.1946181E+03 
  -0.1963337E+03 
  -0.1980413E+03 
  -0.1997410E+03 
  -0.2014327E+03 
  -0.2031164E+03 
  -0.2047917E+03 
  -0.2064583E+03 
  -0.2081160E+03 
  -0.2097649E+03 
  -0.2114050E+03 
  -0.2130362E+03 
  -0.2146584E+03 
  -0.2162712E+03 
  -0.2178743E+03 
  -0.2194677E+03 
  -0.2210514E+03 
  -0.2226255E+03 
  -0.2241898E+03 
  -0.2257440E+03 
  -0.2272878E+03 
  -0.2288211E+03 
  -0.2303439E+03 
  -0.2318564E+03 
  -0.2333582E+03 
  -0.2348492E+03 
  -0.2363289E+03 
  -0.2377976E+03 
  -0.2392552E+03 
  -0.2407016E+03 
  -0.2421365E+03 
  -0.2435597E+03 
  -0.2449710E+03 
  -0.2463706E+03 
  -0.2477585E+03 
  -0.2491344E+03 
  -0.2504981E+03 
  -0.2518494E+03 
  -0.2531883E+03 
  -0.2545146E+03 
  -0.2558283E+03 
  -0.2571293E+03 
  -0.2584176E+03 
  -0.2596930E+03 
  -0.2609553E+03 
  -0.2622042E+03 
  -0.2634397E+03 
  -0.2646620E+03 
  -0.2658709E+03 
  -0.2670662E+03 
  -0.2682477E+03 
  -0.2694153E+03 
  -0.2705690E+03 
  -0.2717089E+03 
  -0.2728345E+03 
  -0.2739458E+03 
  -0.2750427E+03 
  -0.2761253E+03 
  -0.2771936E+03 
  -0.2782472E+03 
  -0.2792860E+03 
  -0.2803098E+03 
  -0.2813186E+03 
  -0.2823125E+03 
  -0.2832916E+03 
  -0.2842556E+03 
  -0.2852042E+03 
  -0.2861373E+03 
  -0.2870548E+03 
  -0.2879567E+03 
  -0.2888432E+03 
  -0.2897141E+03 
  -0.2905694E+03 
  -0.2914087E+03 
  -0.2922319E+03 
  -0.2930387E+03 
  -0.2938295E+03 
  -0.2946044E+03 
  -0.2953632E+03 
  -0.2961057E+03 
  -0.2968315E+03 
  -0.2975406E+03 
  -0.2982331E+03 
  -0.2989092E+03 
  -0.2995687E+03 
  -0.3002114E+03 
  -0.3008371E+03 
  -0.3014459E+03 
  -0.3020378E+03 
  -0.3026126E+03 
  -0.3031704E+03 
  -0.3037108E+03 
  -0.3042341E+03 
  -0.3047402E+03 
  -0.3052289E+03 
  -0.3057003E+03 
  -0.3061541E+03 
  -0.3065902E+03 
  -0.3070089E+03 
  -0.3074100E+03 
  -0.3077935E+03 
  -0.3081593E+03 
  -0.3085073E+03 
  -0.3088374E+03 
  -0.3091496E+03 
  -0.3094439E+03 
  -0.3097204E+03 
  -0.3099789E+03 
  -0.3102193E+03 
  -0.3104417E+03 
  -0.3106459E+03 
  -0.3108320E+03 
  -0.3109998E+03 
  -0.3111494E+03 
  -0.3112810E+03 
  -0.3113943E+03 
  -0.3114892E+03 
  -0.3115656E+03 
  -0.3116237E+03 
  -0.3116635E+03 
  -0.3116849E+03 
  -0.3116880E+03 
  -0.3116725E+03 
  -0.3116384E+03 
  -0.3115859E+03 
  -0.3115150E+03 
  -0.3114256E+03 
  -0.3113175E+03 
  -0.3111908E+03 
  -0.3110455E+03 
  -0.3108819E+03 
  -0.3106997E+03 
  -0.3104989E+03 
  -0.3102793E+03 
  -0.3100411E+03 
  -0.3097843E+03 
  -0.3095089E+03 
  -0.3092150E+03 
  -0.3089026E+03 
  -0.3085715E+03 
  -0.3082217E+03 
  -0.3078533E+03 
  -0.3074662E+03 
  -0.3070606E+03 
  -0.3066365E+03 
  -0.3061939E+03 
  -0.3057328E+03 
  -0.3052530E+03 
  -0.3047546E+03 
  -0.3042377E+03 
  -0.3037023E+03 
  -0.3031485E+03 
  -0.3025763E+03 
  -0.3019857E+03 
  -0.3013768E+03 
  -0.3007494E+03 
  -0.3001035E+03 
  -0.2994392E+03 
  -0.2987566E+03 
  -0.2980559E+03 
  -0.2973371E+03 
  -0.2966002E+03 
  -0.2958449E+03 
  -0.2950713E+03 
  -0.2942796E+03 
  -0.2934699E+03 
  -0.2926424E+03 
  -0.2917970E+03 
  -0.2909335E+03 
  -0.2900521E+03 
  -0.2891527E+03 
  -0.2882356E+03 
  -0.2873009E+03 
  -0.2863484E+03 
  -0.2853783E+03 
  -0.2843906E+03 
  -0.2833854E+03 
  -0.2823627E+03 
  -0.2813225E+03 
  -0.2802649E+03 
  -0.2791901E+03 
  -0.2780981E+03 
  -0.2769889E+03 
  -0.2758624E+03 
  -0.2747190E+03 
  -0.2735586E+03 
  -0.2723813E+03 
  -0.2711871E+03 
  -0.2699760E+03 
  -0.2687483E+03 
  -0.2675040E+03 
  -0.2662432E+03 
  -0.2649658E+03 
  -0.2636720E+03 
  -0.2623618E+03 
  -0.2610354E+03 
  -0.2596929E+03 
  -0.2583343E+03 
  -0.2569597E+03 
  -0.2555692E+03 
  -0.2541627E+03 
  -0.2527405E+03 
  -0.2513026E+03 
  -0.2498492E+03 
  -0.2483805E+03 
  -0.2468963E+03 
  -0.2453968E+03 
  -0.2438820E+03 
  -0.2423520E+03 
  -0.2408070E+03 
  -0.2392473E+03 
  -0.2376728E+03 
  -0.2360836E+03 
  -0.2344797E+03 
  -0.2328612E+03 
  -0.2312283E+03 
  -0.2295811E+03 
  -0.2279198E+03 
  -0.2262445E+03 
  -0.2245552E+03 
  -0.2228519E+03 
  -0.2211349E+03 
  -0.2194041E+03 
  -0.2176599E+03 
  -0.2159023E+03 
  -0.2141315E+03 
  -0.2123475E+03 
  -0.2105503E+03 
  -0.2087401E+03 
  -0.2069170E+03 
  -0.2050813E+03 
  -0.2032332E+03 
  -0.2013725E+03 
  -0.1994995E+03 
  -0.1976141E+03 
  -0.1957166E+03 
  -0.1938073E+03 
  -0.1918862E+03 
  -0.1899533E+03 
  -0.1880087E+03 
  -0.1860527E+03 
  -0.1840855E+03 
  -0.1821070E+03 
  -0.1801174E+03 
  -0.1781169E+03 
  -0.1761056E+03 
  -0.1740838E+03 
  -0.1720515E+03 
  -0.1700086E+03 
  -0.1679554E+03 
  -0.1658921E+03 
  -0.1638191E+03 
  -0.1617363E+03 
  -0.1596436E+03 
  -0.1575413E+03 
  -0.1554296E+03 
  -0.1533087E+03 
  -0.1511789E+03 
  -0.1490400E+03 
  -0.1468921E+03 
  -0.1447356E+03 
  -0.1425706E+03 
  -0.1403973E+03 
  -0.1382158E+03 
  -0.1360261E+03 
  -0.1338285E+03 
  -0.1316231E+03 
  -0.1294101E+03 
  -0.1271894E+03 
  -0.1249615E+03 
  -0.1227265E+03 
  -0.1204846E+03 
  -0.1182358E+03 
  -0.1159800E+03 
  -0.1137176E+03 
  -0.1114489E+03 
  -0.1091741E+03 
  -0.1068933E+03 
  -0.1046066E+03 
  -0.1023138E+03 
  -0.1000153E+03 
  -0.9771143E+02 
  -0.9540235E+02 
  -0.9308821E+02 
  -0.9076905E+02 
  -0.8844501E+02 
  -0.8611626E+02 
  -0.8378299E+02 
  -0.8144536E+02 
  -0.7910357E+02 
  -0.7675783E+02 
  -0.7440827E+02 
  -0.7205495E+02 
  -0.6969797E+02 
  -0.6733758E+02 
  -0.6497410E+02 
  -0.6260771E+02 
  -0.6023845E+02 
  -0.5786632E+02 
  -0.5549147E+02 
  -0.5311422E+02 
  -0.5073490E+02 
  -0.4835369E+02 
  -0.4597058E+02 
  -0.4358557E+02 
  -0.4119885E+02 
  -0.3881072E+02 
  -0.3642146E+02 
  -0.3403126E+02 
  -0.3164015E+02 
  -0.2924821E+02 
  -0.2685558E+02 
  -0.2446251E+02 
  -0.2206926E+02 
  -0.1967601E+02 
  -0.1728287E+02 
  -0.1488991E+02 
  -0.1249729E+02 
  -0.1010524E+02 
  -0.7713979E+01 
  -0.5323652E+01 
  -0.2934341E+01 
  -0.5461993E+00 
   0.1840536E+01 
   0.4225629E+01 
   0.6608934E+01 
   0.8990366E+01 
   0.1136981E+02 
   0.1374709E+02 
   0.1612198E+02 
   0.1849430E+02 
   0.2086393E+02 
   0.2323070E+02 
   0.2559439E+02 
   0.2795484E+02 
   0.3031196E+02 
   0.3266567E+02 
   0.3501576E+02 
   0.3736195E+02 
   0.3970402E+02 
   0.4204191E+02 
   0.4437557E+02 
   0.4670489E+02 
   0.4902962E+02 
   0.5134946E+02 
   0.5366422E+02 
   0.5597382E+02 
   0.5827822E+02 
   0.6057731E+02 
   0.6287092E+02 
   0.6515882E+02 
   0.6744078E+02 
   0.6971661E+02 
   0.7198619E+02 
   0.7424942E+02 
   0.7650622E+02 
   0.7875644E+02 
   0.8099988E+02 
   0.8323635E+02 
   0.8546568E+02 
   0.8768772E+02 
   0.8990234E+02 
   0.9210940E+02 
   0.9430880E+02 
   0.9650041E+02 
   0.9868406E+02 
   0.1008595E+03 
   0.1030266E+03 
   0.1051853E+03 
   0.1073355E+03 
   0.1094770E+03 
   0.1116096E+03 
   0.1137332E+03 
   0.1158476E+03 
   0.1179528E+03 
   0.1200486E+03 
   0.1221349E+03 
   0.1242116E+03 
   0.1262783E+03 
   0.1283350E+03 
   0.1303817E+03 
   0.1324182E+03 
   0.1344443E+03 
   0.1364599E+03 
   0.1384650E+03 
   0.1404593E+03 
   0.1424426E+03 
   0.1444149E+03 
   0.1463760E+03 
   0.1483261E+03 
   0.1502648E+03 
   0.1521920E+03 
   0.1541073E+03 
   0.1560109E+03 
   0.1579026E+03 
   0.1597825E+03 
   0.1616503E+03 
   0.1635058E+03 
   0.1653489E+03 
   0.1671794E+03 
   0.1689974E+03 
   0.1708028E+03 
   0.1725954E+03 
   0.1743751E+03 
   0.1761416E+03 
   0.1778951E+03 
   0.1796353E+03 
   0.1813621E+03 
   0.1830755E+03 
   0.1847753E+03 
   0.1864614E+03 
   0.1881338E+03 
   0.1897923E+03 
   0.1914369E+03 
   0.1930672E+03 
   0.1946834E+03 
   0.1962853E+03 
   0.1978730E+03 
   0.1994463E+03 
   0.2010049E+03 
   0.2025488E+03 
   0.2040779E+03 
   0.2055921E+03 
   0.2070916E+03 
   0.2085762E+03 
   0.2100457E+03 
   0.2114999E+03 
   0.2129387E+03 
   0.2143622E+03 
   0.2157703E+03 
   0.2171630E+03 
   0.2185402E+03 
   0.2199017E+03 
   0.2212474E+03 
   0.2225772E+03 
   0.2238911E+03 
   0.2251891E+03 
   0.2264712E+03 
   0.2277373E+03 
   0.2289871E+03 
   0.2302206E+03 
   0.2314377E+03 
   0.2326385E+03 
   0.2338229E+03 
   0.2349910E+03 
   0.2361426E+03 
   0.2372776E+03 
   0.2383956E+03 
   0.2394968E+03 
   0.2405814E+03 
   0.2416494E+03 
   0.2427007E+03 
   0.2437349E+03 
   0.2447520E+03 
   0.2457519E+03 
   0.2467348E+03 
   0.2477007E+03 
   0.2486495E+03 
   0.2495812E+03 
   0.2504956E+03 
   0.2513928E+03 
   0.2522725E+03 
   0.2531347E+03 
   0.2539795E+03 
   0.2548070E+03 
   0.2556173E+03 
   0.2564101E+03 
   0.2571853E+03 
   0.2579427E+03 
   0.2586825E+03 
   0.2594048E+03 
   0.2601096E+03 
   0.2607969E+03 
   0.2614664E+03 
   0.2621182E+03 
   0.2627521E+03 
   0.2633685E+03 
   0.2639671E+03 
   0.2645479E+03 
   0.2651109E+03 
   0.2656561E+03 
   0.2661837E+03 
   0.2666935E+03 
   0.2671855E+03 
   0.2676594E+03 
   0.2681155E+03 
   0.2685538E+03 
   0.2689745E+03 
   0.2693775E+03 
   0.2697625E+03 
   0.2701296E+03 
   0.2704788E+03 
   0.2708102E+03 
   0.2711239E+03 
   0.2714197E+03 
   0.2716978E+03 
   0.2719582E+03 
   0.2722009E+03 
   0.2724256E+03 
   0.2726324E+03 
   0.2728215E+03 
   0.2729930E+03 
   0.2731471E+03 
   0.2732835E+03 
   0.2734020E+03 
   0.2735028E+03 
   0.2735859E+03 
   0.2736516E+03 
   0.2736998E+03 
   0.2737304E+03 
   0.2737435E+03 
   0.2737392E+03 
   0.2737174E+03 
   0.2736782E+03 
   0.2736215E+03 
   0.2735474E+03 
   0.2734561E+03 
   0.2733476E+03 
   0.2732219E+03 
   0.2730790E+03 
   0.2729189E+03 
   0.2727417E+03 
   0.2725472E+03 
   0.2723358E+03 
   0.2721075E+03 
   0.2718624E+03 
   0.2716005E+03 
   0.2713217E+03 
   0.2710259E+03 
   0.2707133E+03 
   0.2703841E+03 
   0.2700384E+03 
   0.2696763E+03 
   0.2692977E+03 
   0.2689026E+03 
   0.2684909E+03 
   0.2680628E+03 
   0.2676185E+03 
   0.2671581E+03 
   0.2666817E+03 
   0.2661892E+03 
   0.2656807E+03 
   0.2651562E+03 
   0.2646157E+03 
   0.2640594E+03 
   0.2634873E+03 
   0.2628996E+03 
   0.2622965E+03 
   0.2616780E+03 
   0.2610440E+03 
   0.2603945E+03 
   0.2597295E+03 
   0.2590492E+03 
   0.2583541E+03 
   0.2576440E+03 
   0.2569191E+03 
   0.2561791E+03 
   0.2554242E+03 
   0.2546546E+03 
   0.2538703E+03 
   0.2530715E+03 
   0.2522582E+03 
   0.2514308E+03 
   0.2505891E+03 
   0.2497331E+03 
   0.2488629E+03 
   0.2479784E+03 
   0.2470801E+03 
   0.2461681E+03 
   0.2452427E+03 
   0.2443035E+03 
   0.2433506E+03 
   0.2423841E+03 
   0.2414043E+03 
   0.2404114E+03 
   0.2394054E+03 
   0.2383862E+03 
   0.2373541E+03 
   0.2363091E+03 
   0.2352515E+03 
   0.2341812E+03 
   0.2330982E+03 
   0.2320028E+03 
   0.2308950E+03 
   0.2297751E+03 
   0.2286431E+03 
   0.2274991E+03 
   0.2263432E+03 
   0.2251754E+03 
   0.2239959E+03 
   0.2228047E+03 
   0.2216022E+03 
   0.2203884E+03 
   0.2191633E+03 
   0.2179271E+03 
   0.2166798E+03 
   0.2154215E+03 
   0.2141525E+03 
   0.2128728E+03 
   0.2115826E+03 
   0.2102819E+03 
   0.2089710E+03 
   0.2076498E+03 
   0.2063185E+03 
   0.2049772E+03 
   0.2036260E+03 
   0.2022651E+03 
   0.2008946E+03 
   0.1995146E+03 
   0.1981252E+03 
   0.1967265E+03 
   0.1953188E+03 
   0.1939019E+03 
   0.1924761E+03 
   0.1910416E+03 
   0.1895985E+03 
   0.1881468E+03 
   0.1866868E+03 
   0.1852185E+03 
   0.1837420E+03 
   0.1822573E+03 
   0.1807647E+03 
   0.1792644E+03 
   0.1777566E+03 
   0.1762414E+03 
   0.1747187E+03 
   0.1731885E+03 
   0.1716510E+03 
   0.1701066E+03 
   0.1685555E+03 
   0.1669978E+03 
   0.1654334E+03 
   0.1638623E+03 
   0.1622846E+03 
   0.1607008E+03 
   0.1591109E+03 
   0.1575152E+03 
   0.1559135E+03 
   0.1543060E+03 
   0.1526929E+03 
   0.1510742E+03 
   0.1494503E+03 
   0.1478211E+03 
   0.1461869E+03 
   0.1445476E+03 
   0.1429035E+03 
   0.1412547E+03 
   0.1396014E+03 
   0.1379437E+03 
   0.1362815E+03 
   0.1346150E+03 
   0.1329444E+03 
   0.1312701E+03 
   0.1295921E+03 
   0.1279105E+03 
   0.1262251E+03 
   0.1245361E+03 
   0.1228438E+03 
   0.1211484E+03 
   0.1194502E+03 
   0.1177493E+03 
   0.1160456E+03 
   0.1143389E+03 
   0.1126296E+03 
   0.1109178E+03 
   0.1092039E+03 
   0.1074881E+03 
   0.1057704E+03 
   0.1040507E+03 
   0.1023291E+03 
   0.1006057E+03 
   0.9888079E+02 
   0.9715457E+02 
   0.9542729E+02 
   0.9369909E+02 
   0.9196990E+02 
   0.9023962E+02 
   0.8850830E+02 
   0.8677626E+02 
   0.8504389E+02 
   0.8331144E+02 
   0.8157890E+02 
   0.7984616E+02 
   0.7811319E+02 
   0.7638012E+02 
   0.7464724E+02 
   0.7291487E+02 
   0.7118320E+02 
   0.6945225E+02 
   0.6772196E+02 
   0.6599237E+02 
   0.6426362E+02 
   0.6253592E+02 
   0.6080950E+02 
   0.5908450E+02 
   0.5736102E+02 
   0.5563910E+02 
   0.5391880E+02 
   0.5220026E+02 
   0.5048361E+02 
   0.4876895E+02 
   0.4705640E+02 
   0.4534613E+02 
   0.4363832E+02 
   0.4193307E+02 
   0.4023040E+02 
   0.3853035E+02 
   0.3683300E+02 
   0.3513854E+02 
   0.3344721E+02 
   0.3175913E+02 
   0.3007436E+02 
   0.2839296E+02 
   0.2671502E+02 
   0.2504059E+02 
   0.2336974E+02 
   0.2170261E+02 
   0.2003945E+02 
   0.1838043E+02 
   0.1672567E+02 
   0.1507518E+02 
   0.1342893E+02 
   0.1178692E+02 
   0.1014931E+02 
   0.8516332E+01 
   0.6888245E+01 
   0.5265168E+01 
   0.3647082E+01 
   0.2033925E+01 
   0.4257083E+00 
  -0.1177418E+01 
  -0.2775211E+01 
  -0.4367450E+01 
  -0.5954020E+01 
  -0.7534912E+01 
  -0.9110164E+01 
  -0.1067979E+02 
  -0.1224370E+02 
  -0.1380167E+02 
  -0.1535346E+02 
  -0.1689892E+02 
  -0.1843806E+02 
  -0.1997091E+02 
  -0.2149745E+02 
  -0.2301756E+02 
  -0.2453112E+02 
  -0.2603802E+02 
  -0.2753815E+02 
  -0.2903137E+02 
  -0.3051761E+02 
  -0.3199683E+02 
  -0.3346903E+02 
  -0.3493417E+02 
  -0.3639210E+02 
  -0.3784265E+02 
  -0.3928569E+02 
  -0.4072119E+02 
  -0.4214919E+02 
  -0.4356968E+02 
  -0.4498255E+02 
  -0.4638765E+02 
  -0.4778483E+02 
  -0.4917406E+02 
  -0.5055530E+02 
  -0.5192851E+02 
  -0.5329358E+02 
  -0.5465046E+02 
  -0.5599908E+02 
  -0.5733942E+02 
  -0.5867141E+02 
  -0.5999497E+02 
  -0.6131000E+02 
  -0.6261641E+02 
  -0.6391416E+02 
  -0.6520319E+02 
  -0.6648343E+02 
  -0.6775483E+02 
  -0.6901739E+02 
  -0.7027114E+02 
  -0.7151598E+02 
  -0.7275178E+02 
  -0.7397839E+02 
  -0.7519572E+02 
  -0.7640379E+02 
  -0.7760269E+02 
  -0.7879241E+02 
  -0.7997282E+02 
  -0.8114375E+02 
  -0.8230513E+02 
  -0.8345699E+02 
  -0.8459936E+02 
  -0.8573221E+02 
  -0.8685544E+02 
  -0.8796896E+02 
  -0.8907272E+02 
  -0.9016670E+02 
  -0.9125092E+02 
  -0.9232535E+02 
  -0.9338990E+02 
  -0.9444447E+02 
  -0.9548904E+02 
  -0.9652364E+02 
  -0.9754828E+02 
  -0.9856291E+02 
  -0.9956742E+02 
  -0.1005617E+03 
  -0.1015459E+03 
  -0.1025199E+03 
  -0.1034837E+03 
  -0.1044373E+03 
  -0.1053806E+03 
  -0.1063136E+03 
  -0.1072363E+03 
  -0.1081486E+03 
  -0.1090505E+03 
  -0.1099420E+03 
  -0.1108233E+03 
  -0.1116940E+03 
  -0.1125542E+03 
  -0.1134039E+03 
  -0.1142432E+03 
  -0.1150720E+03 
  -0.1158903E+03 
  -0.1166980E+03 
  -0.1174950E+03 
  -0.1182815E+03 
  -0.1190575E+03 
  -0.1198230E+03 
  -0.1205778E+03 
  -0.1213218E+03 
  -0.1220552E+03 
  -0.1227781E+03 
  -0.1234904E+03 
  -0.1241920E+03 
  -0.1248829E+03 
  -0.1255631E+03 
  -0.1262325E+03 
  -0.1268914E+03 
  -0.1275397E+03 
  -0.1281773E+03 
  -0.1288043E+03 
  -0.1294205E+03 
  -0.1300260E+03 
  -0.1306207E+03 
  -0.1312047E+03 
  -0.1317782E+03 
  -0.1323412E+03 
  -0.1328935E+03 
  -0.1334350E+03 
  -0.1339657E+03 
  -0.1344858E+03 
  -0.1349954E+03 
  -0.1354946E+03 
  -0.1359831E+03 
  -0.1364608E+03 
  -0.1369278E+03 
  -0.1373842E+03 
  -0.1378302E+03 
  -0.1382659E+03 
  -0.1386909E+03 
  -0.1391053E+03 
  -0.1395091E+03 
  -0.1399024E+03 
  -0.1402853E+03 
  -0.1406578E+03 
  -0.1410199E+03 
  -0.1413716E+03 
  -0.1417129E+03 
  -0.1420437E+03 
  -0.1423641E+03 
  -0.1426742E+03 
  -0.1429740E+03 
  -0.1432637E+03 
  -0.1435432E+03 
  -0.1438123E+03 
  -0.1440712E+03 
  -0.1443197E+03 
  -0.1445582E+03 
  -0.1447867E+03 
  -0.1450051E+03 
  -0.1452135E+03 
  -0.1454118E+03 
  -0.1456000E+03 
  -0.1457783E+03 
  -0.1459466E+03 
  -0.1461050E+03 
  -0.1462535E+03 
  -0.1463924E+03 
  -0.1465215E+03 
  -0.1466408E+03 
  -0.1467502E+03 
  -0.1468498E+03 
  -0.1469398E+03 
  -0.1470203E+03 
  -0.1470913E+03 
  -0.1471528E+03 
  -0.1472048E+03 
  -0.1472473E+03 
  -0.1472803E+03 
  -0.1473038E+03 
  -0.1473180E+03 
  -0.1473230E+03 
  -0.1473190E+03 
  -0.1473057E+03 
  -0.1472832E+03 
  -0.1472514E+03 
  -0.1472105E+03 
  -0.1471606E+03 
  -0.1471019E+03 
  -0.1470345E+03 
  -0.1469581E+03 
  -0.1468727E+03 
  -0.1467783E+03 
  -0.1466752E+03 
  -0.1465635E+03 
  -0.1464435E+03 
  -0.1463150E+03 
  -0.1461778E+03 
  -0.1460319E+03 
  -0.1458774E+03 
  -0.1457145E+03 
  -0.1455436E+03 
  -0.1453646E+03 
  -0.1451774E+03 
  -0.1449819E+03 
  -0.1447780E+03 
  -0.1445660E+03 
  -0.1443461E+03 
  -0.1441184E+03 
  -0.1438829E+03 
  -0.1436395E+03 
  -0.1433883E+03 
  -0.1431293E+03 
  -0.1428626E+03 
  -0.1425884E+03 
  -0.1423066E+03 
  -0.1420172E+03 
  -0.1417204E+03 
  -0.1414163E+03 
  -0.1411050E+03 
  -0.1407865E+03 
  -0.1404606E+03 
  -0.1401275E+03 
  -0.1397873E+03 
  -0.1394402E+03 
  -0.1390862E+03 
  -0.1387253E+03 
  -0.1383576E+03 
  -0.1379832E+03 
  -0.1376019E+03 
  -0.1372138E+03 
  -0.1368192E+03 
  -0.1364182E+03 
  -0.1360109E+03 
  -0.1355972E+03 
  -0.1351769E+03 
  -0.1347504E+03 
  -0.1343177E+03 
  -0.1338789E+03 
  -0.1334340E+03 
  -0.1329831E+03 
  -0.1325262E+03 
  -0.1320635E+03 
  -0.1315950E+03 
  -0.1311207E+03 
  -0.1306407E+03 
  -0.1301550E+03 
  -0.1296637E+03 
  -0.1291670E+03 
  -0.1286649E+03 
  -0.1281576E+03 
  -0.1276449E+03 
  -0.1271269E+03 
  -0.1266036E+03 
  -0.1260751E+03 
  -0.1255418E+03 
  -0.1250036E+03 
  -0.1244606E+03 
  -0.1239128E+03 
  -0.1233599E+03 
  -0.1228022E+03 
  -0.1222400E+03 
  -0.1216733E+03 
  -0.1211022E+03 
  -0.1205268E+03 
  -0.1199469E+03 
  -0.1193626E+03 
  -0.1187739E+03 
  -0.1181811E+03 
  -0.1175842E+03 
  -0.1169835E+03 
  -0.1163788E+03 
  -0.1157701E+03 
  -0.1151576E+03 
  -0.1145412E+03 
  -0.1139212E+03 
  -0.1132976E+03 
  -0.1126704E+03 
  -0.1120396E+03 
  -0.1114054E+03 
  -0.1107678E+03 
  -0.1101271E+03 
  -0.1094833E+03 
  -0.1088361E+03 
  -0.1081855E+03 
  -0.1075318E+03 
  -0.1068753E+03 
  -0.1062162E+03 
  -0.1055543E+03 
  -0.1048896E+03 
  -0.1042219E+03 
  -0.1035514E+03 
  -0.1028784E+03 
  -0.1022030E+03 
  -0.1015253E+03 
  -0.1008452E+03 
  -0.1001628E+03 
  -0.9947801E+02 
  -0.9879094E+02 
  -0.9810170E+02 
  -0.9741044E+02 
  -0.9671726E+02 
  -0.9602220E+02 
  -0.9532527E+02 
  -0.9462652E+02 
  -0.9392600E+02 
  -0.9322374E+02 
  -0.9251976E+02 
  -0.9181415E+02 
  -0.9110710E+02 
  -0.9039876E+02 
  -0.8968918E+02 
  -0.8897827E+02 
  -0.8826591E+02 
  -0.8755216E+02 
  -0.8683722E+02 
  -0.8612135E+02 
  -0.8540468E+02 
  -0.8468718E+02 
  -0.8396875E+02 
  -0.8324930E+02 
  -0.8252888E+02 
  -0.8180768E+02 
  -0.8108596E+02 
  -0.8036390E+02 
  -0.7964144E+02 
  -0.7891841E+02 
  -0.7819471E+02 
  -0.7747048E+02 
  -0.7674599E+02 
  -0.7602146E+02 
  -0.7529691E+02 
  -0.7457220E+02 
  -0.7384722E+02 
  -0.7312205E+02 
  -0.7239690E+02 
  -0.7167201E+02 
  -0.7094740E+02 
  -0.7022298E+02 
  -0.6949864E+02 
  -0.6877447E+02 
  -0.6805070E+02 
  -0.6732748E+02 
  -0.6660480E+02 
  -0.6588255E+02 
  -0.6516072E+02 
  -0.6443946E+02 
  -0.6371901E+02 
  -0.6299945E+02 
  -0.6228066E+02 
  -0.6156251E+02 
  -0.6084506E+02 
  -0.6012853E+02 
  -0.5941310E+02 
  -0.5869886E+02 
  -0.5798570E+02 
  -0.5727357E+02 
  -0.5656249E+02 
  -0.5585258E+02 
  -0.5514393E+02 
  -0.5443658E+02 
  -0.5373061E+02 
  -0.5302612E+02 
  -0.5232317E+02 
  -0.5162167E+02 
  -0.5092155E+02 
  -0.5022288E+02 
  -0.4952590E+02 
  -0.4883072E+02 
  -0.4813730E+02 
  -0.4744556E+02 
  -0.4675552E+02 
  -0.4606734E+02 
  -0.4538114E+02 
  -0.4469685E+02 
  -0.4401437E+02 
  -0.4333378E+02 
  -0.4265534E+02 
  -0.4197923E+02 
  -0.4130529E+02 
  -0.4063329E+02 
  -0.3996321E+02 
  -0.3929533E+02 
  -0.3862994E+02 
  -0.3796713E+02 
  -0.3730668E+02 
  -0.3664840E+02 
  -0.3599234E+02 
  -0.3533875E+02 
  -0.3468780E+02 
  -0.3403946E+02 
  -0.3339362E+02 
  -0.3275027E+02 
  -0.3210954E+02 
  -0.3147150E+02 
  -0.3083615E+02 
  -0.3020349E+02 
  -0.2957358E+02 
  -0.2894654E+02 
  -0.2832238E+02 
  -0.2770103E+02 
  -0.2708243E+02 
  -0.2646664E+02 
  -0.2585381E+02 
  -0.2524406E+02 
  -0.2463736E+02 
  -0.2403367E+02 
  -0.2343297E+02 
  -0.2283530E+02 
  -0.2224073E+02 
  -0.2164930E+02 
  -0.2106104E+02 
  -0.2047594E+02 
  -0.1989403E+02 
  -0.1931536E+02 
  -0.1873997E+02 
  -0.1816786E+02 
  -0.1759903E+02 
  -0.1703348E+02 
  -0.1647128E+02 
  -0.1591247E+02 
  -0.1535707E+02 
  -0.1480503E+02 
  -0.1425638E+02 
  -0.1371118E+02 
  -0.1316950E+02 
  -0.1263136E+02 
  -0.1209675E+02 
  -0.1156563E+02 
  -0.1103799E+02 
  -0.1051387E+02 
  -0.9993343E+01 
  -0.9476489E+01 
  -0.8963316E+01 
  -0.8453764E+01 
  -0.7947757E+01 
  -0.7445311E+01 
  -0.6946538E+01 
  -0.6451550E+01 
  -0.5960388E+01 
  -0.5472986E+01 
  -0.4989253E+01 
  -0.4509151E+01 
  -0.4032732E+01 
  -0.3560114E+01 
  -0.3091397E+01 
  -0.2626577E+01 
  -0.2165542E+01 
  -0.1708192E+01 
  -0.1254556E+01 
  -0.8047648E+00 
  -0.3589163E+00 
   0.8300114E-01 
   0.5210640E+00 
   0.9553247E+00 
   0.1385751E+01 
   0.1812262E+01 
   0.2234813E+01 
   0.2653435E+01 
   0.3068189E+01 
   0.3479086E+01 
   0.3886070E+01 
   0.4289083E+01 
   0.4688125E+01 
   0.5083252E+01 
   0.5474497E+01 
   0.5861838E+01 
   0.6245222E+01 
   0.6624606E+01 
   0.6999994E+01 
   0.7371420E+01 
   0.7738928E+01 
   0.8102535E+01 
   0.8462211E+01 
   0.8817896E+01 
   0.9169566E+01 
   0.9517237E+01 
   0.9860940E+01 
   0.1020071E+02 
   0.1053659E+02 
   0.1086858E+02 
   0.1119660E+02 
   0.1152059E+02 
   0.1184054E+02 
   0.1215654E+02 
   0.1246864E+02 
   0.1277688E+02 
   0.1308117E+02 
   0.1338147E+02 
   0.1367776E+02 
   0.1397011E+02 
   0.1425859E+02 
   0.1454320E+02 
   0.1482391E+02 
   0.1510066E+02 
   0.1537345E+02 
   0.1564235E+02 
   0.1590740E+02 
   0.1616859E+02 
   0.1642586E+02 
   0.1667922E+02 
   0.1692872E+02 
   0.1717440E+02 
   0.1741625E+02 
   0.1765424E+02 
   0.1788841E+02 
   0.1811879E+02 
   0.1834534E+02 
   0.1856797E+02 
   0.1878672E+02 
   0.1900174E+02 
   0.1921314E+02 
   0.1942088E+02 
   0.1962480E+02 
   0.1982483E+02 
   0.2002108E+02 
   0.2021369E+02 
   0.2040265E+02 
   0.2058785E+02 
   0.2076924E+02 
   0.2094699E+02 
   0.2112122E+02 
   0.2129191E+02 
   0.2145885E+02 
   0.2162197E+02 
   0.2178144E+02 
   0.2193748E+02 
   0.2209015E+02 
   0.2223926E+02 
   0.2238465E+02 
   0.2252635E+02 
   0.2266451E+02 
   0.2279922E+02 
   0.2293044E+02 
   0.2305816E+02 
   0.2318251E+02 
   0.2330357E+02 
   0.2342123E+02 
   0.2353528E+02 
   0.2364565E+02 
   0.2375259E+02 
   0.2385642E+02 
   0.2395722E+02 
   0.2405472E+02 
   0.2414865E+02 
   0.2423904E+02 
   0.2432611E+02 
   0.2441006E+02 
   0.2449088E+02 
   0.2456844E+02 
   0.2464276E+02 
   0.2471390E+02 
   0.2478192E+02 
   0.2484677E+02 
   0.2490839E+02 
   0.2496687E+02 
   0.2502231E+02 
   0.2507475E+02 
   0.2512413E+02 
   0.2517036E+02 
   0.2521350E+02 
   0.2525365E+02 
   0.2529089E+02 
   0.2532519E+02 
   0.2535649E+02 
   0.2538486E+02 
   0.2541038E+02 
   0.2543310E+02 
   0.2545293E+02 
   0.2546977E+02 
   0.2548366E+02 
   0.2549478E+02 
   0.2550328E+02 
   0.2550917E+02 
   0.2551234E+02 
   0.2551264E+02 
   0.2551004E+02 
   0.2550471E+02 
   0.2549681E+02 
   0.2548646E+02 
   0.2547362E+02 
   0.2545818E+02 
   0.2544004E+02 
   0.2541920E+02 
   0.2539571E+02 
   0.2536974E+02 
   0.2534141E+02 
   0.2531081E+02 
   0.2527785E+02 
   0.2524235E+02 
   0.2520424E+02 
   0.2516364E+02 
   0.2512078E+02 
   0.2507581E+02 
   0.2502864E+02 
   0.2497910E+02 
   0.2492712E+02 
   0.2487278E+02 
   0.2481624E+02 
   0.2475762E+02 
   0.2469690E+02 
   0.2463402E+02 
   0.2456898E+02 
   0.2450182E+02 
   0.2443255E+02 
   0.2436119E+02 
   0.2428777E+02 
   0.2421236E+02 
   0.2413499E+02 
   0.2405562E+02 
   0.2397425E+02 
   0.2389091E+02 
   0.2380570E+02 
   0.2371868E+02 
   0.2362981E+02 
   0.2353904E+02 
   0.2344637E+02 
   0.2335191E+02 
   0.2325575E+02 
   0.2315790E+02 
   0.2305827E+02 
   0.2295681E+02 
   0.2285364E+02 
   0.2274894E+02 
   0.2264276E+02 
   0.2253495E+02 
   0.2242534E+02 
   0.2231394E+02 
   0.2220097E+02 
   0.2208669E+02 
   0.2197116E+02 
   0.2185417E+02 
   0.2173553E+02 
   0.2161522E+02 
   0.2149343E+02 
   0.2137034E+02 
   0.2124601E+02 
   0.2112042E+02 
   0.2099351E+02 
   0.2086520E+02 
   0.2073550E+02 
   0.2060443E+02 
   0.2047210E+02 
   0.2033864E+02 
   0.2020411E+02 
   0.2006845E+02 
   0.1993154E+02 
   0.1979331E+02 
   0.1965391E+02 
   0.1951351E+02 
   0.1937217E+02 
   0.1922979E+02 
   0.1908627E+02 
   0.1894164E+02 
   0.1879604E+02 
   0.1864954E+02 
   0.1850214E+02 
   0.1835377E+02 
   0.1820442E+02 
   0.1805414E+02 
   0.1790302E+02 
   0.1775108E+02 
   0.1759832E+02 
   0.1744471E+02 
   0.1729026E+02 
   0.1713504E+02 
   0.1697912E+02 
   0.1682251E+02 
   0.1666517E+02 
   0.1650702E+02 
   0.1634810E+02 
   0.1618853E+02 
   0.1602846E+02 
   0.1586790E+02 
   0.1570674E+02 
   0.1554488E+02 
   0.1538233E+02 
   0.1521923E+02 
   0.1505567E+02 
   0.1489166E+02 
   0.1472713E+02 
   0.1456211E+02 
   0.1439664E+02 
   0.1423074E+02 
   0.1406437E+02 
   0.1389755E+02 
   0.1373037E+02 
   0.1356293E+02 
   0.1339520E+02 
   0.1322707E+02 
   0.1305853E+02 
   0.1288967E+02 
   0.1272063E+02 
   0.1255138E+02 
   0.1238178E+02 
   0.1221181E+02 
   0.1204164E+02 
   0.1187147E+02 
   0.1170128E+02 
   0.1153083E+02 
   0.1135996E+02 
   0.1118878E+02 
   0.1101762E+02 
   0.1084668E+02 
   0.1067585E+02 
   0.1050483E+02 
   0.1033343E+02 
   0.1016177E+02 
   0.9990139E+01 
   0.9818716E+01 
   0.9647498E+01 
   0.9476348E+01 
   0.9305124E+01 
   0.9133771E+01 
   0.8962359E+01 
   0.8791043E+01 
   0.8619955E+01 
   0.8449111E+01 
   0.8278411E+01 
   0.8107741E+01 
   0.7937056E+01 
   0.7766437E+01 
   0.7596056E+01 
   0.7426048E+01 
   0.7256352E+01 
   0.7086785E+01 
   0.6917261E+01 
   0.6747907E+01 
   0.6578908E+01 
   0.6410302E+01 
   0.6241977E+01 
   0.6073825E+01 
   0.5905873E+01 
   0.5738239E+01 
   0.5571021E+01 
   0.5404209E+01 
   0.5237719E+01 
   0.5071514E+01 
   0.4905629E+01 
   0.4740120E+01 
   0.4575022E+01 
   0.4410362E+01 
   0.4246139E+01 
   0.4082308E+01 
   0.3918844E+01 
   0.3755801E+01 
   0.3593270E+01 
   0.3431286E+01 
   0.3269769E+01 
   0.3108604E+01 
   0.2947791E+01 
   0.2787496E+01 
   0.2627906E+01 
   0.2469024E+01 
   0.2310647E+01 
   0.2152586E+01 
   0.1994878E+01 
   0.1837755E+01 
   0.1681394E+01 
   0.1525736E+01 
   0.1370583E+01 
   0.1215849E+01 
   0.1061640E+01 
   0.9081166E+00 
   0.7553207E+00 
   0.6031792E+00 
   0.4516262E+00 
   0.3006611E+00 
   0.1503157E+00 
   0.6141876E-03 
  -0.1484378E+00 
  -0.2968250E+00 
  -0.4445151E+00 
  -0.5914910E+00 
  -0.7377688E+00 
  -0.8833754E+00 
  -0.1028322E+01 
  -0.1172588E+01 
  -0.1316138E+01 
  -0.1458957E+01 
  -0.1601079E+01 
  -0.1742518E+01 
  -0.1883216E+01 
  -0.2023065E+01 
  -0.2162026E+01 
  -0.2300244E+01 
  -0.2437928E+01 
  -0.2575090E+01 
  -0.2711464E+01 
  -0.2846792E+01 
  -0.2981125E+01 
  -0.3114752E+01 
  -0.3247858E+01 
  -0.3380330E+01 
  -0.3511900E+01 
  -0.3642463E+01 
  -0.3772159E+01 
  -0.3901158E+01 
  -0.4029443E+01 
  -0.4156904E+01 
  -0.4283523E+01 
  -0.4409367E+01 
  -0.4534457E+01 
  -0.4658685E+01 
  -0.4781946E+01 
  -0.4904287E+01 
  -0.5025866E+01 
  -0.5146766E+01 
  -0.5266892E+01 
  -0.5386097E+01 
  -0.5504346E+01 
  -0.5621713E+01 
  -0.5738268E+01 
  -0.5854011E+01 
  -0.5968911E+01 
  -0.6082993E+01 
  -0.6196280E+01 
  -0.6308712E+01 
  -0.6420168E+01 
  -0.6530596E+01 
  -0.6640104E+01 
  -0.6748893E+01 
  -0.6857038E+01 
  -0.6964406E+01 
  -0.7070780E+01 
  -0.7176064E+01 
  -0.7280360E+01 
  -0.7383854E+01 
  -0.7486648E+01 
  -0.7588680E+01 
  -0.7689813E+01 
  -0.7789963E+01 
  -0.7889137E+01 
  -0.7987393E+01 
  -0.8084799E+01 
  -0.8181418E+01 
  -0.8277251E+01 
  -0.8372202E+01 
  -0.8466168E+01 
  -0.8559160E+01 
  -0.8651314E+01 
  -0.8742718E+01 
  -0.8833290E+01 
  -0.8922894E+01 
  -0.9011527E+01 
  -0.9099330E+01 
  -0.9186379E+01 
  -0.9272558E+01 
  -0.9357694E+01 
  -0.9441808E+01 
  -0.9525132E+01 
  -0.9607856E+01 
  -0.9689898E+01 
  -0.9770952E+01 
  -0.9850811E+01 
  -0.9929604E+01 
  -0.1000765E+02 
  -0.1008512E+02 
  -0.1016193E+02 
  -0.1023782E+02 
  -0.1031264E+02 
  -0.1038646E+02 
  -0.1045940E+02 
  -0.1053156E+02 
  -0.1060296E+02 
  -0.1067360E+02 
  -0.1074346E+02 
  -0.1081244E+02 
  -0.1088043E+02 
  -0.1094740E+02 
  -0.1101352E+02 
  -0.1107900E+02 
  -0.1114386E+02 
  -0.1120790E+02 
  -0.1127091E+02 
  -0.1133293E+02 
  -0.1139413E+02 
  -0.1145471E+02 
  -0.1151461E+02 
  -0.1157365E+02 
  -0.1163166E+02 
  -0.1168873E+02 
  -0.1174505E+02 
  -0.1180073E+02 
  -0.1185573E+02 
  -0.1190993E+02 
  -0.1196326E+02 
  -0.1201571E+02 
  -0.1206730E+02 
  -0.1211806E+02 
  -0.1216809E+02 
  -0.1221749E+02 
  -0.1226628E+02 
  -0.1231430E+02 
  -0.1236135E+02 
  -0.1240741E+02 
  -0.1245266E+02 
  -0.1249731E+02 
  -0.1254140E+02 
  -0.1258478E+02 
  -0.1262733E+02 
  -0.1266906E+02 
  -0.1271004E+02 
  -0.1275029E+02 
  -0.1278978E+02 
  -0.1282854E+02 
  -0.1286664E+02 
  -0.1290411E+02 
  -0.1294088E+02 
  -0.1297685E+02 
  -0.1301197E+02 
  -0.1304636E+02 
  -0.1308016E+02 
  -0.1311338E+02 
  -0.1314592E+02 
  -0.1317769E+02 
  -0.1320870E+02 
  -0.1323904E+02 
  -0.1326879E+02 
  -0.1329793E+02 
  -0.1332636E+02 
  -0.1335402E+02 
  -0.1338097E+02 
  -0.1340733E+02 
  -0.1343315E+02 
  -0.1345835E+02 
  -0.1348284E+02 
  -0.1350662E+02 
  -0.1352979E+02 
  -0.1355237E+02 
  -0.1357432E+02 
  -0.1359561E+02 
  -0.1361635E+02 
  -0.1363660E+02 
  -0.1365626E+02 
  -0.1367516E+02 
  -0.1369326E+02 
  -0.1371074E+02 
  -0.1372783E+02 
  -0.1374458E+02 
  -0.1376081E+02 
  -0.1377628E+02 
  -0.1379100E+02 
  -0.1380513E+02 
  -0.1381882E+02 
  -0.1383206E+02 
  -0.1384474E+02 
  -0.1385678E+02 
  -0.1386825E+02 
  -0.1387925E+02 
  -0.1388979E+02 
  -0.1389977E+02 
  -0.1390912E+02 
  -0.1391792E+02 
  -0.1392628E+02 
  -0.1393423E+02 
  -0.1394168E+02 
  -0.1394856E+02 
  -0.1395487E+02 
  -0.1396070E+02 
  -0.1396609E+02 
  -0.1397105E+02 
  -0.1397554E+02 
  -0.1397954E+02 
  -0.1398305E+02 
  -0.1398609E+02 
  -0.1398868E+02 
  -0.1399080E+02 
  -0.1399249E+02 
  -0.1399376E+02 
  -0.1399467E+02 
  -0.1399516E+02 
  -0.1399516E+02 
  -0.1399463E+02 
  -0.1399360E+02 
  -0.1399220E+02 
  -0.1399050E+02 
  -0.1398848E+02 
  -0.1398608E+02 
  -0.1398323E+02 
  -0.1397993E+02 
  -0.1397622E+02 
  -0.1397210E+02 
  -0.1396757E+02 
  -0.1396269E+02 
  -0.1395755E+02 
  -0.1395217E+02 
  -0.1394642E+02 
  -0.1394016E+02 
  -0.1393334E+02 
  -0.1392612E+02 
  -0.1391876E+02 
  -0.1391134E+02 
  -0.1390368E+02 
  -0.1389547E+02 
  -0.1388664E+02 
  -0.1387738E+02 
  -0.1386800E+02 
  -0.1385859E+02 
  -0.1384902E+02 
  -0.1383904E+02 
  -0.1382855E+02 
  -0.1381763E+02 
  -0.1380641E+02 
  -0.1379495E+02 
  -0.1378332E+02 
  -0.1377153E+02 
  -0.1375954E+02 
  -0.1374722E+02 
  -0.1373448E+02 
  -0.1372137E+02 
  -0.1370803E+02 
  -0.1369458E+02 
  -0.1368097E+02 
  -0.1366709E+02 
  -0.1365291E+02 
  -0.1363846E+02 
  -0.1362382E+02 
  -0.1360895E+02 
  -0.1359379E+02 
  -0.1357835E+02 
  -0.1356276E+02 
  -0.1354711E+02 
  -0.1353134E+02 
  -0.1351526E+02 
  -0.1349876E+02 
  -0.1348198E+02 
  -0.1346512E+02 
  -0.1344831E+02 
  -0.1343140E+02 
  -0.1341420E+02 
  -0.1339666E+02 
  -0.1337891E+02 
  -0.1336104E+02 
  -0.1334305E+02 
  -0.1332488E+02 
  -0.1330656E+02 
  -0.1328816E+02 
  -0.1326964E+02 
  -0.1325090E+02 
  -0.1323190E+02 
  -0.1321274E+02 
  -0.1319353E+02 
  -0.1317431E+02 
  -0.1315496E+02 
  -0.1313538E+02 
  -0.1311559E+02 
  -0.1309572E+02 
  -0.1307585E+02 
  -0.1305587E+02 
  -0.1303564E+02 
  -0.1301521E+02 
  -0.1299476E+02 
  -0.1297442E+02 
  -0.1295408E+02 
  -0.1293351E+02 
  -0.1291260E+02 
  -0.1289153E+02 
  -0.1287050E+02 
  -0.1284961E+02 
  -0.1282870E+02 
  -0.1280761E+02 
  -0.1278631E+02 
  -0.1276488E+02 
  -0.1274340E+02 
  -0.1272191E+02 
  -0.1270041E+02 
  -0.1267894E+02 
  -0.1265746E+02 
  -0.1263587E+02 
  -0.1261406E+02 
  -0.1259206E+02 
  -0.1257007E+02 
  -0.1254825E+02 
  -0.1252656E+02 
  -0.1250476E+02 
  -0.1248269E+02 
  -0.1246043E+02 
  -0.1243827E+02 
  -0.1241635E+02 
  -0.1239451E+02 
  -0.1237246E+02 
  -0.1235014E+02 
  -0.1232775E+02 
  -0.1230552E+02 
  -0.1228348E+02 
  -0.1226145E+02 
  -0.1223926E+02 
  -0.1221695E+02 
  -0.1219465E+02 
  -0.1217240E+02 
  -0.1215020E+02 
  -0.1212797E+02 
  -0.1210576E+02 
  -0.1208361E+02 
  -0.1206151E+02 
  -0.1203939E+02 
  -0.1201715E+02 
  -0.1199483E+02 
  -0.1197254E+02 
  -0.1195038E+02 
  -0.1192840E+02 
  -0.1190651E+02 
  -0.1188459E+02 
  -0.1186258E+02 
  -0.1184048E+02 
  -0.1181833E+02 
  -0.1179621E+02 
  -0.1177428E+02 
  -0.1175259E+02 
  -0.1173104E+02 
  -0.1170941E+02 
  -0.1168752E+02 
  -0.1166549E+02 
  -0.1164359E+02 
  -0.1162202E+02 
  -0.1160074E+02 
  -0.1157951E+02 
  -0.1155811E+02 
  -0.1153649E+02 
  -0.1151480E+02 
  -0.1149328E+02 
  -0.1147206E+02 
  -0.1145110E+02 
  -0.1143023E+02 
  -0.1140929E+02 
  -0.1138820E+02 
  -0.1136703E+02 
  -0.1134594E+02 
  -0.1132508E+02 
  -0.1130444E+02 
  -0.1128390E+02 
  -0.1126333E+02 
  -0.1124272E+02 
  -0.1122213E+02 
  -0.1120167E+02 
  -0.1118133E+02 
  -0.1116111E+02 
  -0.1114095E+02 
  -0.1112087E+02 
  -0.1110092E+02 
  -0.1108105E+02 
  -0.1106120E+02 
  -0.1104134E+02 
  -0.1102153E+02 
  -0.1100186E+02 
  -0.1098236E+02 
  -0.1096297E+02 
  -0.1094363E+02 
  -0.1092430E+02 
  -0.1090506E+02 
  -0.1088596E+02 
  -0.1086698E+02 
  -0.1084810E+02 
  -0.1082929E+02 
  -0.1081057E+02 
  -0.1079199E+02 
  -0.1077347E+02 
  -0.1075497E+02 
  -0.1073647E+02 
  -0.1071810E+02 
  -0.1069995E+02 
  -0.1068202E+02 
  -0.1066418E+02 
  -0.1064630E+02 
  -0.1062840E+02 
  -0.1061057E+02 
  -0.1059294E+02 
  -0.1057555E+02 
  -0.1055830E+02 
  -0.1054109E+02 
  -0.1052388E+02 
  -0.1050673E+02 
  -0.1048967E+02 
  -0.1047274E+02 
  -0.1045592E+02 
  -0.1043923E+02 
  -0.1042269E+02 
  -0.1040635E+02 
  -0.1039015E+02 
  -0.1037397E+02 
  -0.1035776E+02 
  -0.1034157E+02 
  -0.1032556E+02 
  -0.1030975E+02 
  -0.1029412E+02 
  -0.1027863E+02 
  -0.1026320E+02 
  -0.1024778E+02 
  -0.1023236E+02 
  -0.1021702E+02 
  -0.1020191E+02 
  -0.1018709E+02 
  -0.1017244E+02 
  -0.1015778E+02 
  -0.1014306E+02 
  -0.1012835E+02 
  -0.1011380E+02 
  -0.1009949E+02 
  -0.1008542E+02 
  -0.1007150E+02 
  -0.1005761E+02 
  -0.1004371E+02 
  -0.1002980E+02 
  -0.1001599E+02 
  -0.1000237E+02 
  -0.9988988E+01 
  -0.9975807E+01 
  -0.9962744E+01 
  -0.9949709E+01 
  -0.9936638E+01 
  -0.9923577E+01 
  -0.9910671E+01 
  -0.9898039E+01 
  -0.9885638E+01 
  -0.9873313E+01 
  -0.9860967E+01 
  -0.9848644E+01 
  -0.9836463E+01 
  -0.9824462E+01 
  -0.9812578E+01 
  -0.9800753E+01 
  -0.9789021E+01 
  -0.9777455E+01 
  -0.9766078E+01 
  -0.9754819E+01 
  -0.9743560E+01 
  -0.9732275E+01 
  -0.9721092E+01 
  -0.9710172E+01 
  -0.9699530E+01 
  -0.9689003E+01 
  -0.9678424E+01 
  -0.9667779E+01 
  -0.9657202E+01 
  -0.9646828E+01 
  -0.9636675E+01 
  -0.9626678E+01 
  -0.9616804E+01 
  -0.9607029E+01 
  -0.9597289E+01 
  -0.9587532E+01 
  -0.9577813E+01 
  -0.9568263E+01 
  -0.9558956E+01 
  -0.9549852E+01 
  -0.9540832E+01 
  -0.9531804E+01 
  -0.9522785E+01 
  -0.9513866E+01 
  -0.9505093E+01 
  -0.9496424E+01 
  -0.9487821E+01 
  -0.9479331E+01 
  -0.9471048E+01 
  -0.9462977E+01 
  -0.9454995E+01 
  -0.9446952E+01 
  -0.9438840E+01 
  -0.9430823E+01 
  -0.9423076E+01 
  -0.9415597E+01 
  -0.9408211E+01 
  -0.9400749E+01 
  -0.9393211E+01 
  -0.9385736E+01 
  -0.9378485E+01 
  -0.9371530E+01 
  -0.9364794E+01 
  -0.9358087E+01 
  -0.9351260E+01 
  -0.9344323E+01 
  -0.9337459E+01 
  -0.9330887E+01 
  -0.9324668E+01 
  -0.9318629E+01 
  -0.9312509E+01 
  -0.9306195E+01 
  -0.9299820E+01 
  -0.9293636E+01 
  -0.9287795E+01 
  -0.9282238E+01 
  -0.9276768E+01 
  -0.9271205E+01 
  -0.9265514E+01 
  -0.9259821E+01 
  -0.9254311E+01 
  -0.9249076E+01 
  -0.9244043E+01 
  -0.9239053E+01 
  -0.9233996E+01 
  -0.9228900E+01 
  -0.9223890E+01 
  -0.9219085E+01 
  -0.9214481E+01 
  -0.9209963E+01 
  -0.9205428E+01 
  -0.9200889E+01 
  -0.9196443E+01 
  -0.9192163E+01 
  -0.9188017E+01 
  -0.9183909E+01 
  -0.9179769E+01 
  -0.9175637E+01 
  -0.9171633E+01 
  -0.9167865E+01 
  -0.9164300E+01 
  -0.9160760E+01 
  -0.9157071E+01 
  -0.9153257E+01 
  -0.9149557E+01 
  -0.9146202E+01 
  -0.9143164E+01 
  -0.9140161E+01 
  -0.9136949E+01 
  -0.9133563E+01 
  -0.9130272E+01 
  -0.9127293E+01 
  -0.9124607E+01 
  -0.9122008E+01 
  -0.9119300E+01 
  -0.9116439E+01 
  -0.9113561E+01 
  -0.9110866E+01 
  -0.9108444E+01 
  -0.9106186E+01 
  -0.9103892E+01 
  -0.9101470E+01 
  -0.9099046E+01 
  -0.9096823E+01 
  -0.9094859E+01 
  -0.9092983E+01 
  -0.9090977E+01 
  -0.9088832E+01 
  -0.9086758E+01 
  -0.9084939E+01 
  -0.9083339E+01 
  -0.9081760E+01 
  -0.9080062E+01 
  -0.9078279E+01 
  -0.9076573E+01 
  -0.9075071E+01 
  -0.9073776E+01 
  -0.9072584E+01 
  -0.9071381E+01 
  -0.9070117E+01 
  -0.9068810E+01 
  -0.9067525E+01 
  -0.9066340E+01 
  -0.9065315E+01 
  -0.9064444E+01 
  -0.9063622E+01 
  -0.9062711E+01 
  -0.9061688E+01 
  -0.9060708E+01 
  -0.9059950E+01 
  -0.9059403E+01 
  -0.9058872E+01 
  -0.9058229E+01 
  -0.9057560E+01 
  -0.9057031E+01 
  -0.9056673E+01 
  -0.9056358E+01 
  -0.9055944E+01 
  -0.9055439E+01 
  -0.9054984E+01 
  -0.9054722E+01 
  -0.9054650E+01 
  -0.9054641E+01 
  -0.9054562E+01 
  -0.9054394E+01 
  -0.9054224E+01 
  -0.9054165E+01 
  -0.9054253E+01 
  -0.9054439E+01 
  -0.9054649E+01 
  -0.9054847E+01 
  -0.9055004E+01 
  -0.9055101E+01 
  -0.9055195E+01 
  -0.9055436E+01 
  -0.9055916E+01 
  -0.9056547E+01 
  -0.9057107E+01 
  -0.9057470E+01 
  -0.9057728E+01 
  -0.9058071E+01 
  -0.9058599E+01 
  -0.9059288E+01 
  -0.9060061E+01 
  -0.9060843E+01 
  -0.9061568E+01 
  -0.9062173E+01 
  -0.9062685E+01 
  -0.9063248E+01 
  -0.9064031E+01 
  -0.9065064E+01 
  -0.9066172E+01 
  -0.9067127E+01 
  -0.9067871E+01 
  -0.9068571E+01 
  -0.9069442E+01 
  -0.9070545E+01 
  -0.9071757E+01 
  -0.9072914E+01 
  -0.9073951E+01 
  -0.9074920E+01 
  -0.9075904E+01 
  -0.9076961E+01 
  -0.9078128E+01 
  -0.9079418E+01 
  -0.9080779E+01 
  -0.9082093E+01 
  -0.9083285E+01 
  -0.9084391E+01 
  -0.9085535E+01 
  -0.9086823E+01 
  -0.9088277E+01 
  -0.9089827E+01 
  -0.9091346E+01 
  -0.9092747E+01 
  -0.9094047E+01 
  -0.9095334E+01 
  -0.9096687E+01 
  -0.9098143E+01 
  -0.9099703E+01 
  -0.9101329E+01 
  -0.9102948E+01 
  -0.9104490E+01 
  -0.9105935E+01 
  -0.9107357E+01 
  -0.9108884E+01 
  -0.9110602E+01 
  -0.9112452E+01 
  -0.9114260E+01 
  -0.9115879E+01 
  -0.9117345E+01 
  -0.9118865E+01 
  -0.9120595E+01 
  -0.9122470E+01 
  -0.9124290E+01 
  -0.9125948E+01 
  -0.9127543E+01 
  -0.9129249E+01 
  -0.9131122E+01 
  -0.9133040E+01 
  -0.9134812E+01 
  -0.9136412E+01 
  -0.9138047E+01 
  -0.9139944E+01 
  -0.9142079E+01 
  -0.9144174E+01 
  -0.9145991E+01 
  -0.9147576E+01 
  -0.9149189E+01 
  -0.9151031E+01 
  -0.9153084E+01 
  -0.9155184E+01 
  -0.9157187E+01 
  -0.9159055E+01 
  -0.9160828E+01 
  -0.9162596E+01 
  -0.9164482E+01 
  -0.9166552E+01 
  -0.9168721E+01 
  -0.9170768E+01 
  -0.9172563E+01 
  -0.9174256E+01 
  -0.9176161E+01 
  -0.9178387E+01 
  -0.9180667E+01 
  -0.9182651E+01 
  -0.9184306E+01 
  -0.9185964E+01 
  -0.9187960E+01 
  -0.9190293E+01 
  -0.9192632E+01 
  -0.9194672E+01 
  -0.9196437E+01 
  -0.9198202E+01 
  -0.9200167E+01 
  -0.9202292E+01 
  -0.9204438E+01 
  -0.9206537E+01 
  -0.9208611E+01 
  -0.9210650E+01 
  -0.9212606E+01 
  -0.9214491E+01 
  -0.9216417E+01 
  -0.9218481E+01 
  -0.9220660E+01 
  -0.9222827E+01 
  -0.9224892E+01 
  -0.9226865E+01 
  -0.9228808E+01 
  -0.9230772E+01 
  -0.9232785E+01 
  -0.9234855E+01 
  -0.9236972E+01 
  -0.9239106E+01 
  -0.9241203E+01 
  -0.9243195E+01 
  -0.9245079E+01 
  -0.9246973E+01 
  -0.9249030E+01 
  -0.9251278E+01 
  -0.9253559E+01 
  -0.9255655E+01 
  -0.9257481E+01 
  -0.9259187E+01 
  -0.9261043E+01 
  -0.9263191E+01 
  -0.9265522E+01 
  -0.9267772E+01 
  -0.9269767E+01 
  -0.9271562E+01 
  -0.9273354E+01 
  -0.9275301E+01 
  -0.9277405E+01 
  -0.9279571E+01 
  -0.9281685E+01 
  -0.9283674E+01 
  -0.9285551E+01 
  -0.9287395E+01 
  -0.9289303E+01 
  -0.9291338E+01 
  -0.9293469E+01 
  -0.9295573E+01 
  -0.9297522E+01 
  -0.9299311E+01 
  -0.9301079E+01 
  -0.9302977E+01 
  -0.9305033E+01 
  -0.9307146E+01 
  -0.9309197E+01 
  -0.9311128E+01 
  -0.9312943E+01 
  -0.9314701E+01 
  -0.9316503E+01 
  -0.9318432E+01 
  -0.9320490E+01 
  -0.9322570E+01 
  -0.9324529E+01 
  -0.9326311E+01 
  -0.9327994E+01 
  -0.9329732E+01 
  -0.9331621E+01 
  -0.9333627E+01 
  -0.9335627E+01 
  -0.9337531E+01 
  -0.9339321E+01 
  -0.9341039E+01 
  -0.9342749E+01 
  -0.9344524E+01 
  -0.9346408E+01 
  -0.9348373E+01 
  -0.9350317E+01 
  -0.9352128E+01 
  -0.9353775E+01 
  -0.9355347E+01 
  -0.9357003E+01 
  -0.9358850E+01 
  -0.9360828E+01 
  -0.9362761E+01 
  -0.9364506E+01 
  -0.9366075E+01 
  -0.9367618E+01 
  -0.9369290E+01 
  -0.9371113E+01 
  -0.9372952E+01 
  -0.9374667E+01 
  -0.9376262E+01 
  -0.9377854E+01 
  -0.9379554E+01 
  -0.9381347E+01 
  -0.9383112E+01 
  -0.9384734E+01 
  -0.9386240E+01 
  -0.9387774E+01 
  -0.9389442E+01 
  -0.9391183E+01 
  -0.9392854E+01 
  -0.9394408E+01 
  -0.9395933E+01 
  -0.9397520E+01 
  -0.9399133E+01 
  -0.9400662E+01 
  -0.9402090E+01 
  -0.9403545E+01 
  -0.9405151E+01 
  -0.9406866E+01 
  -0.9408512E+01 
  -0.9409974E+01 
  -0.9411312E+01 
  -0.9412676E+01 
  -0.9414143E+01 
  -0.9415685E+01 
  -0.9417242E+01 
  -0.9418785E+01 
  -0.9420271E+01 
  -0.9421639E+01 
  -0.9422897E+01 
  -0.9424186E+01 
  -0.9425657E+01 
  -0.9427284E+01 
  -0.9428839E+01 
  -0.9430126E+01 
  -0.9431223E+01 
  -0.9432409E+01 
  -0.9433860E+01 
  -0.9435453E+01 
  -0.9436911E+01 
  -0.9438119E+01 
  -0.9439232E+01 
  -0.9440467E+01 
  -0.9441847E+01 
  -0.9443204E+01 
  -0.9444414E+01 
  -0.9445565E+01 
  -0.9446822E+01 
  -0.9448199E+01 
  -0.9449532E+01 
  -0.9450707E+01 
  -0.9451794E+01 
  -0.9452933E+01 
  -0.9454149E+01 
  -0.9455358E+01 
  -0.9456511E+01 
  -0.9457659E+01 
  -0.9458846E+01 
  -0.9460027E+01 
  -0.9461124E+01 
  -0.9462141E+01 
  -0.9463196E+01 
  -0.9464372E+01 
  -0.9465589E+01 
  -0.9466679E+01 
  -0.9467614E+01 
  -0.9468545E+01 
  -0.9469606E+01 
  -0.9470757E+01 
  -0.9471834E+01 
  -0.9472758E+01 
  -0.9473628E+01 
  -0.9474600E+01 
  -0.9475705E+01 
  -0.9476806E+01 
  -0.9477756E+01 
  -0.9478558E+01 
  -0.9479356E+01 
  -0.9480285E+01 
  -0.9481327E+01 
  -0.9482349E+01 
  -0.9483249E+01 
  -0.9484049E+01 
  -0.9484845E+01 
  -0.9485694E+01 
  -0.9486575E+01 
  -0.9487438E+01 
  -0.9488265E+01 
  -0.9489082E+01 
  -0.9489915E+01 
  -0.9490752E+01 
  -0.9491552E+01 
  -0.9492282E+01 
  -0.9492956E+01 
  -0.9493633E+01 
  -0.9494386E+01 
  -0.9495223E+01 
  -0.9496075E+01 
  -0.9496844E+01 
  -0.9497494E+01 
  -0.9498068E+01 
  -0.9498656E+01 
  -0.9499308E+01 
  -0.9500015E+01 
  -0.9500753E+01 
  -0.9501491E+01 
  -0.9502171E+01 
  -0.9502736E+01 
  -0.9503209E+01 
  -0.9503689E+01 
  -0.9504252E+01 
  -0.9504892E+01 
  -0.9505556E+01 
  -0.9506194E+01 
  -0.9506778E+01 
  -0.9507286E+01 
  -0.9507718E+01 
  -0.9508116E+01 
  -0.9508572E+01 
  -0.9509144E+01 
  -0.9509786E+01 
  -0.9510373E+01 
  -0.9510810E+01 
  -0.9511127E+01 
  -0.9511449E+01 
  -0.9511885E+01 
  -0.9512419E+01 
  -0.9512935E+01 
  -0.9513340E+01 
  -0.9513653E+01 
  -0.9513951E+01 
  -0.9514287E+01 
  -0.9514664E+01 
  -0.9515062E+01 
  -0.9515470E+01 
  -0.9515871E+01 
  -0.9516233E+01 
  -0.9516520E+01 
  -0.9516739E+01 
  -0.9516943E+01 
  -0.9517190E+01 
  -0.9517494E+01 
  -0.9517834E+01 
  -0.9518183E+01 
  -0.9518507E+01 
  -0.9518752E+01 
  -0.9518892E+01 
  -0.9518984E+01 
  -0.9519138E+01 
  -0.9519423E+01 
  -0.9519794E+01 
  -0.9520110E+01 
  -0.9520237E+01 
  -0.9520198E+01 
  -0.9520178E+01 
  -0.9520351E+01 
  -0.9520685E+01 
  -0.9520990E+01 
  -0.9521119E+01 
  -0.9521095E+01 
  -0.9521060E+01 
  -0.9521124E+01 
  -0.9521291E+01 
  -0.9521488E+01 
  -0.9521644E+01 
  -0.9521722E+01 
  -0.9521718E+01 
  -0.9521659E+01 
  -0.9521607E+01 
  -0.9521632E+01 
  -0.9521749E+01 
  -0.9521892E+01 
  -0.9521962E+01 
  -0.9521901E+01 
  -0.9521759E+01 
  -0.9521645E+01 
  -0.9521638E+01 
  -0.9521727E+01 
  -0.9521814E+01 
  -0.9521781E+01 
  -0.9521598E+01 
  -0.9521369E+01 
  -0.9521242E+01 
  -0.9521255E+01 
  -0.9521305E+01 
  -0.9521278E+01 
  -0.9521158E+01 
  -0.9520998E+01 
  -0.9520852E+01 
  -0.9520701E+01 
  -0.9520515E+01 
  -0.9520332E+01 
  -0.9520226E+01 
  -0.9520195E+01 
  -0.9520131E+01 
  -0.9519932E+01 
  -0.9519608E+01 
  -0.9519272E+01 
  -0.9519032E+01 
  -0.9518919E+01 
  -0.9518869E+01 
  -0.9518788E+01 
  -0.9518608E+01 
  -0.9518325E+01 
  -0.9517975E+01 
  -0.9517642E+01 
  -0.9517416E+01 
  -0.9517313E+01 
  -0.9517218E+01 
  -0.9516982E+01 
  -0.9516577E+01 
  -0.9516138E+01 
  -0.9515833E+01 
  -0.9515687E+01 
  -0.9515531E+01 
  -0.9515215E+01 
  -0.9514774E+01 
  -0.9514376E+01 
  -0.9514117E+01 
  -0.9513930E+01 
  -0.9513690E+01 
  -0.9513351E+01 
  -0.9512964E+01 
  -0.9512587E+01 
  -0.9512225E+01 
  -0.9511870E+01 
  -0.9511532E+01 
  -0.9511229E+01 
  -0.9510935E+01 
  -0.9510599E+01 
  -0.9510199E+01 
  -0.9509748E+01 
  -0.9509281E+01 
  -0.9508849E+01 
  -0.9508493E+01 
  -0.9508200E+01 
  -0.9507918E+01 
  -0.9507577E+01 
  -0.9507134E+01 
  -0.9506600E+01 
  -0.9506054E+01 
  -0.9505600E+01 
  -0.9505291E+01 
  -0.9505056E+01 
  -0.9504728E+01 
  -0.9504173E+01 
  -0.9503461E+01 
  -0.9502840E+01 
  -0.9502476E+01 
  -0.9502287E+01 
  -0.9502047E+01 
  -0.9501615E+01 
  -0.9501008E+01 
  -0.9500349E+01 
  -0.9499750E+01 
  -0.9499267E+01 
  -0.9498906E+01 
  -0.9498621E+01 
  -0.9498308E+01 
  -0.9497835E+01 
  -0.9497144E+01 
  -0.9496369E+01 
  -0.9495756E+01 
  -0.9495423E+01 
  -0.9495237E+01 
  -0.9494948E+01 
  -0.9494415E+01 
  -0.9493699E+01 
  -0.9492970E+01 
  -0.9492365E+01 
  -0.9491913E+01 
  -0.9491549E+01 
  -0.9491177E+01 
  -0.9490710E+01 
  -0.9490119E+01 
  -0.9489454E+01 
  -0.9488823E+01 
  -0.9488316E+01 
  -0.9487930E+01 
  -0.9487558E+01 
  -0.9487092E+01 
  -0.9486513E+01 
  -0.9485878E+01 
  -0.9485255E+01 
  -0.9484688E+01 
  -0.9484185E+01 
  -0.9483715E+01 
  -0.9483234E+01 
  -0.9482716E+01 
  -0.9482166E+01 
  -0.9481580E+01 
  -0.9480960E+01 
  -0.9480349E+01 
  -0.9479815E+01 
  -0.9479382E+01 
  -0.9478990E+01 
  -0.9478532E+01 
  -0.9477933E+01 
  -0.9477224E+01 
  -0.9476527E+01 
  -0.9475951E+01 
  -0.9475514E+01 
  -0.9475113E+01 
  -0.9474612E+01 
  -0.9473949E+01 
  -0.9473215E+01 
  -0.9472580E+01 
  -0.9472135E+01 
  -0.9471785E+01 
  -0.9471350E+01 
  -0.9470730E+01 
  -0.9470001E+01 
  -0.9469350E+01 
  -0.9468866E+01 
  -0.9468454E+01 
  -0.9467940E+01 
  -0.9467286E+01 
  -0.9466627E+01 
  -0.9466089E+01 
  -0.9465649E+01 
  -0.9465157E+01 
  -0.9464521E+01 
  -0.9463827E+01 
  -0.9463235E+01 
  -0.9462799E+01 
  -0.9462420E+01 
  -0.9461953E+01 
  -0.9461353E+01 
  -0.9460685E+01 
  -0.9460031E+01 
  -0.9459427E+01 
  -0.9458888E+01 
  -0.9458427E+01 
  -0.9458005E+01 
  -0.9457529E+01 
  -0.9456936E+01 
  -0.9456259E+01 
  -0.9455595E+01 
  -0.9455036E+01 
  -0.9454613E+01 
  -0.9454245E+01 
  -0.9453798E+01 
  -0.9453215E+01 
  -0.9452573E+01 
  -0.9451991E+01 
  -0.9451519E+01 
  -0.9451095E+01 
  -0.9450618E+01 
  -0.9450055E+01 
  -0.9449465E+01 
  -0.9448928E+01 
  -0.9448449E+01 
  -0.9447955E+01 
  -0.9447390E+01 
  -0.9446793E+01 
  -0.9446274E+01 
  -0.9445872E+01 
  -0.9445489E+01 
  -0.9445001E+01 
  -0.9444393E+01 
  -0.9443777E+01 
  -0.9443252E+01 
  -0.9442818E+01 
  -0.9442396E+01 
  -0.9441926E+01 
  -0.9441418E+01 
  -0.9440912E+01 
  -0.9440416E+01 
  -0.9439922E+01 
  -0.9439439E+01 
  -0.9438986E+01 
  -0.9438556E+01 
  -0.9438118E+01 
  -0.9437638E+01 
  -0.9437110E+01 
  -0.9436551E+01 
  -0.9436012E+01 
  -0.9435549E+01 
  -0.9435180E+01 
  -0.9434846E+01 
  -0.9434444E+01 
  -0.9433916E+01 
  -0.9433313E+01 
  -0.9432757E+01 
  -0.9432335E+01 
  -0.9432028E+01 
  -0.9431726E+01 
  -0.9431321E+01 
  -0.9430781E+01 
  -0.9430178E+01 
  -0.9429634E+01 
  -0.9429228E+01 
  -0.9428928E+01 
  -0.9428620E+01 
  -0.9428217E+01 
  -0.9427724E+01 
  -0.9427225E+01 
  -0.9426787E+01 
  -0.9426405E+01 
  -0.9426037E+01 
  -0.9425661E+01 
  -0.9425290E+01 
  -0.9424921E+01 
  -0.9424526E+01 
  -0.9424083E+01 
  -0.9423608E+01 
  -0.9423141E+01 
  -0.9422729E+01 
  -0.9422414E+01 
  -0.9422181E+01 
  -0.9421935E+01 
  -0.9421563E+01 
  -0.9421032E+01 
  -0.9420466E+01 
  -0.9420039E+01 
  -0.9419807E+01 
  -0.9419651E+01 
  -0.9419392E+01 
  -0.9418963E+01 
  -0.9418452E+01 
  -0.9418013E+01 
  -0.9417717E+01 
  -0.9417492E+01 
  -0.9417221E+01 
  -0.9416869E+01 
  -0.9416485E+01 
  -0.9416135E+01 
  -0.9415831E+01 
  -0.9415512E+01 
  -0.9415144E+01 
  -0.9414777E+01 
  -0.9414491E+01 
  -0.9414284E+01 
  -0.9414055E+01 
  -0.9413719E+01 
  -0.9413297E+01 
  -0.9412907E+01 
  -0.9412638E+01 
  -0.9412451E+01 
  -0.9412248E+01 
  -0.9411973E+01 
  -0.9411642E+01 
  -0.9411301E+01 
  -0.9410980E+01 
  -0.9410693E+01 
  -0.9410431E+01 
  -0.9410186E+01 
  -0.9409958E+01 
  -0.9409737E+01 
  -0.9409510E+01 
  -0.9409265E+01 
  -0.9408984E+01 
  -0.9408641E+01 
  -0.9408272E+01 
  -0.9407985E+01 
  -0.9407856E+01 
  -0.9407812E+01 
  -0.9407691E+01 
  -0.9407418E+01 
  -0.9407064E+01 
  -0.9406760E+01 
  -0.9406565E+01 
  -0.9406428E+01 
  -0.9406286E+01 
  -0.9406124E+01 
  -0.9405933E+01 
  -0.9405673E+01 
  -0.9405324E+01 
  -0.9404981E+01 
  -0.9404807E+01 
  -0.9404842E+01 
  -0.9404894E+01 
  -0.9404736E+01 
  -0.9404353E+01 
  -0.9403974E+01 
  -0.9403801E+01 
  -0.9403801E+01 
  -0.9403789E+01 
  -0.9403633E+01 
  -0.9403370E+01 
  -0.9403114E+01 
  -0.9402920E+01 
  -0.9402761E+01 
  -0.9402616E+01 
  -0.9402524E+01 
  -0.9402507E+01 
  -0.9402507E+01 
  -0.9402417E+01 
  -0.9402174E+01 
  -0.9401838E+01 
  -0.9401585E+01 
  -0.9401541E+01 
  -0.9401640E+01 
  -0.9401674E+01 
  -0.9401513E+01 
  -0.9401241E+01 
  -0.9401035E+01 
  -0.9400961E+01 
  -0.9400927E+01 
  -0.9400845E+01 
  -0.9400765E+01 
  -0.9400779E+01 
  -0.9400841E+01 
  -0.9400769E+01 
  -0.9400488E+01 
  -0.9400154E+01 
  -0.9399997E+01 
  -0.9400083E+01 
  -0.9400272E+01 
  -0.9400355E+01 
  -0.9400231E+01 
  -0.9399970E+01 
  -0.9399734E+01 
  -0.9399644E+01 
  -0.9399700E+01 
  -0.9399811E+01 
  -0.9399872E+01 
  -0.9399827E+01 
  -0.9399687E+01 
  -0.9399525E+01 
  -0.9399423E+01 
  -0.9399408E+01 
  -0.9399436E+01 
  -0.9399458E+01 
  -0.9399476E+01 
  -0.9399503E+01 
  -0.9399496E+01 
  -0.9399396E+01 
  -0.9399215E+01 
  -0.9399066E+01 
  -0.9399081E+01 
  -0.9399282E+01 
  -0.9399508E+01 
  -0.9399549E+01 
  -0.9399351E+01 
  -0.9399083E+01 
  -0.9398964E+01 
  -0.9399072E+01 
  -0.9399294E+01 
  -0.9399455E+01 
  -0.9399454E+01 
  -0.9399302E+01 
  -0.9399090E+01 
  -0.9398959E+01 
  -0.9399019E+01 
  -0.9399260E+01 
  -0.9399521E+01 
  -0.9399599E+01 
  -0.9399446E+01 
  -0.9399232E+01 
  -0.9399186E+01 
  -0.9399354E+01 
  -0.9399551E+01 
  -0.9399575E+01 
  -0.9399433E+01 
  -0.9399313E+01 
  -0.9399359E+01 
  -0.9399512E+01 
  -0.9399599E+01 
  -0.9399557E+01 
  -0.9399500E+01 
  -0.9399575E+01 
  -0.9399747E+01 
  -0.9399848E+01 
  -0.9399782E+01 
  -0.9399635E+01 
  -0.9399566E+01 
  -0.9399647E+01 
  -0.9399805E+01 
  -0.9399933E+01 
  -0.9399979E+01 
  -0.9399951E+01 
  -0.9399884E+01 
  -0.9399845E+01 
  -0.9399909E+01 
  -0.9400077E+01 
  -0.9400245E+01 
  -0.9400290E+01 
  -0.9400186E+01 
  -0.9400045E+01 
  -0.9400011E+01 
  -0.9400125E+01 
  -0.9400291E+01 
  -0.9400385E+01 
  -0.9400381E+01 
  -0.9400330E+01 
  -0.9400295E+01 
  -0.9400301E+01 
  -0.9400349E+01 
  -0.9400440E+01 
  -0.9400553E+01 
  -0.9400628E+01 
  -0.9400620E+01 
  -0.9400547E+01 
  -0.9400464E+01 
  -0.9400414E+01 
  -0.9400438E+01 
  -0.9400560E+01 
  -0.9400743E+01 
  -0.9400878E+01 
  -0.9400867E+01 
  -0.9400714E+01 
  -0.9400539E+01 
  -0.9400492E+01 
  -0.9400630E+01 
  -0.9400842E+01 
  -0.9400949E+01 
  -0.9400874E+01 
  -0.9400688E+01 
  -0.9400530E+01 
  -0.9400496E+01 
  -0.9400589E+01 
  -0.9400725E+01 
  -0.9400798E+01 
  -0.9400757E+01 
  -0.9400642E+01 
  -0.9400542E+01 
  -0.9400524E+01 
  -0.9400582E+01 
  -0.9400652E+01 
  -0.9400670E+01 
  -0.9400621E+01 
  -0.9400551E+01 
  -0.9400501E+01 
  -0.9400492E+01 
  -0.9400502E+01 
  -0.9400493E+01 
  -0.9400427E+01 
  -0.9400317E+01 
  -0.9400236E+01 
  -0.9400246E+01 
  -0.9400316E+01 
  -0.9400332E+01 
  -0.9400208E+01 
  -0.9400001E+01 
  -0.9399864E+01 
  -0.9399887E+01 
  -0.9399998E+01 
  -0.9400036E+01 
  -0.9399921E+01 
  -0.9399725E+01 
  -0.9399579E+01 
  -0.9399538E+01 
  -0.9399536E+01 
  -0.9399472E+01 
  -0.9399327E+01 
  -0.9399168E+01 
  -0.9399066E+01 
  -0.9399010E+01 
  -0.9398959E+01 
  -0.9398910E+01 
  -0.9398876E+01 
  -0.9398816E+01 
  -0.9398673E+01 
  -0.9398469E+01 
  -0.9398306E+01 
  -0.9398247E+01 
  -0.9398232E+01 
  -0.9398151E+01 
  -0.9397963E+01 
  -0.9397731E+01 
  -0.9397554E+01 
  -0.9397475E+01 
  -0.9397444E+01 
  -0.9397390E+01 
  -0.9397278E+01 
  -0.9397115E+01 
  -0.9396924E+01 
  -0.9396736E+01 
  -0.9396582E+01 
  -0.9396473E+01 
  -0.9396369E+01 
  -0.9396212E+01 
  -0.9395994E+01 
  -0.9395778E+01 
  -0.9395621E+01 
  -0.9395517E+01 
  -0.9395425E+01 
  -0.9395293E+01 
  -0.9395107E+01 
  -0.9394887E+01 
  -0.9394656E+01 
  -0.9394422E+01 
  -0.9394203E+01 
  -0.9394038E+01 
  -0.9393943E+01 
  -0.9393851E+01 
  -0.9393680E+01 
  -0.9393409E+01 
  -0.9393108E+01 
  -0.9392862E+01 
  -0.9392702E+01 
  -0.9392585E+01 
  -0.9392449E+01 
  -0.9392272E+01 
  -0.9392061E+01 
  -0.9391825E+01 
  -0.9391556E+01 
  -0.9391260E+01 
  -0.9390973E+01 
  -0.9390773E+01 
  -0.9390688E+01 
  -0.9390651E+01 
  -0.9390528E+01 
  -0.9390240E+01 
  -0.9389823E+01 
  -0.9389420E+01 
  -0.9389167E+01 
  -0.9389080E+01 
  -0.9389053E+01 
  -0.9388938E+01 
  -0.9388660E+01 
  -0.9388274E+01 
  -0.9387918E+01 
  -0.9387685E+01 
  -0.9387547E+01 
  -0.9387407E+01 
  -0.9387199E+01 
  -0.9386931E+01 
  -0.9386646E+01 
  -0.9386363E+01 
  -0.9386062E+01 
  -0.9385750E+01 
  -0.9385484E+01 
  -0.9385308E+01 
  -0.9385187E+01 
  -0.9385025E+01 
  -0.9384751E+01 
  -0.9384382E+01 
  -0.9384003E+01 
  -0.9383694E+01 
  -0.9383491E+01 
  -0.9383372E+01 
  -0.9383245E+01 
